
Gurobi 8.1.1 (mac64, Python) logging started Tue Jul 30 16:26:12 2019

Academic license - for non-commercial use only

Gurobi 8.1.1 (mac64, Python) logging started Tue Jul 30 16:32:48 2019

Academic license - for non-commercial use only

Gurobi 8.1.1 (mac64, Python) logging started Tue Jul 30 16:34:58 2019

Academic license - for non-commercial use only

Gurobi 8.1.1 (mac64, Python) logging started Tue Jul 30 16:36:03 2019

Academic license - for non-commercial use only

Gurobi 8.1.1 (mac64, Python) logging started Wed Jul 31 14:45:18 2019

Academic license - for non-commercial use only

Gurobi 8.1.1 (mac64, Python) logging started Wed Jul 31 14:47:15 2019

Academic license - for non-commercial use only

Gurobi 8.1.1 (mac64, Python) logging started Wed Jul 31 14:49:18 2019

Academic license - for non-commercial use only
Optimize a model with 25100 rows, 35805 columns and 184514 nonzeros
Variable types: 10619 continuous, 25186 integer (25186 binary)
Coefficient statistics:
  Matrix range     [2e-02, 2e+09]
  Objective range  [1e+00, 7e+02]
  Bounds range     [1e+00, 1e+00]
  RHS range        [1e+00, 3e+04]
Warning: Model contains large matrix coefficients
         Consider reformulating model or setting NumericFocus parameter
         to avoid numerical issues.
Presolve removed 12086 rows and 15593 columns
Presolve time: 1.66s
Presolved: 13014 rows, 20212 columns, 84817 nonzeros
Variable types: 4200 continuous, 16012 integer (15694 binary)
Found heuristic solution: objective 1344.5117584
Found heuristic solution: objective 4465.2249981

Root simplex log...

Iteration    Objective       Primal Inf.    Dual Inf.      Time
   27446    1.8847440e+05   2.700850e+06   0.000000e+00      5s
   34052    1.2230261e+05   3.673302e+05   0.000000e+00     10s
   39452    7.5105966e+04   3.265175e+04   0.000000e+00     15s
   44899    3.5188801e+04   9.140739e+02   0.000000e+00     20s
   46176    1.2863492e+04   0.000000e+00   0.000000e+00     21s

Root relaxation: objective 1.286349e+04, 46176 iterations, 19.12 seconds

    Nodes    |    Current Node    |     Objective Bounds      |     Work
 Expl Unexpl |  Obj  Depth IntInf | Incumbent    BestBd   Gap | It/Node Time

     0     0 12863.4918    0  598 4465.22500 12863.4918   188%     -   21s
H    0     0                    9192.5668320 12863.4918  39.9%     -   21s
     0     0 12826.5854    0  524 9192.56683 12826.5854  39.5%     -   21s
H    0     0                    9192.5669178 12826.5854  39.5%     -   21s
     0     0 12772.4822    0  556 9192.56692 12772.4822  38.9%     -   22s
     0     0 12772.4056    0  556 9192.56692 12772.4056  38.9%     -   22s
     0     0 12708.8845    0  640 9192.56692 12708.8845  38.3%     -   23s
     0     0 12708.8496    0  640 9192.56692 12708.8496  38.3%     -   23s
     0     0 12671.2226    0  600 9192.56692 12671.2226  37.8%     -   23s
H    0     0                    10188.858181 12671.2226  24.4%     -   23s
     0     0 12671.2148    0  627 10188.8582 12671.2148  24.4%     -   23s
     0     0 12667.0431    0  643 10188.8582 12667.0431  24.3%     -   23s
     0     0 12667.0162    0  643 10188.8582 12667.0162  24.3%     -   23s
     0     0 12666.9840    0  643 10188.8582 12666.9840  24.3%     -   23s
     0     0 12666.9518    0  643 10188.8582 12666.9518  24.3%     -   23s
     0     0 12666.9361    0  684 10188.8582 12666.9361  24.3%     -   24s
     0     0 12663.7620    0  659 10188.8582 12663.7620  24.3%     -   24s
H    0     0                    10377.450323 12663.7620  22.0%     -   24s
H    0     0                    10414.744133 12663.7620  21.6%     -   24s
     0     0 12663.7366    0  650 10414.7441 12663.7366  21.6%     -   24s
     0     0 12663.7360    0  650 10414.7441 12663.7360  21.6%     -   24s
     0     0 12656.8556    0  755 10414.7441 12656.8556  21.5%     -   24s
     0     0 12656.3095    0  718 10414.7441 12656.3095  21.5%     -   24s
     0     0 12656.3095    0  720 10414.7441 12656.3095  21.5%     -   24s
     0     0 12656.3095    0  720 10414.7441 12656.3095  21.5%     -   47s
H    0     0                    11257.100953 12656.3095  12.4%     -   47s
H    0     0                    11257.100954 12656.3095  12.4%     -   48s
     0     2 12656.3095    0  720 11257.1010 12656.3095  12.4%     -   48s
     1     4 12648.2626    1  665 11257.1010 12648.2626  12.4%  67.0   64s
     3     6 12643.9319    2  782 11257.1010 12643.9319  12.3%  78.0   71s
     5     8 12635.5564    3  820 11257.1010 12635.5564  12.2%  62.4   75s
     9    10 12627.3075    5  702 11257.1010 12633.5186  12.2%  49.4   80s
    15    16 12617.4866    8  710 11257.1010 12633.5186  12.2%  37.2   87s
    22    24 12606.9475   11  695 11257.1010 12633.5186  12.2%  39.8   91s
    26    25 12595.9032   13  652 11257.1010 12633.5186  12.2%  44.3   95s
H   27    25                    11270.197432 12633.5186  12.1%  42.6   95s
    31    30 12584.3286   15  643 11270.1974 12633.5186  12.1%  48.3  102s
    41    41 12566.2170   21  665 11270.1974 12633.5186  12.1%  42.3  108s
    46    44 12497.0248   22  545 11270.1974 12633.5186  12.1%  45.7  111s
H   55    54                    11533.305202 12633.5186  9.54%  40.6  116s
    58    56 12544.9662   26  582 11533.3052 12633.5186  9.54%  41.4  123s
    63    61 12543.0234   29  514 11533.3052 12633.5186  9.54%  41.1  128s
    71    67     cutoff   33      11533.3052 12633.5186  9.54%  43.9  144s
    77    71 12503.4807   37  737 11533.3052 12633.5186  9.54%  45.7  149s
    89    83 12475.9387   43  783 11533.3052 12633.5186  9.54%  48.8  153s
    96    86 12446.9048   47  657 11533.3052 12633.5186  9.54%  51.8  156s
H  106    88                    11533.305240 12633.5186  9.54%  49.5  159s
H  116    97                    11820.259018 12633.5186  6.88%  52.6  164s
   126   102 12020.7747   58  450 11820.2590 12633.5186  6.88%  57.6  167s
   142   116 12353.3202   68  674 11820.2590 12633.5186  6.88%  54.4  171s
H  145   116                    11820.259048 12633.5186  6.88%  53.4  171s
   164   136 12309.4883   77  549 11820.2590 12633.5186  6.88%  51.5  176s
H  188   156                    11820.259078 12633.5186  6.88%  48.5  179s
   220   168     cutoff  106      11820.2591 12633.5186  6.88%  47.4  182s
H  236   168                    11820.259107 12633.5186  6.88%  45.1  182s
   262   186 11980.8514  125  479 11820.2591 12614.6923  6.72%  45.5  185s
H  293   198                    11820.259135 12614.6923  6.72%  44.0  187s
H  384   236                    11820.259162 12612.9201  6.71%  39.4  189s
   392   247 12397.8664   10  609 11820.2592 12584.3286  6.46%  40.1  191s
H  411   247                    11820.259189 12584.3286  6.46%  39.1  191s
H  509   307                    11820.259216 12584.3286  6.46%  35.0  193s
   532   325 11909.9070   78  271 11820.2592 12553.3463  6.20%  35.0  196s
H  536   325                    11820.259239 12553.3463  6.20%  34.8  196s
H  637   375                    11820.259262 12553.3463  6.20%  34.6  199s
   695   425 12138.1550   79  434 11820.2593 12541.4330  6.10%  33.9  201s
H  713   425                    11820.259283 12541.4330  6.10%  33.4  201s
   751   472 12322.9737   19  720 11820.2593 12541.4330  6.10%  33.1  227s
   753   473 12142.2764   31  482 11820.2593 12541.4330  6.10%  33.0  230s
   772   486 12084.0172    9  717 11820.2593 12312.2911  4.16%  32.2  235s
   780   491 12108.7752   39  720 11820.2593 12297.5004  4.04%  31.9  252s
   783   494 12291.7613   14  753 11820.2593 12291.7613  3.99%  29.2  283s
   785   495 12277.1631   15  786 11820.2593 12277.1631  3.87%  29.4  286s
   793   493 11868.7856   17  605 11820.2593 12253.2473  3.66%  30.0  290s
   804   491 12071.1930   18  624 11820.2593 12216.6342  3.35%  30.8  297s
   811   490 11851.0432   22  532 11820.2593 12215.9378  3.35%  30.9  300s
   837   487 12052.8794   24  572 11820.2593 12193.3605  3.16%  31.3  305s
   878   489 11937.8099   39  592 11820.2593 12192.5792  3.15%  32.4  310s
   912   473 infeasible   28      11820.2593 12132.0522  2.64%  33.5  316s
  1027   422 11822.6597   62  456 11820.2593 11923.2905  0.87%  32.6  320s
  1084   399     cutoff   62      11820.2593 11868.8399  0.41%  31.8  325s

Cutting planes:
  Gomory: 29
  Cover: 4
  Implied bound: 1
  MIR: 19
  Flow cover: 20
  GUB cover: 13
  Zero half: 1

Explored 1129 nodes (107197 simplex iterations) in 326.45 seconds
Thread count was 4 (of 4 available processors)

Solution count 10: 11820.3 11820.3 11820.3 ... 11820.3
No other solutions better than 11820.3

Optimal solution found (tolerance 1.00e-04)
Best objective 1.182025929610e+04, best bound 1.182025929610e+04, gap 0.0000%
Warning: variable name "x[XSZH@Mon19:00:00,XSB@Mon19:53:00,0]" has a colon
Warning: constraint name "mass_bal_XSZH@Mon19:00:00_0" has a colon
Warning: to let Gurobi read it back, use rlp format

Gurobi 8.1.1 (mac64, Python) logging started Fri Aug  2 11:46:14 2019

Academic license - for non-commercial use only

Gurobi 8.1.1 (mac64, Python) logging started Fri Aug  2 11:47:23 2019

Academic license - for non-commercial use only
Optimize a model with 24963 rows, 35587 columns and 184505 nonzeros
Variable types: 10580 continuous, 25007 integer (25007 binary)
Coefficient statistics:
  Matrix range     [2e-02, 2e+09]
  Objective range  [1e+00, 7e+02]
  Bounds range     [1e+00, 1e+00]
  RHS range        [1e+00, 3e+04]
Warning: Model contains large matrix coefficients
         Consider reformulating model or setting NumericFocus parameter
         to avoid numerical issues.
Found heuristic solution: objective -0.0000000
Presolve removed 12067 rows and 15347 columns
Presolve time: 0.48s
Presolved: 12896 rows, 20240 columns, 83372 nonzeros
Variable types: 3998 continuous, 16242 integer (15939 binary)

Root simplex log...

Iteration    Objective       Primal Inf.    Dual Inf.      Time
   32502    1.2195295e+05   8.628886e+06   0.000000e+00      5s
   43039    2.6227701e+04   7.274471e+03   0.000000e+00     10s
   44930    1.2815933e+04   0.000000e+00   0.000000e+00     11s

Root relaxation: objective 1.281593e+04, 44930 iterations, 10.36 seconds

    Nodes    |    Current Node    |     Objective Bounds      |     Work
 Expl Unexpl |  Obj  Depth IntInf | Incumbent    BestBd   Gap | It/Node Time

     0     0 12815.9326    0  577   -0.00000 12815.9326      -     -   10s
H    0     0                    6556.1605286 12815.9326  95.5%     -   11s
     0     0 12766.6373    0  548 6556.16053 12766.6373  94.7%     -   11s
H    0     0                    6635.2087132 12766.6373  92.4%     -   11s
     0     0 12713.2506    0  706 6635.20871 12713.2506  91.6%     -   11s
     0     0 12708.2000    0  707 6635.20871 12708.2000  91.5%     -   11s
     0     0 12580.3238    0  546 6635.20871 12580.3238  89.6%     -   11s
     0     0 12564.5860    0  548 6635.20871 12564.5860  89.4%     -   12s
     0     0 12394.5471    0  713 6635.20871 12394.5471  86.8%     -   12s
     0     0 12394.5471    0  471 6635.20871 12394.5471  86.8%     -   17s
H    0     0                    7316.5620090 12394.5471  69.4%     -   17s
     0     0 12394.5471    0  688 7316.56201 12394.5471  69.4%     -   17s
     0     0 12394.5471    0  622 7316.56201 12394.5471  69.4%     -   17s
     0     0 12240.7716    0  619 7316.56201 12240.7716  67.3%     -   18s
     0     0 12121.6216    0  499 7316.56201 12121.6216  65.7%     -   18s
     0     0 12118.5907    0  500 7316.56201 12118.5907  65.6%     -   18s
     0     0 11611.5653    0  597 7316.56201 11611.5653  58.7%     -   18s
H    0     0                    8006.0502508 11611.5653  45.0%     -   18s
     0     0 11611.4216    0  622 8006.05025 11611.4216  45.0%     -   18s
     0     0 11498.5002    0  511 8006.05025 11498.5002  43.6%     -   18s
     0     0 11457.0993    0  508 8006.05025 11457.0993  43.1%     -   18s
     0     0 11456.6358    0  509 8006.05025 11456.6358  43.1%     -   18s
     0     0 11456.3637    0  498 8006.05025 11456.3637  43.1%     -   18s
     0     0 11456.1758    0  498 8006.05025 11456.1758  43.1%     -   18s
     0     0 11456.0261    0  478 8006.05025 11456.0261  43.1%     -   18s
     0     0 11290.0398    0  494 8006.05025 11290.0398  41.0%     -   18s
     0     0 11287.0751    0  480 8006.05025 11287.0751  41.0%     -   18s
     0     0 11286.9762    0  480 8006.05025 11286.9762  41.0%     -   18s
     0     0 10984.6594    0  393 8006.05025 10984.6594  37.2%     -   18s
     0     0 10967.8556    0  466 8006.05025 10967.8556  37.0%     -   18s
     0     0 10967.4421    0  468 8006.05025 10967.4421  37.0%     -   18s
     0     0 10967.3622    0  468 8006.05025 10967.3622  37.0%     -   18s
     0     0 10526.7288    0  438 8006.05025 10526.7288  31.5%     -   18s
     0     0 10500.7600    0  494 8006.05025 10500.7600  31.2%     -   18s
     0     0 10484.9800    0  533 8006.05025 10484.9800  31.0%     -   18s
     0     0 10484.8346    0  533 8006.05025 10484.8346  31.0%     -   18s
     0     0 10237.7360    0  541 8006.05025 10237.7360  27.9%     -   18s
     0     0 10235.8672    0  541 8006.05025 10235.8672  27.9%     -   19s
     0     0 10235.3716    0  544 8006.05025 10235.3716  27.8%     -   19s
     0     0 10235.1989    0  544 8006.05025 10235.1989  27.8%     -   19s
     0     0 10086.0386    0  546 8006.05025 10086.0386  26.0%     -   19s
     0     0 10066.3099    0  627 8006.05025 10066.3099  25.7%     -   19s
     0     0 10066.2774    0  627 8006.05025 10066.2774  25.7%     -   19s
     0     0 9615.12598    0  435 8006.05025 9615.12598  20.1%     -   19s
     0     0 9568.82385    0  442 8006.05025 9568.82385  19.5%     -   19s
     0     0 9568.82385    0  441 8006.05025 9568.82385  19.5%     -   19s
     0     0 9434.73379    0  331 8006.05025 9434.73379  17.8%     -   19s
     0     0 9434.58379    0  330 8006.05025 9434.58379  17.8%     -   19s
     0     0 9417.37612    0  341 8006.05025 9417.37612  17.6%     -   19s
     0     0 9405.54855    0  379 8006.05025 9405.54855  17.5%     -   19s
     0     0 9300.21804    0  329 8006.05025 9300.21804  16.2%     -   19s
     0     0 9279.65852    0  279 8006.05025 9279.65852  15.9%     -   19s
     0     0 9229.80952    0  383 8006.05025 9229.80952  15.3%     -   19s
H    0     0                    8222.0502508 9229.80952  12.3%     -   19s
     0     0 9229.73845    0  384 8222.05025 9229.73845  12.3%     -   19s
     0     0 9217.72752    0  333 8222.05025 9217.72752  12.1%     -   19s
     0     0 9126.08190    0  329 8222.05025 9126.08190  11.0%     -   20s
     0     0 9126.05462    0  329 8222.05025 9126.05462  11.0%     -   20s
     0     0 9027.17443    0  450 8222.05025 9027.17443  9.79%     -   20s
     0     0 9025.24386    0  451 8222.05025 9025.24386  9.77%     -   20s
     0     0 9024.97771    0  451 8222.05025 9024.97771  9.77%     -   20s
     0     0 9009.81538    0  484 8222.05025 9009.81538  9.58%     -   20s
     0     0 8994.40171    0  579 8222.05025 8994.40171  9.39%     -   20s
     0     0 8994.31738    0  579 8222.05025 8994.31738  9.39%     -   20s
     0     0 8932.10247    0  300 8222.05025 8932.10247  8.64%     -   20s
H    0     0                    8372.8796023 8932.10247  6.68%     -   20s
     0     0 8931.83199    0  299 8372.87960 8931.83199  6.68%     -   20s
     0     0 8928.96363    0  397 8372.87960 8928.96363  6.64%     -   20s
     0     0 8928.96363    0  397 8372.87960 8928.96363  6.64%     -   23s
     0     2 8928.96363    0  397 8372.87960 8928.96363  6.64%     -   24s
     1     2 8914.73023    1  455 8372.87960 8914.73023  6.47%  34.0   25s
H   19     8                    8383.6540399 8899.10362  6.15%  28.3   29s
    22     7 8844.02052   11  333 8383.65404 8899.10362  6.15%  28.5   30s
H   86    11                    8393.9520478 8838.23499  5.29%  27.2   33s
   104    13     cutoff   41      8393.95205 8838.23499  5.29%  26.2   35s

Cutting planes:
  Gomory: 5
  Cover: 3
  Implied bound: 7
  MIR: 31
  GUB cover: 52
  Zero half: 3

Explored 159 nodes (72544 simplex iterations) in 37.18 seconds
Thread count was 4 (of 4 available processors)

Solution count 9: 8393.95 8383.65 8372.88 ... -0

Optimal solution found (tolerance 1.00e-04)
Best objective 8.393952047797e+03, best bound 8.393952047797e+03, gap 0.0000%
Warning: variable name "x[XSZH@19:00:00,XSB@19:53:00,0]" has a colon
Warning: constraint name "mass_bal_XSZH@19:00:00_0" has a colon
Warning: to let Gurobi read it back, use rlp format

Gurobi 8.1.1 (mac64, Python) logging started Fri Aug  2 11:54:07 2019

Academic license - for non-commercial use only
Optimize a model with 24963 rows, 35587 columns and 184505 nonzeros
Variable types: 10580 continuous, 25007 integer (25007 binary)
Coefficient statistics:
  Matrix range     [2e-02, 2e+09]
  Objective range  [1e+00, 7e+02]
  Bounds range     [1e+00, 1e+00]
  RHS range        [1e+00, 3e+04]
Warning: Model contains large matrix coefficients
         Consider reformulating model or setting NumericFocus parameter
         to avoid numerical issues.
Found heuristic solution: objective -0.0000000
Presolve removed 12067 rows and 15347 columns
Presolve time: 0.43s
Presolved: 12896 rows, 20240 columns, 83372 nonzeros
Variable types: 3998 continuous, 16242 integer (15939 binary)

Root simplex log...

Iteration    Objective       Primal Inf.    Dual Inf.      Time
   32612    1.2111390e+05   1.092021e+06   0.000000e+00      5s
   43039    2.6227701e+04   7.274471e+03   0.000000e+00     10s
   44930    1.2815933e+04   0.000000e+00   0.000000e+00     11s

Root relaxation: objective 1.281593e+04, 44930 iterations, 10.40 seconds

    Nodes    |    Current Node    |     Objective Bounds      |     Work
 Expl Unexpl |  Obj  Depth IntInf | Incumbent    BestBd   Gap | It/Node Time

     0     0 12815.9326    0  577   -0.00000 12815.9326      -     -   10s
H    0     0                    6556.1605286 12815.9326  95.5%     -   11s
     0     0 12766.6373    0  548 6556.16053 12766.6373  94.7%     -   11s
H    0     0                    6635.2087132 12766.6373  92.4%     -   11s
     0     0 12713.2506    0  706 6635.20871 12713.2506  91.6%     -   11s
     0     0 12708.2000    0  707 6635.20871 12708.2000  91.5%     -   11s
     0     0 12580.3238    0  546 6635.20871 12580.3238  89.6%     -   11s
     0     0 12564.5860    0  548 6635.20871 12564.5860  89.4%     -   12s
     0     0 12394.5471    0  713 6635.20871 12394.5471  86.8%     -   12s
     0     0 12394.5471    0  471 6635.20871 12394.5471  86.8%     -   17s
H    0     0                    7316.5620090 12394.5471  69.4%     -   17s
     0     0 12394.5471    0  688 7316.56201 12394.5471  69.4%     -   17s
     0     0 12394.5471    0  622 7316.56201 12394.5471  69.4%     -   17s
     0     0 12240.7716    0  619 7316.56201 12240.7716  67.3%     -   17s
     0     0 12121.6216    0  499 7316.56201 12121.6216  65.7%     -   17s
     0     0 12118.5907    0  500 7316.56201 12118.5907  65.6%     -   17s
     0     0 11611.5653    0  597 7316.56201 11611.5653  58.7%     -   18s
H    0     0                    8006.0502508 11611.5653  45.0%     -   18s
     0     0 11611.4216    0  622 8006.05025 11611.4216  45.0%     -   18s
     0     0 11498.5002    0  511 8006.05025 11498.5002  43.6%     -   18s
     0     0 11457.0993    0  508 8006.05025 11457.0993  43.1%     -   18s
     0     0 11456.6358    0  509 8006.05025 11456.6358  43.1%     -   18s
     0     0 11456.3637    0  498 8006.05025 11456.3637  43.1%     -   18s
     0     0 11456.1758    0  498 8006.05025 11456.1758  43.1%     -   18s
     0     0 11456.0261    0  478 8006.05025 11456.0261  43.1%     -   18s
     0     0 11290.0398    0  494 8006.05025 11290.0398  41.0%     -   18s
     0     0 11287.0751    0  480 8006.05025 11287.0751  41.0%     -   18s
     0     0 11286.9762    0  480 8006.05025 11286.9762  41.0%     -   18s
     0     0 10984.6594    0  393 8006.05025 10984.6594  37.2%     -   18s
     0     0 10967.8556    0  466 8006.05025 10967.8556  37.0%     -   18s
     0     0 10967.4421    0  468 8006.05025 10967.4421  37.0%     -   18s
     0     0 10967.3622    0  468 8006.05025 10967.3622  37.0%     -   18s
     0     0 10526.7288    0  438 8006.05025 10526.7288  31.5%     -   18s
     0     0 10500.7600    0  494 8006.05025 10500.7600  31.2%     -   18s
     0     0 10484.9800    0  533 8006.05025 10484.9800  31.0%     -   18s
     0     0 10484.8346    0  533 8006.05025 10484.8346  31.0%     -   18s
     0     0 10237.7360    0  541 8006.05025 10237.7360  27.9%     -   18s
     0     0 10235.8672    0  541 8006.05025 10235.8672  27.9%     -   18s
     0     0 10235.3716    0  544 8006.05025 10235.3716  27.8%     -   18s
     0     0 10235.1989    0  544 8006.05025 10235.1989  27.8%     -   19s
     0     0 10086.0386    0  546 8006.05025 10086.0386  26.0%     -   19s
     0     0 10066.3099    0  627 8006.05025 10066.3099  25.7%     -   19s
     0     0 10066.2774    0  627 8006.05025 10066.2774  25.7%     -   19s
     0     0 9615.12598    0  435 8006.05025 9615.12598  20.1%     -   19s
     0     0 9568.82385    0  442 8006.05025 9568.82385  19.5%     -   19s
     0     0 9568.82385    0  441 8006.05025 9568.82385  19.5%     -   19s
     0     0 9434.73379    0  331 8006.05025 9434.73379  17.8%     -   19s
     0     0 9434.58379    0  330 8006.05025 9434.58379  17.8%     -   19s
     0     0 9417.37612    0  341 8006.05025 9417.37612  17.6%     -   19s
     0     0 9405.54855    0  379 8006.05025 9405.54855  17.5%     -   19s
     0     0 9300.21804    0  329 8006.05025 9300.21804  16.2%     -   19s
     0     0 9279.65852    0  279 8006.05025 9279.65852  15.9%     -   19s
     0     0 9229.80952    0  383 8006.05025 9229.80952  15.3%     -   19s
H    0     0                    8222.0502508 9229.80952  12.3%     -   19s
     0     0 9229.73845    0  384 8222.05025 9229.73845  12.3%     -   20s
     0     0 9217.72752    0  333 8222.05025 9217.72752  12.1%     -   20s
     0     0 9126.08190    0  329 8222.05025 9126.08190  11.0%     -   20s
     0     0 9126.05462    0  329 8222.05025 9126.05462  11.0%     -   20s
     0     0 9027.17443    0  450 8222.05025 9027.17443  9.79%     -   20s
     0     0 9025.24386    0  451 8222.05025 9025.24386  9.77%     -   20s
     0     0 9024.97771    0  451 8222.05025 9024.97771  9.77%     -   20s
     0     0 9009.81538    0  484 8222.05025 9009.81538  9.58%     -   20s
     0     0 8994.40171    0  579 8222.05025 8994.40171  9.39%     -   20s
     0     0 8994.31738    0  579 8222.05025 8994.31738  9.39%     -   20s
     0     0 8932.10247    0  300 8222.05025 8932.10247  8.64%     -   20s
H    0     0                    8372.8796023 8932.10247  6.68%     -   20s
     0     0 8931.83199    0  299 8372.87960 8931.83199  6.68%     -   20s
     0     0 8928.96363    0  397 8372.87960 8928.96363  6.64%     -   20s
     0     0 8928.96363    0  397 8372.87960 8928.96363  6.64%     -   23s
     0     2 8928.96363    0  397 8372.87960 8928.96363  6.64%     -   24s
     1     2 8914.73023    1  455 8372.87960 8914.73023  6.47%  34.0   25s
H   19     8                    8383.6540399 8899.10362  6.15%  28.3   29s
    22     7 8844.02052   11  333 8383.65404 8899.10362  6.15%  28.5   30s
H   86    11                    8393.9520478 8838.23499  5.29%  27.2   33s
   104    13     cutoff   41      8393.95205 8838.23499  5.29%  26.2   35s

Cutting planes:
  Gomory: 5
  Cover: 3
  Implied bound: 7
  MIR: 31
  GUB cover: 52
  Zero half: 3

Explored 159 nodes (72544 simplex iterations) in 37.34 seconds
Thread count was 4 (of 4 available processors)

Solution count 9: 8393.95 8383.65 8372.88 ... -0

Optimal solution found (tolerance 1.00e-04)
Best objective 8.393952047797e+03, best bound 8.393952047797e+03, gap 0.0000%
Warning: variable name "x[XSZH@19:00:00,XSB@19:53:00,0]" has a colon
Warning: constraint name "mass_bal_XSZH@19:00:00_0" has a colon
Warning: to let Gurobi read it back, use rlp format

Gurobi 8.1.1 (mac64, Python) logging started Fri Aug  2 12:11:59 2019

Academic license - for non-commercial use only
Optimize a model with 24963 rows, 35587 columns and 184505 nonzeros
Variable types: 10580 continuous, 25007 integer (25007 binary)
Coefficient statistics:
  Matrix range     [2e-02, 2e+09]
  Objective range  [1e+00, 7e+02]
  Bounds range     [1e+00, 1e+00]
  RHS range        [1e+00, 3e+04]
Warning: Model contains large matrix coefficients
         Consider reformulating model or setting NumericFocus parameter
         to avoid numerical issues.
Found heuristic solution: objective -0.0000000
Presolve removed 12067 rows and 15347 columns
Presolve time: 0.43s
Presolved: 12896 rows, 20240 columns, 83372 nonzeros
Variable types: 3998 continuous, 16242 integer (15939 binary)

Root simplex log...

Iteration    Objective       Primal Inf.    Dual Inf.      Time
   32612    1.2111390e+05   1.092021e+06   0.000000e+00      5s
   43129    2.5993077e+04   3.879424e+03   0.000000e+00     10s
   44930    1.2815933e+04   0.000000e+00   0.000000e+00     11s

Root relaxation: objective 1.281593e+04, 44930 iterations, 10.38 seconds

    Nodes    |    Current Node    |     Objective Bounds      |     Work
 Expl Unexpl |  Obj  Depth IntInf | Incumbent    BestBd   Gap | It/Node Time

     0     0 12815.9326    0  577   -0.00000 12815.9326      -     -   10s
H    0     0                    6556.1605286 12815.9326  95.5%     -   10s
     0     0 12766.6373    0  548 6556.16053 12766.6373  94.7%     -   11s
H    0     0                    6635.2087132 12766.6373  92.4%     -   11s
     0     0 12713.2506    0  706 6635.20871 12713.2506  91.6%     -   11s
     0     0 12708.2000    0  707 6635.20871 12708.2000  91.5%     -   11s
     0     0 12580.3238    0  546 6635.20871 12580.3238  89.6%     -   11s
     0     0 12564.5860    0  548 6635.20871 12564.5860  89.4%     -   12s
     0     0 12394.5471    0  713 6635.20871 12394.5471  86.8%     -   12s
     0     0 12394.5471    0  471 6635.20871 12394.5471  86.8%     -   17s
H    0     0                    7316.5620090 12394.5471  69.4%     -   17s
     0     0 12394.5471    0  688 7316.56201 12394.5471  69.4%     -   17s
     0     0 12394.5471    0  622 7316.56201 12394.5471  69.4%     -   17s
     0     0 12240.7716    0  619 7316.56201 12240.7716  67.3%     -   17s
     0     0 12121.6216    0  499 7316.56201 12121.6216  65.7%     -   17s
     0     0 12118.5907    0  500 7316.56201 12118.5907  65.6%     -   17s
     0     0 11611.5653    0  597 7316.56201 11611.5653  58.7%     -   18s
H    0     0                    8006.0502508 11611.5653  45.0%     -   18s
     0     0 11611.4216    0  622 8006.05025 11611.4216  45.0%     -   18s
     0     0 11498.5002    0  511 8006.05025 11498.5002  43.6%     -   18s
     0     0 11457.0993    0  508 8006.05025 11457.0993  43.1%     -   18s
     0     0 11456.6358    0  509 8006.05025 11456.6358  43.1%     -   18s
     0     0 11456.3637    0  498 8006.05025 11456.3637  43.1%     -   18s
     0     0 11456.1758    0  498 8006.05025 11456.1758  43.1%     -   18s
     0     0 11456.0261    0  478 8006.05025 11456.0261  43.1%     -   18s
     0     0 11290.0398    0  494 8006.05025 11290.0398  41.0%     -   18s
     0     0 11287.0751    0  480 8006.05025 11287.0751  41.0%     -   18s
     0     0 11286.9762    0  480 8006.05025 11286.9762  41.0%     -   18s
     0     0 10984.6594    0  393 8006.05025 10984.6594  37.2%     -   18s
     0     0 10967.8556    0  466 8006.05025 10967.8556  37.0%     -   18s
     0     0 10967.4421    0  468 8006.05025 10967.4421  37.0%     -   18s
     0     0 10967.3622    0  468 8006.05025 10967.3622  37.0%     -   18s
     0     0 10526.7288    0  438 8006.05025 10526.7288  31.5%     -   18s
     0     0 10500.7600    0  494 8006.05025 10500.7600  31.2%     -   18s
     0     0 10484.9800    0  533 8006.05025 10484.9800  31.0%     -   18s
     0     0 10484.8346    0  533 8006.05025 10484.8346  31.0%     -   18s
     0     0 10237.7360    0  541 8006.05025 10237.7360  27.9%     -   18s
     0     0 10235.8672    0  541 8006.05025 10235.8672  27.9%     -   18s
     0     0 10235.3716    0  544 8006.05025 10235.3716  27.8%     -   18s
     0     0 10235.1989    0  544 8006.05025 10235.1989  27.8%     -   18s
     0     0 10086.0386    0  546 8006.05025 10086.0386  26.0%     -   19s
     0     0 10066.3099    0  627 8006.05025 10066.3099  25.7%     -   19s
     0     0 10066.2774    0  627 8006.05025 10066.2774  25.7%     -   19s
     0     0 9615.12598    0  435 8006.05025 9615.12598  20.1%     -   19s
     0     0 9568.82385    0  442 8006.05025 9568.82385  19.5%     -   19s
     0     0 9568.82385    0  441 8006.05025 9568.82385  19.5%     -   19s
     0     0 9434.73379    0  331 8006.05025 9434.73379  17.8%     -   19s
     0     0 9434.58379    0  330 8006.05025 9434.58379  17.8%     -   19s
     0     0 9417.37612    0  341 8006.05025 9417.37612  17.6%     -   19s
     0     0 9405.54855    0  379 8006.05025 9405.54855  17.5%     -   19s
     0     0 9300.21804    0  329 8006.05025 9300.21804  16.2%     -   19s
     0     0 9279.65852    0  279 8006.05025 9279.65852  15.9%     -   19s
     0     0 9229.80952    0  383 8006.05025 9229.80952  15.3%     -   19s
H    0     0                    8222.0502508 9229.80952  12.3%     -   19s
     0     0 9229.73845    0  384 8222.05025 9229.73845  12.3%     -   19s
     0     0 9217.72752    0  333 8222.05025 9217.72752  12.1%     -   19s
     0     0 9126.08190    0  329 8222.05025 9126.08190  11.0%     -   19s
     0     0 9126.05462    0  329 8222.05025 9126.05462  11.0%     -   19s
     0     0 9027.17443    0  450 8222.05025 9027.17443  9.79%     -   20s
     0     0 9025.24386    0  451 8222.05025 9025.24386  9.77%     -   20s
     0     0 9024.97771    0  451 8222.05025 9024.97771  9.77%     -   20s
     0     0 9009.81538    0  484 8222.05025 9009.81538  9.58%     -   20s
     0     0 8994.40171    0  579 8222.05025 8994.40171  9.39%     -   20s
     0     0 8994.31738    0  579 8222.05025 8994.31738  9.39%     -   20s
     0     0 8932.10247    0  300 8222.05025 8932.10247  8.64%     -   20s
H    0     0                    8372.8796023 8932.10247  6.68%     -   20s
     0     0 8931.83199    0  299 8372.87960 8931.83199  6.68%     -   20s
     0     0 8928.96363    0  397 8372.87960 8928.96363  6.64%     -   20s
     0     0 8928.96363    0  397 8372.87960 8928.96363  6.64%     -   23s
     0     2 8928.96363    0  397 8372.87960 8928.96363  6.64%     -   23s
     1     2 8914.73023    1  455 8372.87960 8914.73023  6.47%  34.0   25s
H   19     8                    8383.6540399 8899.10362  6.15%  28.3   29s
    25     9 8838.71339   12  353 8383.65404 8899.10362  6.15%  32.2   30s
H   86    11                    8393.9520478 8838.23499  5.29%  27.2   33s
   104    13     cutoff   41      8393.95205 8838.23499  5.29%  26.2   35s

Cutting planes:
  Gomory: 5
  Cover: 3
  Implied bound: 7
  MIR: 31
  GUB cover: 52
  Zero half: 3

Explored 159 nodes (72544 simplex iterations) in 36.98 seconds
Thread count was 4 (of 4 available processors)

Solution count 9: 8393.95 8383.65 8372.88 ... -0

Optimal solution found (tolerance 1.00e-04)
Best objective 8.393952047797e+03, best bound 8.393952047797e+03, gap 0.0000%
Warning: variable name "x[XSZH@19:00:00,XSB@19:53:00,0]" has a colon
Warning: constraint name "mass_bal_XSZH@19:00:00_0" has a colon
Warning: to let Gurobi read it back, use rlp format

Gurobi 8.1.1 (mac64, Python) logging started Fri Aug  2 13:14:51 2019

Academic license - for non-commercial use only
Optimize a model with 24963 rows, 35587 columns and 184505 nonzeros
Variable types: 10580 continuous, 25007 integer (25007 binary)
Coefficient statistics:
  Matrix range     [2e-02, 2e+09]
  Objective range  [1e+00, 7e+02]
  Bounds range     [1e+00, 1e+00]
  RHS range        [1e+00, 3e+04]
Warning: Model contains large matrix coefficients
         Consider reformulating model or setting NumericFocus parameter
         to avoid numerical issues.
Found heuristic solution: objective -0.0000000
Presolve removed 12067 rows and 15347 columns
Presolve time: 0.53s
Presolved: 12896 rows, 20240 columns, 83372 nonzeros
Variable types: 3998 continuous, 16242 integer (15939 binary)

Root simplex log...

Iteration    Objective       Primal Inf.    Dual Inf.      Time
   32342    1.2318138e+05   6.010919e+06   0.000000e+00      5s
   42829    2.7735509e+04   6.409873e+03   0.000000e+00     10s
   44930    1.2815933e+04   0.000000e+00   0.000000e+00     11s

Root relaxation: objective 1.281593e+04, 44930 iterations, 10.45 seconds

    Nodes    |    Current Node    |     Objective Bounds      |     Work
 Expl Unexpl |  Obj  Depth IntInf | Incumbent    BestBd   Gap | It/Node Time

     0     0 12815.9326    0  577   -0.00000 12815.9326      -     -   11s
H    0     0                    6556.1605286 12815.9326  95.5%     -   11s
     0     0 12766.6373    0  548 6556.16053 12766.6373  94.7%     -   11s
H    0     0                    6635.2087132 12766.6373  92.4%     -   11s
     0     0 12713.2506    0  706 6635.20871 12713.2506  91.6%     -   11s
     0     0 12708.2000    0  707 6635.20871 12708.2000  91.5%     -   11s
     0     0 12580.3238    0  546 6635.20871 12580.3238  89.6%     -   12s
     0     0 12564.5860    0  548 6635.20871 12564.5860  89.4%     -   12s
     0     0 12394.5471    0  713 6635.20871 12394.5471  86.8%     -   12s
     0     0 12394.5471    0  471 6635.20871 12394.5471  86.8%     -   17s
H    0     0                    7316.5620090 12394.5471  69.4%     -   17s
     0     0 12394.5471    0  688 7316.56201 12394.5471  69.4%     -   17s
     0     0 12394.5471    0  622 7316.56201 12394.5471  69.4%     -   18s
     0     0 12240.7716    0  619 7316.56201 12240.7716  67.3%     -   18s
     0     0 12121.6216    0  499 7316.56201 12121.6216  65.7%     -   18s
     0     0 12118.5907    0  500 7316.56201 12118.5907  65.6%     -   18s
     0     0 11611.5653    0  597 7316.56201 11611.5653  58.7%     -   18s
H    0     0                    8006.0502508 11611.5653  45.0%     -   18s
     0     0 11611.4216    0  622 8006.05025 11611.4216  45.0%     -   18s
     0     0 11498.5002    0  511 8006.05025 11498.5002  43.6%     -   18s
     0     0 11457.0993    0  508 8006.05025 11457.0993  43.1%     -   18s
     0     0 11456.6358    0  509 8006.05025 11456.6358  43.1%     -   18s
     0     0 11456.3637    0  498 8006.05025 11456.3637  43.1%     -   18s
     0     0 11456.1758    0  498 8006.05025 11456.1758  43.1%     -   18s
     0     0 11456.0261    0  478 8006.05025 11456.0261  43.1%     -   18s
     0     0 11290.0398    0  494 8006.05025 11290.0398  41.0%     -   18s
     0     0 11287.0751    0  480 8006.05025 11287.0751  41.0%     -   18s
     0     0 11286.9762    0  480 8006.05025 11286.9762  41.0%     -   18s
     0     0 10984.6594    0  393 8006.05025 10984.6594  37.2%     -   18s
     0     0 10967.8556    0  466 8006.05025 10967.8556  37.0%     -   18s
     0     0 10967.4421    0  468 8006.05025 10967.4421  37.0%     -   18s
     0     0 10967.3622    0  468 8006.05025 10967.3622  37.0%     -   18s
     0     0 10526.7288    0  438 8006.05025 10526.7288  31.5%     -   18s
     0     0 10500.7600    0  494 8006.05025 10500.7600  31.2%     -   18s
     0     0 10484.9800    0  533 8006.05025 10484.9800  31.0%     -   18s
     0     0 10484.8346    0  533 8006.05025 10484.8346  31.0%     -   18s
     0     0 10237.7360    0  541 8006.05025 10237.7360  27.9%     -   19s
     0     0 10235.8672    0  541 8006.05025 10235.8672  27.9%     -   19s
     0     0 10235.3716    0  544 8006.05025 10235.3716  27.8%     -   19s
     0     0 10235.1989    0  544 8006.05025 10235.1989  27.8%     -   19s
     0     0 10086.0386    0  546 8006.05025 10086.0386  26.0%     -   19s
     0     0 10066.3099    0  627 8006.05025 10066.3099  25.7%     -   19s
     0     0 10066.2774    0  627 8006.05025 10066.2774  25.7%     -   19s
     0     0 9615.12598    0  435 8006.05025 9615.12598  20.1%     -   19s
     0     0 9568.82385    0  442 8006.05025 9568.82385  19.5%     -   19s
     0     0 9568.82385    0  441 8006.05025 9568.82385  19.5%     -   19s
     0     0 9434.73379    0  331 8006.05025 9434.73379  17.8%     -   19s
     0     0 9434.58379    0  330 8006.05025 9434.58379  17.8%     -   19s
     0     0 9417.37612    0  341 8006.05025 9417.37612  17.6%     -   19s
     0     0 9405.54855    0  379 8006.05025 9405.54855  17.5%     -   19s
     0     0 9300.21804    0  329 8006.05025 9300.21804  16.2%     -   19s
     0     0 9279.65852    0  279 8006.05025 9279.65852  15.9%     -   19s
     0     0 9229.80952    0  383 8006.05025 9229.80952  15.3%     -   19s
H    0     0                    8222.0502508 9229.80952  12.3%     -   19s
     0     0 9229.73845    0  384 8222.05025 9229.73845  12.3%     -   19s
     0     0 9217.72752    0  333 8222.05025 9217.72752  12.1%     -   20s
     0     0 9126.08190    0  329 8222.05025 9126.08190  11.0%     -   20s
     0     0 9126.05462    0  329 8222.05025 9126.05462  11.0%     -   20s
     0     0 9027.17443    0  450 8222.05025 9027.17443  9.79%     -   20s
     0     0 9025.24386    0  451 8222.05025 9025.24386  9.77%     -   20s
     0     0 9024.97771    0  451 8222.05025 9024.97771  9.77%     -   20s
     0     0 9009.81538    0  484 8222.05025 9009.81538  9.58%     -   20s
     0     0 8994.40171    0  579 8222.05025 8994.40171  9.39%     -   20s
     0     0 8994.31738    0  579 8222.05025 8994.31738  9.39%     -   20s
     0     0 8932.10247    0  300 8222.05025 8932.10247  8.64%     -   20s
H    0     0                    8372.8796023 8932.10247  6.68%     -   20s
     0     0 8931.83199    0  299 8372.87960 8931.83199  6.68%     -   20s
     0     0 8928.96363    0  397 8372.87960 8928.96363  6.64%     -   20s
     0     0 8928.96363    0  397 8372.87960 8928.96363  6.64%     -   23s
     0     2 8928.96363    0  397 8372.87960 8928.96363  6.64%     -   24s
     1     2 8914.73023    1  455 8372.87960 8914.73023  6.47%  34.0   25s
H   19     8                    8383.6540399 8899.10362  6.15%  28.3   29s
    22     7 8844.02052   11  333 8383.65404 8899.10362  6.15%  28.5   30s
H   86    11                    8393.9520478 8838.23499  5.29%  27.2   33s
   104    13     cutoff   41      8393.95205 8838.23499  5.29%  26.2   35s

Cutting planes:
  Gomory: 5
  Cover: 3
  Implied bound: 7
  MIR: 31
  GUB cover: 52
  Zero half: 3

Explored 159 nodes (72544 simplex iterations) in 37.23 seconds
Thread count was 4 (of 4 available processors)

Solution count 9: 8393.95 8383.65 8372.88 ... -0

Optimal solution found (tolerance 1.00e-04)
Best objective 8.393952047797e+03, best bound 8.393952047797e+03, gap 0.0000%
Warning: variable name "x[XSZH@19:00:00,XSB@19:53:00,0]" has a colon
Warning: constraint name "mass_bal_XSZH@19:00:00_0" has a colon
Warning: to let Gurobi read it back, use rlp format

Gurobi 8.1.1 (mac64, Python) logging started Mon Aug  5 11:47:46 2019

Academic license - for non-commercial use only

Gurobi 8.1.1 (mac64, Python) logging started Mon Aug  5 18:17:30 2019

Academic license - for non-commercial use only

Gurobi 8.1.1 (mac64, Python) logging started Mon Aug  5 18:25:56 2019

Academic license - for non-commercial use only

Gurobi 8.1.1 (mac64, Python) logging started Mon Aug  5 18:30:39 2019

Academic license - for non-commercial use only

Gurobi 8.1.1 (mac64, Python) logging started Mon Aug  5 18:30:59 2019

Academic license - for non-commercial use only

Gurobi 8.1.1 (mac64, Python) logging started Mon Aug  5 18:33:49 2019

Academic license - for non-commercial use only
Warning: variable name "x[XSZH@Mon19:00:00,XSB@Mon19:53:00,0]" has a colon
Warning: constraint name "mass_bal_XSZH@Mon19:00:00_0" has a colon
Warning: to let Gurobi read it back, use rlp format
Warning: variable name "x[XSZH@Mon19:00:00,XSB@Mon19:53:00,0]" has a colon
Warning: constraint name "mass_bal_XSZH@Mon19:00:00_0" has a colon
Warning: to let Gurobi read it back, use rlp format
Optimize a model with 39582 rows, 61115 columns and 359729 nonzeros
Variable types: 10619 continuous, 50496 integer (50496 binary)
Coefficient statistics:
  Matrix range     [2e-02, 2e+09]
  Objective range  [1e+00, 7e+02]
  Bounds range     [1e+00, 1e+00]
  RHS range        [1e+00, 3e+04]
Warning: Model contains large matrix coefficients
         Consider reformulating model or setting NumericFocus parameter
         to avoid numerical issues.
Found heuristic solution: objective -0.0000000
Presolve removed 15662 rows and 21964 columns (presolve time = 5s) ...
Presolve removed 15657 rows and 21959 columns
Presolve time: 5.06s
Presolved: 23925 rows, 39156 columns, 188436 nonzeros
Variable types: 5752 continuous, 33404 integer (32976 binary)

Deterministic concurrent LP optimizer: primal and dual simplex
Showing first log only...


Root simplex log...

Iteration    Objective       Primal Inf.    Dual Inf.      Time
       0   -0.0000000e+00   0.000000e+00   3.982745e+05      6s
   28858    5.2733734e+03   0.000000e+00   4.331964e+06     10s
   33958    5.5578671e+03   0.000000e+00   1.739384e+07     15s
   37751    2.3638464e+04   0.000000e+00   0.000000e+00     18s
   37753    2.3639690e+04   0.000000e+00   0.000000e+00     18s
Extra 2 simplex iterations after uncrush
Concurrent spin time: 3.10s

Solved with primal simplex

Root relaxation: objective 2.363969e+04, 37753 iterations, 16.24 seconds

    Nodes    |    Current Node    |     Objective Bounds      |     Work
 Expl Unexpl |  Obj  Depth IntInf | Incumbent    BestBd   Gap | It/Node Time

     0     0 23639.6899    0 1496   -0.00000 23639.6899      -     -   21s
H    0     0                    4311.1501778 23639.6899   448%     -   22s
     0     0 22017.1376    0 1398 4311.15018 22017.1376   411%     -   23s
     0     0 21740.2235    0 1268 4311.15018 21740.2235   404%     -   24s
     0     0 21737.7660    0 1395 4311.15018 21737.7660   404%     -   24s
     0     0 21737.4461    0 1428 4311.15018 21737.4461   404%     -   24s
     0     0 21737.3861    0 1428 4311.15018 21737.3861   404%     -   24s
     0     0 21372.5032    0 1039 4311.15018 21372.5032   396%     -   26s
     0     0 20995.1331    0 1466 4311.15018 20995.1331   387%     -   27s
     0     0 20995.0165    0 1467 4311.15018 20995.0165   387%     -   27s
     0     0 20320.4761    0 1167 4311.15018 20320.4761   371%     -   28s
H    0     0                    6119.7090060 20320.4761   232%     -   28s
H    0     0                    9759.6726389 20320.4761   108%     -   28s
     0     0 20083.6657    0 1222 9759.67264 20083.6657   106%     -   29s
     0     0 20083.6166    0 1221 9759.67264 20083.6166   106%     -   29s
     0     0 19309.0323    0 1407 9759.67264 19309.0323  97.8%     -   31s
     0     0 19283.5969    0 1209 9759.67264 19283.5969  97.6%     -   31s
     0     0 19283.4701    0 1270 9759.67264 19283.4701  97.6%     -   31s
     0     0 19013.3276    0 1185 9759.67264 19013.3276  94.8%     -   32s
H    0     0                    9864.1328452 19013.3276  92.8%     -   33s
     0     0 19011.6030    0 1068 9864.13285 19011.6030  92.7%     -   33s
     0     0 19010.8915    0 1369 9864.13285 19010.8915  92.7%     -   33s
     0     0 19010.3269    0 1443 9864.13285 19010.3269  92.7%     -   33s
     0     0 18465.0587    0 1076 9864.13285 18465.0587  87.2%     -   35s
     0     0 18464.8050    0 1102 9864.13285 18464.8050  87.2%     -   35s
     0     0          -    0      9864.13285 18464.8050  87.2%     -   36s

Cutting planes:
  Gomory: 2
  Cover: 12
  Implied bound: 1
  MIR: 47
  Flow cover: 3
  GUB cover: 37

Explored 1 nodes (41743 simplex iterations) in 36.63 seconds
Thread count was 4 (of 4 available processors)

Solution count 5: 9864.13 9759.67 6119.71 ... -0

Solve interrupted
Best objective 9.864132845245e+03, best bound 1.846480499906e+04, gap 87.1914%

Gurobi 8.1.1 (mac64, Python) logging started Mon Aug  5 18:36:27 2019

Academic license - for non-commercial use only

Gurobi 8.1.1 (mac64, Python) logging started Mon Aug  5 18:36:48 2019

Academic license - for non-commercial use only
Warning: variable name "x[XSZH@Mon19:00:00,XSB@Mon19:53:00,0]" has a colon
Warning: constraint name "mass_bal_XSZH@Mon19:00:00_0" has a colon
Warning: to let Gurobi read it back, use rlp format
Warning: variable name "x[XSZH@Mon19:00:00,XSB@Mon19:53:00,0]" has a colon
Warning: constraint name "mass_bal_XSZH@Mon19:00:00_0" has a colon
Warning: to let Gurobi read it back, use rlp format
Optimize a model with 39582 rows, 61115 columns and 359729 nonzeros
Variable types: 10619 continuous, 50496 integer (50496 binary)
Coefficient statistics:
  Matrix range     [2e-02, 2e+09]
  Objective range  [1e+00, 7e+02]
  Bounds range     [1e+00, 1e+00]
  RHS range        [1e+00, 3e+04]
Warning: Model contains large matrix coefficients
         Consider reformulating model or setting NumericFocus parameter
         to avoid numerical issues.
Found heuristic solution: objective -0.0000000
Presolve removed 15662 rows and 21964 columns (presolve time = 5s) ...
Presolve removed 15657 rows and 21959 columns
Presolve time: 5.33s
Presolved: 23925 rows, 39156 columns, 188436 nonzeros
Variable types: 5752 continuous, 33404 integer (32976 binary)

Deterministic concurrent LP optimizer: primal and dual simplex
Showing first log only...


Root simplex log...

Iteration    Objective       Primal Inf.    Dual Inf.      Time
       0   -0.0000000e+00   0.000000e+00   3.982745e+05      6s


Root relaxation: interrupted, 27918 iterations, 3.75 seconds

    Nodes    |    Current Node    |     Objective Bounds      |     Work
 Expl Unexpl |  Obj  Depth IntInf | Incumbent    BestBd   Gap | It/Node Time

     0     0          -    0        -0.00000 395403.177      -     -    9s

Explored 0 nodes (27918 simplex iterations) in 9.20 seconds
Thread count was 4 (of 4 available processors)

Solution count 1: -0 

Solve interrupted
Best objective -0.000000000000e+00, best bound 3.954031769101e+05, gap -

Gurobi 8.1.1 (mac64, Python) logging started Mon Aug  5 18:38:16 2019

Academic license - for non-commercial use only
Warning: variable name "x[XSZH@Mon19:00:00,XSB@Mon19:53:00,0]" has a colon
Warning: constraint name "mass_bal_XSZH@Mon19:00:00_0" has a colon
Warning: to let Gurobi read it back, use rlp format
Warning: variable name "x[XSZH@Mon19:00:00,XSB@Mon19:53:00,0]" has a colon
Warning: constraint name "mass_bal_XSZH@Mon19:00:00_0" has a colon
Warning: to let Gurobi read it back, use rlp format
Optimize a model with 39582 rows, 61115 columns and 359729 nonzeros
Variable types: 10619 continuous, 50496 integer (50496 binary)
Coefficient statistics:
  Matrix range     [2e-02, 2e+09]
  Objective range  [1e+00, 7e+02]
  Bounds range     [1e+00, 1e+00]
  RHS range        [1e+00, 3e+04]
Warning: Model contains large matrix coefficients
         Consider reformulating model or setting NumericFocus parameter
         to avoid numerical issues.
Found heuristic solution: objective -0.0000000
Presolve removed 15662 rows and 21964 columns (presolve time = 6s) ...
Presolve removed 15657 rows and 21959 columns
Presolve time: 5.51s
Presolved: 23925 rows, 39156 columns, 188436 nonzeros
Variable types: 5752 continuous, 33404 integer (32976 binary)

Deterministic concurrent LP optimizer: primal and dual simplex
Showing first log only...


Root simplex log...

Iteration    Objective       Primal Inf.    Dual Inf.      Time
       0   -0.0000000e+00   0.000000e+00   3.982745e+05      6s
   28478    5.2651096e+03   0.000000e+00   3.746396e+06     10s
   32448    5.4525903e+03   0.000000e+00   3.145684e+05     15s
   37439    2.4022051e+04   0.000000e+00   4.305559e+07     20s
   37751    2.3638464e+04   0.000000e+00   0.000000e+00     21s
   37753    2.3639690e+04   0.000000e+00   0.000000e+00     21s
Extra 2 simplex iterations after uncrush
Concurrent spin time: 8.89s

Solved with primal simplex

Root relaxation: objective 2.363969e+04, 37753 iterations, 24.00 seconds

    Nodes    |    Current Node    |     Objective Bounds      |     Work
 Expl Unexpl |  Obj  Depth IntInf | Incumbent    BestBd   Gap | It/Node Time

     0     0 23639.6899    0 1496   -0.00000 23639.6899      -     -   30s
H    0     0                    4311.1501778 23639.6899   448%     -   30s
     0     0 22017.1376    0 1398 4311.15018 22017.1376   411%     -   32s
     0     0 21740.2235    0 1268 4311.15018 21740.2235   404%     -   32s
     0     0 21737.7660    0 1395 4311.15018 21737.7660   404%     -   33s
     0     0 21737.4461    0 1428 4311.15018 21737.4461   404%     -   33s
     0     0 21737.3861    0 1428 4311.15018 21737.3861   404%     -   33s
     0     0 21372.5032    0 1039 4311.15018 21372.5032   396%     -   35s
     0     0 20995.1331    0 1466 4311.15018 20995.1331   387%     -   36s
     0     0 20995.0165    0 1467 4311.15018 20995.0165   387%     -   36s
     0     0 20320.4761    0 1167 4311.15018 20320.4761   371%     -   37s
H    0     0                    6119.7090060 20320.4761   232%     -   38s
H    0     0                    9759.6726389 20320.4761   108%     -   38s
     0     0 20083.6657    0 1222 9759.67264 20083.6657   106%     -   39s
     0     0 20083.6166    0 1221 9759.67264 20083.6166   106%     -   39s
     0     0 19309.0323    0 1407 9759.67264 19309.0323  97.8%     -   40s
     0     0 19283.5969    0 1209 9759.67264 19283.5969  97.6%     -   41s
     0     0 19283.4701    0 1270 9759.67264 19283.4701  97.6%     -   41s
     0     0 19013.3276    0 1185 9759.67264 19013.3276  94.8%     -   42s
H    0     0                    9864.1328452 19013.3276  92.8%     -   42s
     0     0 19011.6030    0 1068 9864.13285 19011.6030  92.7%     -   42s
     0     0 19010.8915    0 1369 9864.13285 19010.8915  92.7%     -   43s
     0     0 19010.3269    0 1443 9864.13285 19010.3269  92.7%     -   43s
     0     0 18465.0587    0 1076 9864.13285 18465.0587  87.2%     -   44s
     0     0 18464.8050    0 1102 9864.13285 18464.8050  87.2%     -   45s
     0     0          -    0      9864.13285 18464.8050  87.2%     -   45s

Cutting planes:
  Gomory: 2
  Cover: 12
  Implied bound: 1
  MIR: 47
  Flow cover: 3
  GUB cover: 37

Explored 1 nodes (41574 simplex iterations) in 45.79 seconds
Thread count was 4 (of 4 available processors)

Solution count 5: 9864.13 9759.67 6119.71 ... -0

Solve interrupted
Best objective 9.864132845245e+03, best bound 1.846480499906e+04, gap 87.1914%
Warning: variable name "x[XSZH@Mon19:00:00,XSB@Mon19:53:00,0]" has a colon
Warning: constraint name "mass_bal_XSZH@Mon19:00:00_0" has a colon
Warning: to let Gurobi read it back, use rlp format
Optimize a model with 39582 rows, 61115 columns and 359729 nonzeros
Variable types: 10619 continuous, 50496 integer (50496 binary)
Coefficient statistics:
  Matrix range     [2e-02, 2e+09]
  Objective range  [1e+00, 7e+02]
  Bounds range     [1e+00, 1e+00]
  RHS range        [1e+00, 3e+04]
Warning: Model contains large matrix coefficients
         Consider reformulating model or setting NumericFocus parameter
         to avoid numerical issues.

Loaded MIP start with objective 9864.13

Presolve removed 15662 rows and 21964 columns (presolve time = 6s) ...
Presolve removed 15657 rows and 21959 columns
Presolve time: 5.84s
Presolved: 23925 rows, 39156 columns, 188436 nonzeros
Variable types: 5752 continuous, 33404 integer (32976 binary)

Deterministic concurrent LP optimizer: primal and dual simplex
Showing first log only...


Root simplex log...

Iteration    Objective       Primal Inf.    Dual Inf.      Time
       0   -0.0000000e+00   0.000000e+00   3.982745e+05      7s
   27818    5.2490545e+03   0.000000e+00   1.572464e+07     10s
   31318    5.4373812e+03   0.000000e+00   1.694654e+06     15s
   36416    2.5455066e+04   0.000000e+00   3.457397e+05     20s
   40071    2.6242755e+04   0.000000e+00   0.000000e+00     23s
   40072    2.6242755e+04   0.000000e+00   0.000000e+00     23s
Extra one simplex iteration after uncrush
Concurrent spin time: 4.45s

Solved with primal simplex

Root relaxation: objective 2.624276e+04, 40072 iterations, 21.94 seconds

    Nodes    |    Current Node    |     Objective Bounds      |     Work
 Expl Unexpl |  Obj  Depth IntInf | Incumbent    BestBd   Gap | It/Node Time

     0     0 26242.7555    0 1377 9864.13285 26242.7555   166%     -   28s
     0     0 26115.8519    0 1629 9864.13285 26115.8519   165%     -   31s
     0     0 26115.7613    0 1630 9864.13285 26115.7613   165%     -   31s
     0     0 26115.6044    0 1631 9864.13285 26115.6044   165%     -   32s
     0     0 26115.2957    0 1634 9864.13285 26115.2957   165%     -   32s
     0     0 26115.1333    0 1634 9864.13285 26115.1333   165%     -   32s
     0     0 26115.0347    0 1634 9864.13285 26115.0347   165%     -   32s
     0     0 26114.9915    0 1634 9864.13285 26114.9915   165%     -   32s
     0     0 26114.8984    0 1634 9864.13285 26114.8984   165%     -   32s
     0     0 25932.9966    0 1161 9864.13285 25932.9966   163%     -   35s
     0     0 25925.4733    0 1166 9864.13285 25925.4733   163%     -   36s
     0     0 25924.9412    0 1258 9864.13285 25924.9412   163%     -   36s
     0     0 25924.6943    0 1258 9864.13285 25924.6943   163%     -   36s
     0     0 25924.6425    0 1258 9864.13285 25924.6425   163%     -   36s
     0     0 25924.5342    0 1258 9864.13285 25924.5342   163%     -   36s
     0     0 25924.5212    0 1258 9864.13285 25924.5212   163%     -   36s
     0     0 25298.3607    0 1610 9864.13285 25298.3607   156%     -   38s
     0     0 25250.9529    0 1601 9864.13285 25250.9529   156%     -   39s
     0     0 25250.8473    0 1596 9864.13285 25250.8473   156%     -   40s
     0     0 24693.8345    0 1236 9864.13285 24693.8345   150%     -   41s
     0     0 24659.1925    0 1368 9864.13285 24659.1925   150%     -   42s
     0     0 24647.5387    0 1387 9864.13285 24647.5387   150%     -   42s
     0     0 24647.4997    0 1387 9864.13285 24647.4997   150%     -   42s
     0     0          -    0      9864.13285 24647.4997   150%     -   43s

Cutting planes:
  Gomory: 1
  Cover: 6
  MIR: 53
  Flow cover: 1
  GUB cover: 30
  Zero half: 1

Explored 1 nodes (43502 simplex iterations) in 43.63 seconds
Thread count was 4 (of 4 available processors)

Solution count 1: 9864.13 

Solve interrupted
Best objective 9.864132845245e+03, best bound 2.464749971952e+04, gap 149.8699%

Gurobi 8.1.1 (mac64, Python) logging started Mon Aug  5 18:44:54 2019

Academic license - for non-commercial use only
Warning: variable name "x[XSZH@Mon19:00:00,XSB@Mon19:53:00,0]" has a colon
Warning: constraint name "mass_bal_XSZH@Mon19:00:00_0" has a colon
Warning: to let Gurobi read it back, use rlp format
Warning: variable name "x[XSZH@Mon19:00:00,XSB@Mon19:53:00,0]" has a colon
Warning: constraint name "mass_bal_XSZH@Mon19:00:00_0" has a colon
Warning: to let Gurobi read it back, use rlp format
Optimize a model with 39582 rows, 61115 columns and 359729 nonzeros
Variable types: 10619 continuous, 50496 integer (50496 binary)
Coefficient statistics:
  Matrix range     [2e-02, 2e+09]
  Objective range  [1e+00, 7e+02]
  Bounds range     [1e+00, 1e+00]
  RHS range        [1e+00, 3e+04]
Warning: Model contains large matrix coefficients
         Consider reformulating model or setting NumericFocus parameter
         to avoid numerical issues.
Found heuristic solution: objective -0.0000000
Presolve removed 15657 rows and 21959 columns
Presolve time: 4.42s
Presolved: 23925 rows, 39156 columns, 188436 nonzeros
Variable types: 5752 continuous, 33404 integer (32976 binary)

Deterministic concurrent LP optimizer: primal and dual simplex
Showing first log only...


Root simplex log...

Iteration    Objective       Primal Inf.    Dual Inf.      Time
   11942   -0.0000000e+00   0.000000e+00   2.184738e+06      5s
   29488    5.2856102e+03   0.000000e+00   6.684909e+06     10s
   34738    1.6776532e+04   0.000000e+00   2.242159e+05     15s
   37751    2.3638464e+04   0.000000e+00   0.000000e+00     18s
   37753    2.3639690e+04   0.000000e+00   0.000000e+00     18s
Extra 2 simplex iterations after uncrush
Concurrent spin time: 2.80s

Solved with primal simplex

Root relaxation: objective 2.363969e+04, 37753 iterations, 15.90 seconds

    Nodes    |    Current Node    |     Objective Bounds      |     Work
 Expl Unexpl |  Obj  Depth IntInf | Incumbent    BestBd   Gap | It/Node Time

     0     0 23639.6899    0 1496   -0.00000 23639.6899      -     -   20s
H    0     0                    4311.1501778 23639.6899   448%     -   20s
     0     0 23639.6899    0 1496 4311.15018 23639.6899   448%     -   96s

Cutting planes:
  Gomory: 1
  Implied bound: 1
  MIR: 14
  Flow cover: 1
  GUB cover: 6

Explored 1 nodes (37789 simplex iterations) in 96.58 seconds
Thread count was 4 (of 4 available processors)

Solution count 2: 4311.15 -0 

Solve interrupted
Best objective 4.311150177848e+03, best bound 2.363968989669e+04, gap 448.3384%
Warning: variable name "x[XSZH@Mon19:00:00,XSB@Mon19:53:00,0]" has a colon
Warning: constraint name "mass_bal_XSZH@Mon19:00:00_0" has a colon
Warning: to let Gurobi read it back, use rlp format
Optimize a model with 39582 rows, 61115 columns and 359729 nonzeros
Variable types: 10619 continuous, 50496 integer (50496 binary)
Coefficient statistics:
  Matrix range     [2e-02, 2e+09]
  Objective range  [1e+00, 7e+02]
  Bounds range     [1e+00, 1e+00]
  RHS range        [1e+00, 3e+04]
Warning: Model contains large matrix coefficients
         Consider reformulating model or setting NumericFocus parameter
         to avoid numerical issues.

Loaded MIP start with objective 4311.15

Presolve removed 15657 rows and 21959 columns
Presolve time: 4.77s
Presolved: 23925 rows, 39156 columns, 188436 nonzeros
Variable types: 5752 continuous, 33404 integer (32976 binary)

Deterministic concurrent LP optimizer: primal and dual simplex
Showing first log only...


Root simplex log...

Iteration    Objective       Primal Inf.    Dual Inf.      Time
       0   -0.0000000e+00   0.000000e+00   3.982745e+05      5s
   28598    5.2671498e+03   0.000000e+00   3.095733e+06     10s
   32878    5.5060630e+03   0.000000e+00   3.381121e+05     15s


Root relaxation: interrupted, 33749 iterations, 10.85 seconds

    Nodes    |    Current Node    |     Objective Bounds      |     Work
 Expl Unexpl |  Obj  Depth IntInf | Incumbent    BestBd   Gap | It/Node Time

     0     0          -    0      4311.15018 395403.177  9072%     -   15s

Explored 0 nodes (33749 simplex iterations) in 15.76 seconds
Thread count was 4 (of 4 available processors)

Solution count 1: 4311.15 

Solve interrupted
Best objective 4.311150177848e+03, best bound 3.954031769101e+05, gap 9071.6401%

Gurobi 8.1.1 (mac64, Python) logging started Mon Aug  5 18:47:08 2019

Academic license - for non-commercial use only
Warning: variable name "x[XSZH@Mon19:00:00,XSB@Mon19:53:00,0]" has a colon
Warning: constraint name "mass_bal_XSZH@Mon19:00:00_0" has a colon
Warning: to let Gurobi read it back, use rlp format
Warning: variable name "x[XSZH@Mon19:00:00,XSB@Mon19:53:00,0]" has a colon
Warning: constraint name "mass_bal_XSZH@Mon19:00:00_0" has a colon
Warning: to let Gurobi read it back, use rlp format
Optimize a model with 29928 rows, 44179 columns and 242943 nonzeros
Variable types: 10619 continuous, 33560 integer (33560 binary)
Coefficient statistics:
  Matrix range     [2e-02, 2e+09]
  Objective range  [1e+00, 7e+02]
  Bounds range     [1e+00, 1e+00]
  RHS range        [1e+00, 3e+04]
Warning: Model contains large matrix coefficients
         Consider reformulating model or setting NumericFocus parameter
         to avoid numerical issues.
Found heuristic solution: objective -0.0000000
Presolve removed 12835 rows and 17144 columns (presolve time = 7s) ...
Presolve removed 12834 rows and 17142 columns
Presolve time: 7.16s
Presolved: 17094 rows, 27037 columns, 122358 nonzeros
Variable types: 4903 continuous, 22134 integer (21715 binary)

Deterministic concurrent LP optimizer: primal and dual simplex
Showing first log only...


Root simplex log...

Iteration    Objective       Primal Inf.    Dual Inf.      Time
       0   -0.0000000e+00   0.000000e+00   3.923900e+05      8s
   23161    7.7599951e+03   0.000000e+00   6.992921e+03     10s
   23493    8.3786273e+03   0.000000e+00   0.000000e+00     10s
   23495    8.3799353e+03   0.000000e+00   0.000000e+00     10s
Extra 2 simplex iterations after uncrush
Concurrent spin time: 1.05s

Solved with primal simplex

Root relaxation: objective 8.379935e+03, 23495 iterations, 4.15 seconds

    Nodes    |    Current Node    |     Objective Bounds      |     Work
 Expl Unexpl |  Obj  Depth IntInf | Incumbent    BestBd   Gap | It/Node Time

     0     0 8379.93531    0  671   -0.00000 8379.93531      -     -   11s
     0     0 7908.59011    0  758   -0.00000 7908.59011      -     -  117s
     0     0 7733.88224    0  788   -0.00000 7733.88224      -     -  221s
H    0     0                    5313.7177149 7733.88224  45.5%     -  221s
     0     0 7571.63559    0  611 5313.71771 7571.63559  42.5%     -  323s
     0     0 7552.47019    0  616 5313.71771 7552.47019  42.1%     -  426s
     0     0 7552.47019    0  616 5313.71771 7552.47019  42.1%     -  458s

Cutting planes:
  Gomory: 2
  Cover: 3
  Implied bound: 11
  MIR: 8
  Flow cover: 1
  GUB cover: 8

Explored 1 nodes (23853 simplex iterations) in 458.62 seconds
Thread count was 4 (of 4 available processors)

Solution count 2: 5313.72 -0 

Solve interrupted
Best objective 5.313717714929e+03, best bound 7.552470194063e+03, gap 42.1316%
Warning: variable name "x[XSZH@Mon19:00:00,XSB@Mon19:53:00,0]" has a colon
Warning: constraint name "mass_bal_XSZH@Mon19:00:00_0" has a colon
Warning: to let Gurobi read it back, use rlp format
Optimize a model with 29928 rows, 44179 columns and 242943 nonzeros
Variable types: 10619 continuous, 33560 integer (33560 binary)
Coefficient statistics:
  Matrix range     [2e-02, 2e+09]
  Objective range  [1e+00, 7e+02]
  Bounds range     [1e+00, 1e+00]
  RHS range        [1e+00, 3e+04]
Warning: Model contains large matrix coefficients
         Consider reformulating model or setting NumericFocus parameter
         to avoid numerical issues.

Loaded MIP start with objective 5313.72

Presolve removed 12808 rows and 17100 columns
Presolve time: 2.47s
Presolved: 17120 rows, 27079 columns, 121714 nonzeros
Variable types: 4952 continuous, 22127 integer (21721 binary)

Deterministic concurrent LP optimizer: primal and dual simplex
Showing first log only...


Root simplex log...

Iteration    Objective       Primal Inf.    Dual Inf.      Time
   23136    1.0011576e+04   0.000000e+00   1.466933e+05      5s
   26071    1.8123997e+04   0.000000e+00   0.000000e+00      6s
   26071    1.8123997e+04   0.000000e+00   0.000000e+00      6s
Concurrent spin time: 0.75s

Solved with primal simplex

Root relaxation: objective 1.812400e+04, 26071 iterations, 4.47 seconds

    Nodes    |    Current Node    |     Objective Bounds      |     Work
 Expl Unexpl |  Obj  Depth IntInf | Incumbent    BestBd   Gap | It/Node Time

     0     0 18123.9968    0  959 5313.71771 18123.9968   241%     -    7s
     0     0 18123.9968    0  959 5313.71771 18123.9968   241%     -   34s

Cutting planes:
  Gomory: 3
  Implied bound: 2
  MIR: 10
  Flow cover: 4
  GUB cover: 4

Explored 1 nodes (26087 simplex iterations) in 34.64 seconds
Thread count was 4 (of 4 available processors)

Solution count 1: 5313.72 

Solve interrupted
Best objective 5.313717714929e+03, best bound 1.812399679251e+04, gap 241.0794%
