
Gurobi 8.1.0 (linux64) logging started Wed Jul 24 15:19:19 2019


--------------------------------------------
Warning: your license will expire in 10 days
--------------------------------------------


Gurobi 8.1.0 (linux64) logging started Wed Jul 24 15:19:44 2019


--------------------------------------------
Warning: your license will expire in 10 days
--------------------------------------------


Gurobi Optimizer version 8.1.0 build v8.1.0rc1 (linux64)
Copyright (c) 2018, Gurobi Optimization, LLC

Read LP format model from file inspectors.lp
Reading time = 0.27 seconds
obj: 44647 rows, 51805 columns, 147383 nonzeros
Optimize a model with 44647 rows, 51805 columns and 147383 nonzeros
Variable types: 35061 continuous, 16744 integer (16744 binary)
Coefficient statistics:
  Matrix range     [2e-02, 2e+09]
  Objective range  [1e+00, 7e+02]
  Bounds range     [1e+00, 1e+00]
  RHS range        [1e+00, 2e+04]
Warning: Model contains large matrix coefficients
         Consider reformulating model or setting NumericFocus parameter
         to avoid numerical issues.
Presolve removed 32616 rows and 35145 columns
Presolve time: 0.83s
Presolved: 12031 rows, 16660 columns, 50447 nonzeros
Variable types: 4527 continuous, 12133 integer (10703 binary)

Root simplex log...

Iteration    Objective       Primal Inf.    Dual Inf.      Time
   25046    7.0590189e+04   3.547258e+06   0.000000e+00      5s
   31061    7.5603699e+03   0.000000e+00   0.000000e+00      8s

Root relaxation: objective 7.560370e+03, 31061 iterations, 7.31 seconds

    Nodes    |    Current Node    |     Objective Bounds      |     Work
 Expl Unexpl |  Obj  Depth IntInf | Incumbent    BestBd   Gap | It/Node Time

     0     0 7560.36989    0  525          - 7560.36989      -     -    8s
H    0     0                      -0.0000000 7560.36989      -     -    8s
H    0     0                    4387.4090842 7560.36989  72.3%     -    8s
H    0     0                    4918.0082265 7560.36989  53.7%     -    8s
     0     0 7543.82344    0  600 4918.00823 7543.82344  53.4%     -    8s
H    0     0                    5002.9437886 7543.82344  50.8%     -    8s
H    0     0                    5134.0082265 7543.82344  46.9%     -    9s
     0     0 7505.10701    0  324 5134.00823 7505.10701  46.2%     -    9s
H    0     0                    5276.4350511 7505.10701  42.2%     -    9s
H    0     0                    5276.4351767 7505.10701  42.2%     -    9s
     0     0 7489.78955    0  673 5276.43518 7489.78955  41.9%     -    9s
     0     0 7480.85964    0  792 5276.43518 7480.85964  41.8%     -    9s
     0     0 7480.85964    0  793 5276.43518 7480.85964  41.8%     -    9s
     0     0 7479.78060    0  928 5276.43518 7479.78060  41.8%     -   10s
     0     0 7466.36631    0  881 5276.43518 7466.36631  41.5%     -   10s
H    0     0                    5951.7349162 7466.36631  25.4%     -   10s
H    0     0                    6278.7905538 7466.36631  18.9%     -   10s
     0     0 7466.34074    0  881 6278.79055 7466.34074  18.9%     -   10s
     0     0 7465.63385    0  969 6278.79055 7465.63385  18.9%     -   10s
     0     0 7462.51450    0  829 6278.79055 7462.51450  18.9%     -   10s
H    0     0                    6610.5125693 7462.51450  12.9%     -   10s
     0     0 7462.48459    0  829 6610.51257 7462.48459  12.9%     -   10s
     0     0 7462.48459    0  830 6610.51257 7462.48459  12.9%     -   10s
     0     0 7462.48459    0  830 6610.51257 7462.48459  12.9%     -   11s
     0     0 7462.48459    0  830 6610.51257 7462.48459  12.9%     -   11s
     0     2 7462.48459    0  830 6610.51257 7462.48459  12.9%     -   12s
*   93    76              26    6657.9288888 7458.40794  12.0%  20.3   13s
H  192   164                    6657.9290144 7449.80399  11.9%  21.7   14s
   232   193 7200.21781   52  768 6657.92901 7438.57412  11.7%  21.7   15s
H  274   225                    6657.9290889 7438.57412  11.7%  20.1   15s
H  344   262                    6657.9304139 7438.57412  11.7%  19.2   16s
  1042   613 7307.95968   32  830 6657.93041 7405.49470  11.2%  14.4   32s
  1044   614 7028.82143   26  607 6657.93041 7405.49470  11.2%  14.4   39s
  1049   618 6893.66673   25  594 6657.93041 7405.49470  11.2%  14.3   40s
  1061   626 6928.78970   31  713 6657.93041 7291.15810  9.51%  14.2   45s
  1071   632 7264.07813    4 1073 6657.93041 7264.07813  9.10%  14.0   50s
  1079   638 6927.91403   33  945 6657.93041 7226.51831  8.54%  13.9   55s
  1088   644 7007.18454    9  862 6657.93041 7194.98608  8.07%  13.8   61s
  1096   649 6851.85474   31 1526 6657.93041 7180.95399  7.86%  13.7   65s

Cutting planes:
  Gomory: 18
  MIR: 9
  Flow cover: 3
  GUB cover: 2

Explored 1107 nodes (101516 simplex iterations) in 74.20 seconds
Thread count was 8 (of 8 available processors)

Solution count 10: 6657.93 6657.93 6657.93 ... 5134.01

Solve interrupted
Best objective 6.657930413933e+03, best bound 7.174779752713e+03, gap 7.7629%

Gurobi 8.1.0 (linux64) logging started Wed Jul 24 15:22:17 2019


--------------------------------------------
Warning: your license will expire in 10 days
--------------------------------------------


Gurobi Optimizer version 8.1.0 build v8.1.0rc1 (linux64)
Copyright (c) 2018, Gurobi Optimization, LLC

Read LP format model from file inspectors.lp
Reading time = 0.24 seconds
obj: 24959 rows, 35587 columns, 183908 nonzeros
Optimize a model with 24959 rows, 35587 columns and 183908 nonzeros
Variable types: 10580 continuous, 25007 integer (25007 binary)
Coefficient statistics:
  Matrix range     [2e-02, 2e+09]
  Objective range  [1e+00, 7e+02]
  Bounds range     [1e+00, 1e+00]
  RHS range        [1e+00, 3e+04]
Warning: Model contains large matrix coefficients
         Consider reformulating model or setting NumericFocus parameter
         to avoid numerical issues.
Found heuristic solution: objective -0.0000000
Presolve removed 12087 rows and 15423 columns
Presolve time: 0.57s
Presolved: 12872 rows, 20164 columns, 82544 nonzeros
Variable types: 3999 continuous, 16165 integer (15864 binary)

Root simplex log...

Iteration    Objective       Primal Inf.    Dual Inf.      Time
   27587    1.6887248e+05   2.594775e+05   0.000000e+00      5s
   34341    1.2110693e+05   1.617865e+05   0.000000e+00     10s
   40621    7.3627645e+04   3.442230e+05   0.000000e+00     15s
   47722    1.3109981e+04   2.286405e+03   0.000000e+00     20s
   48326    1.2863454e+04   0.000000e+00   0.000000e+00     20s

Root relaxation: objective 1.286345e+04, 48326 iterations, 19.86 seconds

    Nodes    |    Current Node    |     Objective Bounds      |     Work
 Expl Unexpl |  Obj  Depth IntInf | Incumbent    BestBd   Gap | It/Node Time

     0     0 12863.4538    0  584   -0.00000 12863.4538      -     -   20s
H    0     0                    10024.588793 12863.4538  28.3%     -   20s
     0     0 12832.2678    0  571 10024.5888 12832.2678  28.0%     -   21s
H    0     0                    10265.685480 12832.2678  25.0%     -   21s
     0     0 12825.6074    0  672 10265.6855 12825.6074  24.9%     -   21s
     0     0 12757.2446    0  505 10265.6855 12757.2446  24.3%     -   22s
     0     0 12757.2190    0  505 10265.6855 12757.2190  24.3%     -   22s
     0     0 12700.3685    0  586 10265.6855 12700.3685  23.7%     -   22s
     0     0 12673.6656    0  890 10265.6855 12673.6656  23.5%     -   23s
     0     0 12673.6656    0  510 10265.6855 12673.6656  23.5%     -   30s
     0     0 12673.6656    0  565 10265.6855 12673.6656  23.5%     -   31s
H    0     0                    10289.150853 12673.6656  23.2%     -   31s
     0     0 12668.9351    0  567 10289.1509 12668.9351  23.1%     -   31s
     0     0 12589.4495    0  657 10289.1509 12589.4495  22.4%     -   31s
     0     0 12576.7511    0  728 10289.1509 12576.7511  22.2%     -   31s
H    0     0                    11109.443810 12576.7511  13.2%     -   31s
     0     0 12529.1891    0  693 11109.4438 12529.1891  12.8%     -   31s
H    0     0                    11131.432289 12529.1891  12.6%     -   31s
     0     0 12529.0557    0  721 11131.4323 12529.0557  12.6%     -   31s
     0     0 12529.0491    0  759 11131.4323 12529.0491  12.6%     -   31s
     0     0 12505.4341    0  772 11131.4323 12505.4341  12.3%     -   31s
     0     0 12502.9950    0  799 11131.4323 12502.9950  12.3%     -   31s
     0     0 12502.7298    0  799 11131.4323 12502.7298  12.3%     -   31s
     0     0 12502.7230    0  799 11131.4323 12502.7230  12.3%     -   31s
     0     0 12478.5628    0  893 11131.4323 12478.5628  12.1%     -   32s
     0     0 12422.8221    0  889 11131.4323 12422.8221  11.6%     -   32s
     0     0 12422.6212    0  876 11131.4323 12422.6212  11.6%     -   32s
     0     0 12422.5805    0  889 11131.4323 12422.5805  11.6%     -   32s
     0     0 12405.8243    0  901 11131.4323 12405.8243  11.4%     -   32s
     0     0 12405.6115    0  901 11131.4323 12405.6115  11.4%     -   32s
H    0     0                    11359.968896 12405.6115  9.20%     -   32s
     0     0 12403.7583    0  907 11359.9689 12403.7583  9.19%     -   32s
     0     0 12403.5062    0  965 11359.9689 12403.5062  9.19%     -   32s
     0     0 12403.4984    0  965 11359.9689 12403.4984  9.19%     -   32s
     0     0 12403.4782    0  965 11359.9689 12403.4782  9.19%     -   32s
     0     0 12403.4090    0  965 11359.9689 12403.4090  9.19%     -   32s
     0     0 12403.4063    0  965 11359.9689 12403.4063  9.19%     -   32s
     0     0 12403.3564    0  946 11359.9689 12403.3564  9.18%     -   33s
     0     0 12402.2382    0  931 11359.9689 12402.2382  9.17%     -   33s
     0     0 12402.1111    0  965 11359.9689 12402.1111  9.17%     -   33s
H    0     0                    11381.957375 12402.1111  8.96%     -   33s
     0     0 12402.1111    0  965 11381.9574 12402.1111  8.96%     -   37s
     0     2 12402.1111    0  965 11381.9574 12402.1111  8.96%     -   37s
    11     8 12370.7101    4  832 11381.9574 12370.7101  8.69%  65.6   40s
H   31    24                    11381.957377 12370.6549  8.69%  34.5   41s
H   32    25                    11420.604862 12370.6549  8.32%  34.0   41s
H   62    44                    11624.858160 12370.6549  6.42%  25.7   44s
    65    38 12320.4756   13  789 11624.8582 12370.6549  6.42%  25.8   46s
   204   139 12168.6715   40  734 11624.8582 12370.6549  6.42%  26.0   50s
H  719   405                    11624.858273 12177.6029  4.75%  24.1   54s
   836   470     cutoff   65      11624.8583 12166.4960  4.66%  22.9   55s
  1033   554 11710.4131   74  890 11624.8583 12166.4960  4.66%  20.9   61s
  1035   555 11859.7473   22  478 11624.8583 12166.4960  4.66%  20.8   65s
  1063   574 11790.1254   13  753 11624.8583 12166.4960  4.66%  20.3   74s
  1066   577 12166.4960   11  747 11624.8583 12166.4960  4.66%  61.2   91s
  1082   585 12166.4960   15  382 11624.8583 12166.4960  4.66%  61.7   96s
  1129   580     cutoff   20      11624.8583 12166.4960  4.66%  60.6  100s
  1177   587 11643.2567   26   65 11624.8583 12166.4960  4.66%  59.9  105s
H 1265   556                    11629.924107 12166.4960  4.61%  58.0  109s
  1298   554 12166.4960   17  349 11629.9241 12166.4960  4.61%  57.4  110s
H 1501   523                    11645.300000 12166.4960  4.48%  52.4  112s
  1850   515 11764.7388   58  211 11645.3000 12166.4960  4.48%  48.8  115s
H 2360   515                    11645.300050 12053.7966  3.51%  42.7  118s
H 2407   485                    11645.300064 12046.0384  3.44%  42.5  118s
H 2432   471                    11645.300077 12035.5718  3.35%  42.3  118s
H 2520   521                    11645.300081 12035.5718  3.35%  41.3  119s
H 2627   568                    11645.300084 12020.1019  3.22%  40.6  119s
H 2686   594                    11645.300147 12010.4440  3.14%  40.2  119s
  2724   591 11780.5213   70  356 11645.3001 11996.4558  3.02%  39.9  120s
  3402   720     cutoff   57      11645.3001 11892.4314  2.12%  36.3  125s
  4848   985 11707.9122   90  463 11645.3001 11771.0166  1.08%  30.7  130s
  6031   969     cutoff   54      11645.3001 11739.0407  0.80%  28.2  135s
  7110   548     cutoff   76      11645.3001 11707.5991  0.53%  27.0  140s

Cutting planes:
  Gomory: 31
  Cover: 19
  Implied bound: 1
  MIR: 25
  Flow cover: 15
  GUB cover: 12
  Inf proof: 2
  Zero half: 7

Explored 7846 nodes (255792 simplex iterations) in 141.94 seconds
Thread count was 8 (of 8 available processors)

Solution count 10: 11645.3 11645.3 11645.3 ... 11624.9

Optimal solution found (tolerance 1.00e-04)
Best objective 1.164530014685e+04, best bound 1.164530014685e+04, gap 0.0000%

Gurobi 8.1.0 (linux64) logging started Wed Jul 24 15:31:06 2019


--------------------------------------------
Warning: your license will expire in 10 days
--------------------------------------------


Gurobi Optimizer version 8.1.0 build v8.1.0rc1 (linux64)
Copyright (c) 2018, Gurobi Optimization, LLC

Read LP format model from file inspectors.lp
Reading time = 0.24 seconds
obj: 24959 rows, 35587 columns, 183908 nonzeros
Optimize a model with 24959 rows, 35587 columns and 183908 nonzeros
Variable types: 10580 continuous, 25007 integer (25007 binary)
Coefficient statistics:
  Matrix range     [2e-02, 2e+09]
  Objective range  [1e+00, 7e+02]
  Bounds range     [1e+00, 1e+00]
  RHS range        [1e+00, 3e+04]
Warning: Model contains large matrix coefficients
         Consider reformulating model or setting NumericFocus parameter
         to avoid numerical issues.
Found heuristic solution: objective -0.0000000
Presolve removed 12087 rows and 15423 columns
Presolve time: 0.57s
Presolved: 12872 rows, 20164 columns, 82544 nonzeros
Variable types: 3999 continuous, 16165 integer (15864 binary)

Root simplex log...

Iteration    Objective       Primal Inf.    Dual Inf.      Time
   27860    1.6321067e+05   1.142382e+05   0.000000e+00      5s
   34611    1.1917777e+05   4.747255e+05   0.000000e+00     10s
   41011    7.1404844e+04   1.395547e+04   0.000000e+00     15s
   48252    1.2890385e+04   4.258778e+03   0.000000e+00     20s
   48326    1.2863454e+04   0.000000e+00   0.000000e+00     20s

Root relaxation: objective 1.286345e+04, 48326 iterations, 19.47 seconds

    Nodes    |    Current Node    |     Objective Bounds      |     Work
 Expl Unexpl |  Obj  Depth IntInf | Incumbent    BestBd   Gap | It/Node Time

     0     0 12863.4538    0  584   -0.00000 12863.4538      -     -   20s
H    0     0                    10024.588793 12863.4538  28.3%     -   20s
     0     0 12832.2678    0  571 10024.5888 12832.2678  28.0%     -   20s
H    0     0                    10265.685480 12832.2678  25.0%     -   21s
     0     0 12825.6074    0  672 10265.6855 12825.6074  24.9%     -   21s
     0     0 12757.2446    0  505 10265.6855 12757.2446  24.3%     -   21s
     0     0 12757.2190    0  505 10265.6855 12757.2190  24.3%     -   22s
     0     0 12700.3685    0  586 10265.6855 12700.3685  23.7%     -   22s
     0     0 12673.6656    0  890 10265.6855 12673.6656  23.5%     -   22s
     0     0 12673.6656    0  510 10265.6855 12673.6656  23.5%     -   30s
     0     0 12673.6656    0  565 10265.6855 12673.6656  23.5%     -   30s
H    0     0                    10289.150853 12673.6656  23.2%     -   30s
     0     0 12668.9351    0  567 10289.1509 12668.9351  23.1%     -   30s
     0     0 12589.4495    0  657 10289.1509 12589.4495  22.4%     -   30s
     0     0 12576.7511    0  728 10289.1509 12576.7511  22.2%     -   30s
H    0     0                    11109.443810 12576.7511  13.2%     -   31s
     0     0 12529.1891    0  693 11109.4438 12529.1891  12.8%     -   31s
H    0     0                    11131.432289 12529.1891  12.6%     -   31s
     0     0 12529.0557    0  721 11131.4323 12529.0557  12.6%     -   31s
     0     0 12529.0491    0  759 11131.4323 12529.0491  12.6%     -   31s
     0     0 12505.4341    0  772 11131.4323 12505.4341  12.3%     -   31s
     0     0 12502.9950    0  799 11131.4323 12502.9950  12.3%     -   31s
     0     0 12502.7298    0  799 11131.4323 12502.7298  12.3%     -   31s
     0     0 12502.7230    0  799 11131.4323 12502.7230  12.3%     -   31s
     0     0 12478.5628    0  893 11131.4323 12478.5628  12.1%     -   31s
     0     0 12422.8221    0  889 11131.4323 12422.8221  11.6%     -   31s
     0     0 12422.6212    0  876 11131.4323 12422.6212  11.6%     -   31s
     0     0 12422.5805    0  889 11131.4323 12422.5805  11.6%     -   31s
     0     0 12405.8243    0  901 11131.4323 12405.8243  11.4%     -   31s
     0     0 12405.6115    0  901 11131.4323 12405.6115  11.4%     -   31s
H    0     0                    11359.968896 12405.6115  9.20%     -   31s
     0     0 12403.7583    0  907 11359.9689 12403.7583  9.19%     -   32s
     0     0 12403.5062    0  965 11359.9689 12403.5062  9.19%     -   32s
     0     0 12403.4984    0  965 11359.9689 12403.4984  9.19%     -   32s
     0     0 12403.4782    0  965 11359.9689 12403.4782  9.19%     -   32s
     0     0 12403.4090    0  965 11359.9689 12403.4090  9.19%     -   32s
     0     0 12403.4063    0  965 11359.9689 12403.4063  9.19%     -   32s
     0     0 12403.3564    0  946 11359.9689 12403.3564  9.18%     -   32s
     0     0 12402.2382    0  931 11359.9689 12402.2382  9.17%     -   32s
     0     0 12402.1111    0  965 11359.9689 12402.1111  9.17%     -   32s
H    0     0                    11381.957375 12402.1111  8.96%     -   32s
     0     0 12402.1111    0  965 11381.9574 12402.1111  8.96%     -   36s
     0     2 12402.1111    0  965 11381.9574 12402.1111  8.96%     -   36s
    29    22 12350.9811    8  873 11381.9574 12370.6549  8.69%  36.6   40s
H   31    24                    11381.957377 12370.6549  8.69%  34.5   40s
H   32    25                    11420.604862 12370.6549  8.32%  34.0   40s
H   62    44                    11624.858160 12370.6549  6.42%  25.7   42s
    75    48 12296.7084   15  939 11624.8582 12370.6549  6.42%  26.6   45s
   316   201 11738.1122   19  746 11624.8582 12295.8622  5.77%  25.9   50s
H  719   405                    11624.858273 12177.6029  4.75%  24.1   52s
  1033   554 11710.4131   74  890 11624.8583 12166.4960  4.66%  20.9   60s
  1051   566 11830.6440    8  886 11624.8583 12166.4960  4.66%  20.5   65s
  1063   574 11790.1254   13  753 11624.8583 12166.4960  4.66%  20.3   72s
  1066   577 12166.4960   11  747 11624.8583 12166.4960  4.66%  61.2   89s
  1068   578 12166.4960   12  469 11624.8583 12166.4960  4.66%  61.2   90s
  1086   584 11996.4947   15  361 11624.8583 12166.4960  4.66%  61.8   95s
  1150   584 12025.2584   23  271 11624.8583 12166.4960  4.66%  60.0  101s
  1202   593 11792.3693   29  182 11624.8583 12166.4960  4.66%  59.6  105s
H 1265   556                    11629.924107 12166.4960  4.61%  58.0  107s
  1489   554 11715.3256   64  280 11629.9241 12166.4960  4.61%  52.5  110s
H 1501   523                    11645.300000 12166.4960  4.48%  52.4  110s
  2092   489 11788.7839   23  301 11645.3000 12108.4587  3.98%  45.9  115s
H 2360   515                    11645.300050 12053.7966  3.51%  42.7  116s
H 2407   485                    11645.300064 12046.0384  3.44%  42.5  116s
H 2432   471                    11645.300077 12035.5718  3.35%  42.3  116s
H 2520   521                    11645.300081 12035.5718  3.35%  41.3  117s
H 2627   568                    11645.300084 12020.1019  3.22%  40.6  117s
H 2686   594                    11645.300147 12010.4440  3.14%  40.2  117s
  3059   691 11692.8871   61   57 11645.3001 11973.0561  2.81%  37.7  120s
  3899   796 11672.4549   26  104 11645.3001 11815.6655  1.46%  34.1  125s
  5592  1005     cutoff   56      11645.3001 11753.9433  0.93%  28.8  130s
  6630   839 11686.7395   57  120 11645.3001 11724.4765  0.68%  27.2  135s

Cutting planes:
  Gomory: 31
  Cover: 19
  Implied bound: 1
  MIR: 25
  Flow cover: 15
  GUB cover: 12
  Inf proof: 2
  Zero half: 7

Explored 7846 nodes (255792 simplex iterations) in 139.80 seconds
Thread count was 8 (of 8 available processors)

Solution count 10: 11645.3 11645.3 11645.3 ... 11624.9

Optimal solution found (tolerance 1.00e-04)
Best objective 1.164530014685e+04, best bound 1.164530014685e+04, gap 0.0000%

Wrote result file 'inspectors.sol'


Gurobi 8.1.0 (linux64) logging started Thu Jul 25 10:55:24 2019


--------------------------------------------
Warning: your license will expire in 9 days
--------------------------------------------


Gurobi Optimizer version 8.1.0 build v8.1.0rc1 (linux64)
Copyright (c) 2018, Gurobi Optimization, LLC

Read LP format model from file inspectors.lp
Reading time = 0.45 seconds
obj: 39338 rows, 60730 columns, 357644 nonzeros
Optimize a model with 39338 rows, 60730 columns and 357644 nonzeros
Variable types: 10580 continuous, 50150 integer (50150 binary)
Coefficient statistics:
  Matrix range     [2e-02, 2e+09]
  Objective range  [1e+00, 7e+02]
  Bounds range     [1e+00, 1e+00]
  RHS range        [1e+00, 3e+04]
Warning: Model contains large matrix coefficients
         Consider reformulating model or setting NumericFocus parameter
         to avoid numerical issues.
Presolve removed 16534 rows and 23504 columns
Presolve time: 2.54s
Presolved: 22804 rows, 37226 columns, 177798 nonzeros
Variable types: 5555 continuous, 31671 integer (31238 binary)

Deterministic concurrent LP optimizer: primal and dual simplex
Showing first log only...


Root simplex log...

Iteration    Objective       Primal Inf.    Dual Inf.      Time
   22115    2.4090720e+04   0.000000e+00   2.844142e+06      5s
   30466    2.6437211e+04   0.000000e+00   0.000000e+00      7s
   30466    2.6437211e+04   0.000000e+00   0.000000e+00      7s
Concurrent spin time: 1.96s

Solved with primal simplex

Root relaxation: objective 2.643721e+04, 30466 iterations, 6.15 seconds

    Nodes    |    Current Node    |     Objective Bounds      |     Work
 Expl Unexpl |  Obj  Depth IntInf | Incumbent    BestBd   Gap | It/Node Time

     0     0 26437.2113    0 1392          - 26437.2113      -     -    9s
H    0     0                      -0.0000000 26437.2113      -     -    9s
H    0     0                    13286.677611 26437.2113  99.0%     -    9s
     0     0 26399.5751    0 1617 13286.6776 26399.5751  98.7%     -   11s
H    0     0                    13439.782132 26399.5751  96.4%     -   11s
H    0     0                    17921.714966 26399.5751  47.3%     -   12s
     0     0 26391.0268    0 1800 17921.7150 26391.0268  47.3%     -   12s
     0     0 26391.0032    0 1800 17921.7150 26391.0032  47.3%     -   12s
     0     0 26390.9992    0 1843 17921.7150 26390.9992  47.3%     -   12s
H    0     0                    18588.752526 26390.9992  42.0%     -   14s
H    0     0                    20225.836129 26390.9992  30.5%     -   14s
H    0     0                    20740.831284 26390.9992  27.2%     -   14s
H    0     0                    22466.869225 26390.9992  17.5%     -   14s
H    0     0                    22599.111510 26390.9992  16.8%     -   16s
     0     0 26337.8426    0 1630 22599.1115 26337.8426  16.5%     -   16s
H    0     0                    22599.111681 26337.8426  16.5%     -   16s
     0     0 26337.6108    0 1630 22599.1117 26337.6108  16.5%     -   16s
     0     0 26337.5535    0 1647 22599.1117 26337.5535  16.5%     -   16s
H    0     0                    24048.774925 26337.5535  9.52%     -   16s
     0     0 26337.4847    0 1653 24048.7749 26337.4847  9.52%     -   17s
     0     0 26337.4835    0 1653 24048.7749 26337.4835  9.52%     -   17s
H    0     0                    24061.152593 26337.4835  9.46%     -   18s
     0     0 26239.6632    0 1755 24061.1526 26239.6632  9.05%     -   18s
H    0     0                    24061.152765 26239.6632  9.05%     -   18s
     0     0 26239.5282    0 1791 24061.1528 26239.5282  9.05%     -   18s
     0     0 26239.4891    0 1750 24061.1528 26239.4891  9.05%     -   18s
     0     0 26239.3800    0 1791 24061.1528 26239.3800  9.05%     -   18s
     0     0 26239.3597    0 1750 24061.1528 26239.3597  9.05%     -   19s
     0     0 26213.9489    0 1891 24061.1528 26213.9489  8.95%     -   19s
     0     0 26212.3604    0 1747 24061.1528 26212.3604  8.94%     -   20s
     0     0 26212.3467    0 1747 24061.1528 26212.3467  8.94%     -   20s
     0     0 26204.7349    0 1760 24061.1528 26204.7349  8.91%     -   20s
     0     0 26204.7018    0 1804 24061.1528 26204.7018  8.91%     -   20s
     0     0 26204.6886    0 1804 24061.1528 26204.6886  8.91%     -   20s
     0     0 26191.5152    0 1931 24061.1528 26191.5152  8.85%     -   21s
H    0     0                    24524.410915 26191.5152  6.80%     -   21s
     0     0 26191.2224    0 1897 24524.4109 26191.2224  6.80%     -   21s
     0     0 26191.2162    0 1897 24524.4109 26191.2162  6.80%     -   21s
     0     0 26185.6928    0 1898 24524.4109 26185.6928  6.77%     -   22s
     0     0 26185.6518    0 1898 24524.4109 26185.6518  6.77%     -   22s
     0     0 26185.6428    0 1898 24524.4109 26185.6428  6.77%     -   22s
H    0     0                    24524.410929 26185.6428  6.77%     -   23s
     0     0 26085.3339    0 1776 24524.4109 26085.3339  6.36%     -   23s
H    0     0                    24524.411116 26085.3339  6.36%     -   23s
     0     0 26085.1451    0 1835 24524.4111 26085.1451  6.36%     -   23s
     0     0 26085.0949    0 1833 24524.4111 26085.0949  6.36%     -   23s
     0     0 26085.0831    0 1835 24524.4111 26085.0831  6.36%     -   23s
     0     0 26084.4934    0 1944 24524.4111 26084.4934  6.36%     -   24s
H    0     0                    24524.411129 26084.4934  6.36%     -   24s
     0     0 26084.2865    0 2069 24524.4111 26084.2865  6.36%     -   24s
     0     0 26084.2666    0 2102 24524.4111 26084.2666  6.36%     -   24s
     0     0 26073.8579    0 1885 24524.4111 26073.8579  6.32%     -   25s
     0     0 26071.7116    0 1946 24524.4111 26071.7116  6.31%     -   25s
     0     0 26071.2534    0 1822 24524.4111 26071.2534  6.31%     -   25s
     0     0 26071.1998    0 1822 24524.4111 26071.1998  6.31%     -   25s
     0     0 26071.1741    0 1822 24524.4111 26071.1741  6.31%     -   25s
     0     0 26063.4400    0 2053 24524.4111 26063.4400  6.28%     -   26s
H    0     0                    24524.411141 26063.4400  6.28%     -   26s
     0     0 26060.4246    0 1855 24524.4111 26060.4246  6.26%     -   27s
     0     0 26060.3537    0 1922 24524.4111 26060.3537  6.26%     -   27s
     0     0 26060.3301    0 1922 24524.4111 26060.3301  6.26%     -   27s
     0     0 26057.7244    0 1751 24524.4111 26057.7244  6.25%     -   27s
H    0     0                    24524.411154 26057.7244  6.25%     -   28s
     0     0 26057.6167    0 1847 24524.4112 26057.6167  6.25%     -   28s
     0     0 26057.4831    0 1847 24524.4112 26057.4831  6.25%     -   28s
     0     0 26057.4430    0 1847 24524.4112 26057.4430  6.25%     -   28s
     0     0 26057.1260    0 1918 24524.4112 26057.1260  6.25%     -   28s
H    0     0                    24524.411166 26057.1260  6.25%     -   29s
     0     0 26057.1157    0 1918 24524.4112 26057.1157  6.25%     -   29s
     0     0 26057.0374    0 1918 24524.4112 26057.0374  6.25%     -   29s
H    0     0                    24524.411178 26057.0374  6.25%     -   29s
     0     0 26056.9982    0 1918 24524.4112 26056.9982  6.25%     -   29s
     0     0 26056.9936    0 1918 24524.4112 26056.9936  6.25%     -   29s
H    0     0                    24524.411188 26056.9936  6.25%     -   29s
     0     0 26056.9936    0 1918 24524.4112 26056.9936  6.25%     -   32s
H    0     0                    24524.411198 26056.9936  6.25%     -   33s
H    0     2                    24524.411208 26056.9936  6.25%     -   34s
     0     2 26056.9936    0 1918 24524.4112 26056.9936  6.25%     -   34s
     3     8 26024.9508    2 1996 24524.4112 26042.5344  6.19%   177   35s
H   28    28                    24524.411217 26021.2441  6.10%  84.8   38s
    48    48 26004.3190   11 1967 24524.4112 26021.2441  6.10%  82.8   40s
H   60    60                    24524.411226 26021.2441  6.10%  82.3   41s
H   92    89                    24524.411235 26021.2441  6.10%  85.1   44s
   114   113 25952.7186   26 1552 24524.4112 26021.2441  6.10%  82.4   45s
H  127   123                    24524.411245 26021.2441  6.10%  84.5   46s
H  159   157                    24524.411253 26021.2441  6.10%  82.9   49s
   168   165 25801.7505   34 1585 24524.4113 26021.2441  6.10%  86.7   50s
H  190   186                    24524.411259 26021.2441  6.10%  87.3   52s
H  194   189                    24741.508586 26021.2441  5.17%  86.2   52s
H  203   197                    24741.509484 26021.2441  5.17%  85.0   53s
   227   222 25755.6150   47 1428 24741.5095 26021.2441  5.17%  87.1   55s
   325   313 25774.6958   69 1608 24741.5095 26021.2441  5.17%  76.5   60s
   393   378 25803.9008   78 1328 24741.5095 26021.2441  5.17%  73.2   67s
   415   399 25770.4181   83 1633 24741.5095 26021.2441  5.17%  75.1   71s
   479   458 25719.3425  101 1542 24741.5095 26021.2441  5.17%  75.4   76s
   535   510 25696.3985  115 1697 24741.5095 26021.2441  5.17%  76.1   81s
   623   590 25599.8044  131 1562 24741.5095 26021.2441  5.17%  77.0   86s
   696   658 25395.3458  150 1645 24741.5095 26021.2441  5.17%  75.9   90s
   812   761 25288.5780  170 1388 24741.5095 26021.2441  5.17%  70.8   95s
   942   872 25215.9531  196 1193 24741.5095 26021.2441  5.17%  67.3  102s
   995   911 25163.8119  212 1189 24741.5095 26021.2441  5.17%  66.2  105s
  1118  1013 24874.2020  273  833 24741.5095 26013.4824  5.14%  63.8  110s
  1174  1059 25542.8464  142 1918 24741.5095 26013.4824  5.14%  63.8  220s
  1176  1060 25595.3154   12 1284 24741.5095 26013.4824  5.14%  63.7  226s
  1182  1064 25737.3847   33 1776 24741.5095 25998.4866  5.08%  63.3  230s
  1188  1068 24913.8300  210 1933 24741.5095 25829.9838  4.40%  63.0  237s
  1192  1071 25373.5216   52 2197 24741.5095 25807.3312  4.31%  62.8  240s
  1197  1074 25223.9848  153 2303 24741.5095 25735.7160  4.02%  62.5  247s
  1198  1075 24780.9233   37 2270 24741.5095 25718.2750  3.95%  62.5  251s
  1203  1078 25018.9760  222 2468 24741.5095 25709.4056  3.91%  62.2  256s
  1204  1079 25280.8360  178 2166 24741.5095 25690.0178  3.83%  62.2  260s
  1207  1081 25392.2231  150 2336 24741.5095 25688.4611  3.83%  62.0  265s
  1211  1084 25376.0744   29 2351 24741.5095 25662.3261  3.72%  61.8  270s
  1213  1085 25640.5098   48 2177 24741.5095 25640.5098  3.63%  61.7  277s
  1218  1088 25322.7981   53 2284 24741.5095 25637.8475  3.62%  61.5  281s
  1219  1089 25627.7397   45 1965 24741.5095 25627.7397  3.58%  61.4  285s
  1224  1092 25370.1830   86 2035 24741.5095 25615.5342  3.53%  61.2  292s
  1226  1094 25612.0743   35 2304 24741.5095 25612.0743  3.52%  61.1  296s
  1230  1096 25114.2002  222 2417 24741.5095 25604.1693  3.49%  60.9  303s
  1231  1097 25598.0225   99 2392 24741.5095 25598.0225  3.46%  60.8  307s
  1233  1098 25596.4987   70 2439 24741.5095 25596.4987  3.46%  60.7  310s
  1236  1100 24877.1074  194 2384 24741.5095 25591.9263  3.44%  60.6  317s
  1237  1101 25591.0154  113 2325 24741.5095 25591.0154  3.43%  60.5  320s
  1239  1102 25590.9034   19 2329 24741.5095 25590.9034  3.43%  60.4  327s
  1240  1103 25590.7967   53 2360 24741.5095 25590.7967  3.43%  60.4  330s
  1248  1109 25589.7180   18 1348 24741.5095 25589.7180  3.43%  85.6  339s
  1249  1110 25448.2032   62 1369 24741.5095 25589.7180  3.43%  85.5  341s
  1252  1112 24883.1907  140 1919 24741.5095 25589.7180  3.43%  85.3  345s
  1262  1119 25588.7050   60 2350 24741.5095 25588.7050  3.42%  84.7  353s
  1263  1119 25582.2811   73 2024 24741.5095 25582.2811  3.40%  84.6  356s
  1267  1122 25390.1895  158 2493 24741.5095 25576.8821  3.38%  84.3  364s
  1269  1123 25576.5537   22 2340 24741.5095 25576.5537  3.38%  84.2  367s
  1270  1124 25387.9539   80 2531 24741.5095 25569.4063  3.35%  84.1  372s
  1272  1125 24890.6975  184 2601 24741.5095 25569.0656  3.34%  84.0  376s
  1273  1126 25151.3669  212 2371 24741.5095 25565.8843  3.33%  83.9  381s
  1277  1129 25426.7148   85 2702 24741.5095 25564.7725  3.33%  83.7  387s
  1278  1129 25562.4076   14 2131 24741.5095 25562.4076  3.32%  83.6  390s
  1281  1131 25560.9790   21 2736 24741.5095 25560.9790  3.31%  83.4  395s
  1285  1134 24954.3577  141 2590 24741.5095 25552.4028  3.28%  83.1  402s
  1286  1135 25441.1204   24 2487 24741.5095 25547.6956  3.26%  83.1  406s
  1288  1136 24913.8300  210 2539 24741.5095 25546.9441  3.26%  82.9  410s
  1291  1138 24820.6181   76 2440 24741.5095 25543.6981  3.24%  82.8  417s
  1292  1139 25373.5216   52 2408 24741.5095 25542.7749  3.24%  82.7  421s
  1294  1140 25540.5920    8 2518 24741.5095 25540.5920  3.23%  82.6  428s
  1297  1142 25223.9848  153 2662 24741.5095 25539.4738  3.23%  82.4  432s
  1298  1143 24780.9233   37 2340 24741.5095 25539.2166  3.22%  82.3  435s
  1301  1145 25466.2449   38 2083 24741.5095 25537.5485  3.22%  82.1  441s
H 1303  1087                    24749.061301 25537.1170  3.18%  82.0  447s
H 1303  1032                    24749.061624 25536.0500  3.18%  82.0  450s
H 1304   980                    24752.477501 25535.9620  3.17%  81.9  453s
  1306   981 25223.9848  153 2277 24752.4775 25534.8720  3.16%  81.8  456s
H 1307   932                    24752.477771 25534.8720  3.16%  81.7  458s
H 1307   885                    24752.477830 25534.8720  3.16%  81.7  458s
  1309   889 25533.9105   26 2332 24752.4778 25533.9105  3.16%   105  461s
  1315   895 25531.4487   28 2550 24752.4778 25531.4487  3.15%   106  466s
  1323   900 25531.1439   29 2558 24752.4778 25531.1439  3.15%   107  470s
  1339   906 25529.6030   31 2512 24752.4778 25529.6030  3.14%   108  476s
  1364   913 25519.6074   34 2728 24752.4778 25519.6074  3.10%   111  481s
  1391   936 25485.8580   36 1737 24752.4778 25517.5218  3.09%   112  485s
  1423   945 25505.6296   39 2620 24752.4778 25505.6296  3.04%   114  490s
  1457   955 25495.1956   42 2634 24752.4778 25495.1956  3.00%   116  496s
  1504   964 25489.0195   45 2488 24752.4778 25489.0195  2.98%   118  501s
  1558   974 25467.8977   48 2628 24752.4778 25485.7742  2.96%   119  505s
  1615   976 25459.0998   51 2583 24752.4778 25485.7742  2.96%   119  511s
  1643   988 25456.9121   53 2566 24752.4778 25485.7742  2.96%   121  515s
  1682  1003 25071.2331   55 2087 24752.4778 25485.7742  2.96%   122  520s
  1765  1032 25422.5928   59 2715 24752.4778 25485.7742  2.96%   122  527s
  1818  1051 25406.7667   62 2603 24752.4778 25485.7742  2.96%   122  532s
  1842  1064 25404.1837   64 2498 24752.4778 25485.7742  2.96%   122  535s
  1921  1097 25365.2219   70 2351 24752.4778 25485.7742  2.96%   122  541s
  1983  1121     cutoff   74      24752.4778 25485.7742  2.96%   122  547s
  2030  1124 25266.1458   78 1471 24752.4778 25485.7742  2.96%   122  551s
  2079  1137 24873.9221   81 1977 24752.4778 25485.7742  2.96%   122  555s
  2174  1152 24952.2364   95 2130 24752.4778 25485.7742  2.96%   122  563s
  2193  1155 24948.6717   98 2163 24752.4778 25485.7742  2.96%   123  568s
  2227  1164 24925.6764  104 1784 24752.4778 25485.7742  2.96%   124  572s
  2262  1182 24920.3879  110 1724 24752.4778 25485.7742  2.96%   125  577s
  2302  1190 24908.9029  117 1559 24752.4778 25485.7742  2.96%   126  582s
  2344  1198 24901.5806  124 1744 24752.4778 25485.7742  2.96%   127  587s
  2388  1209     cutoff  132      24752.4778 25478.2394  2.93%   128  591s
H 2416  1152                    24764.175584 25470.4961  2.85%   129  591s
  2425  1153     cutoff   40      24764.1756 25467.9638  2.84%   129  595s
H 2469  1117                    24764.175628 25449.9309  2.77%   130  600s
  2504  1121 25429.7485   49 1783 24764.1756 25429.7485  2.69%   131  605s
  2561  1116 25387.1505   54 1597 24764.1756 25425.1572  2.67%   132  610s
  2636  1112 25374.5046   60 1747 24764.1756 25425.1572  2.67%   132  615s
H 2678  1077                    24764.175648 25425.1572  2.67%   132  615s
  2695  1086 25354.3757   65 1703 24764.1756 25425.1572  2.67%   132  620s
H 2732  1045                    24764.175799 25425.1572  2.67%   131  620s
  2757  1060 25335.4940   70 1535 24764.1758 25425.1572  2.67%   131  626s
  2866  1080 25272.2480   74 2002 24764.1758 25425.1572  2.67%   129  632s
  2926  1093 25157.2755   79 1356 24764.1758 25411.6621  2.61%   130  638s
  3015  1137 25118.8665   93 1515 24764.1758 25411.6621  2.61%   129  644s
  3120  1183 25037.0631  103 1290 24764.1758 25411.6621  2.61%   128  650s
  3276  1234 24840.6371  122 1328 24764.1758 25390.9155  2.53%   125  657s
H 3446  1274                    24764.175951 25390.9155  2.53%   122  664s
  3613  1366 24921.7819   65 1921 24764.1760 25362.3464  2.42%   119  671s
  3712  1422 25061.7607   66 1766 24764.1760 25359.3914  2.40%   119  678s
  3785  1470 25005.7771   74 1849 24764.1760 25356.2042  2.39%   119  685s
  3940  1563 25283.5137   70 2029 24764.1760 25356.2042  2.39%   118  694s
H 3941  1563                    24764.176025 25356.2042  2.39%   118  694s
  4067  1646 24958.5374   98 2105 24764.1760 25353.5873  2.38%   118  702s
  4208  1719 25215.3078   77 2080 24764.1760 25353.4490  2.38%   117  711s
  4336  1793 25010.0024  105 1546 24764.1760 25352.8891  2.38%   117  721s
  4536  1941     cutoff   40      24764.1760 25345.2181  2.35%   115  730s
  4672  2011 25008.3307   71 1830 24764.1760 25341.3399  2.33%   115  739s
  4823  2119 25144.3055   56 1783 24764.1760 25335.7883  2.31%   115  750s
  4981  2239 25042.9198   48 1758 24764.1760 25328.7116  2.28%   114  760s
  5144  2319 25192.2831   67 1348 24764.1760 25328.7116  2.28%   114  771s
  5363  2439     cutoff   91      24764.1760 25328.7116  2.28%   113  782s
  5616  2577 25120.5942   71 1804 24764.1760 25315.5460  2.23%   111  793s
  5821  2685 24809.6914   94 1617 24764.1760 25311.6365  2.21%   111  808s
  6013  2773 25030.4022   61 1683 24764.1760 25308.2123  2.20%   111  821s
  6240  2911 24964.3750   71 1548 24764.1760 25290.9186  2.13%   110  834s
  6442  3030 25212.8280   37 1600 24764.1760 25289.3938  2.12%   110  847s
  6689  3221     cutoff   73      24764.1760 25280.1632  2.08%   109  862s
  6879  3348 24768.0488  118 1935 24764.1760 25277.6459  2.07%   109  878s
  7163  3503 24809.1243   49 1979 24764.1760 25276.3944  2.07%   108  893s
  7411  3637 infeasible   56      24764.1760 25266.5541  2.03%   108  910s
  7697  3779 25236.0366   34 2449 24764.1760 25264.7439  2.02%   108  928s
  7971  3975 24838.9780  105 1693 24764.1760 25257.3426  1.99%   107  947s
  8225  4152 25045.0909   89 2103 24764.1760 25249.5950  1.96%   107  966s
  8514  4310 25123.0073   74 1839 24764.1760 25240.6555  1.92%   107  986s
  8793  4452 24959.2213  123 1974 24764.1760 25234.5070  1.90%   108 1005s
H 8856  4452                    24764.176450 25234.5070  1.90%   107 1005s
  9093  4576 infeasible   84      24764.1764 25229.3966  1.88%   108 1028s
  9453  4715 24908.0447   83 1672 24764.1764 25220.7222  1.84%   107 1048s
  9805  4946 25070.9716   81 2017 24764.1764 25215.6946  1.82%   107 1069s
 10134  5122 24943.4355   87 1760 24764.1764 25210.7622  1.80%   107 1091s
 10549  5357     cutoff   45      24764.1764 25204.2467  1.78%   107 1119s
 10896  5520 24940.7075   89 1915 24764.1764 25201.7398  1.77%   107 1142s
 11239  5697 24891.3706   57 1409 24764.1764 25198.5571  1.75%   107 1169s
 11627  5903 24912.2886   71 1582 24764.1764 25195.7894  1.74%   107 1198s
 12087  6162 24896.2699   79 1775 24764.1764 25193.0422  1.73%   107 1229s
 12544  6483 25069.5254   43 1705 24764.1764 25186.7117  1.71%   107 1253s
 13008  6815 24992.8273   75 1954 24764.1764 25180.8689  1.68%   106 1283s
 13530  7155 24851.3165   91 1519 24764.1764 25177.8762  1.67%   105 1306s
 14040  7442     cutoff   48      24764.1764 25174.9865  1.66%   104 1330s
 14503  7750 24944.0518   95 1461 24764.1764 25170.9104  1.64%   104 1355s
 14877  7969 24856.5021   99 1073 24764.1764 25170.0715  1.64%   104 1380s
 15329  8229 25045.5175   85 1586 24764.1764 25162.8899  1.61%   104 1404s
 15801  8525 24922.6424  113 2017 24764.1764 25160.4909  1.60%   103 1433s
 16309  8780 24909.6104   58 1624 24764.1764 25157.0693  1.59%   103 1457s
 16690  8979 24891.6160   74 1549 24764.1764 25155.4197  1.58%   103 1481s
H16720  8979                    24764.176854 25155.4197  1.58%   103 1481s
 17084  9172 24880.6319  104 1578 24764.1769 25151.0711  1.56%   103 1511s
 17519  9361     cutoff   74      24764.1769 25148.1131  1.55%   103 1539s
 18057  9602 25011.6385   90 1973 24764.1769 25146.3625  1.54%   102 1567s
 18468  9832 25012.5923   47 2561 24764.1769 25143.6594  1.53%   103 1591s
 18900 10088 24822.9210   77 1475 24764.1769 25142.0169  1.53%   102 1618s
 19349 10341 25009.1634   56 1825 24764.1769 25140.7114  1.52%   102 1648s
 19833 10651 25091.4660   40 1840 24764.1769 25139.4935  1.52%   102 1679s
 20322 10906 24997.7236   89 2093 24764.1769 25137.5619  1.51%   102 1704s
 20760 11116     cutoff   44      24764.1769 25136.4492  1.50%   102 1942s
 21168 11283 24954.0199   61 1450 24764.1769 25133.6366  1.49%   102 1972s
 21602 11516     cutoff   51      24764.1769 25131.7264  1.48%   102 2005s
 22106 11835 25027.0963   58 1321 24764.1769 25131.0565  1.48%   101 2036s
 22612 12107 24854.8859   54 1877 24764.1769 25129.4739  1.48%   101 2065s
 23027 12361 24854.4216   59 1324 24764.1769 25127.3989  1.47%   101 2095s
 23485 12650 24825.9768   69  670 24764.1769 25125.8442  1.46%   101 2126s
 23932 12915     cutoff   80      24764.1769 25124.6823  1.46%   101 2154s
 24391 13191 24855.5810   94 1598 24764.1769 25122.2936  1.45%   101 2185s
 24819 13377 25066.0434   64 1299 24764.1769 25121.2509  1.44%   101 2208s
 25165 13557 infeasible   54      24764.1769 25118.5269  1.43%   101 2232s
 25530 13688 24887.9817  106 1563 24764.1769 25116.4743  1.42%   101 2259s
H25828  6533                    24916.911918 25116.3696  0.80%   101 2259s
 25926  6468     cutoff   51      24916.9119 25116.2309  0.80%   101 2285s
H26069  6512                    24916.912705 25116.2309  0.80%   102 2285s
 26203  6481     cutoff   56      24916.9127 25111.2934  0.78%   102 2309s
H26207  6481                    24916.912757 25111.2934  0.78%   102 2309s
H26316  6503                    24916.912798 25110.8797  0.78%   102 2309s
 26420  6444     cutoff   65      24916.9128 25105.0095  0.75%   102 2335s
H26472  6449                    24916.912830 25104.7594  0.75%   103 2335s
 26622  6391     cutoff   84      24916.9128 25098.3908  0.73%   103 2366s
H26712  6412                    24916.912858 25098.3552  0.73%   103 2366s
 26898  6377     cutoff   78      24916.9129 25093.3718  0.71%   104 2397s
H26900  6377                    24916.912886 25093.3718  0.71%   104 2397s
 27138  6319     cutoff   91      24916.9129 25091.0319  0.70%   104 2419s
H27139  6319                    24916.912914 25091.0319  0.70%   104 2419s
 27302  6261     cutoff   42      24916.9129 25086.2254  0.68%   105 2442s
 27509  6211     cutoff   71      24916.9129 25081.6890  0.66%   105 2469s
H27555  6211                    24916.912942 25081.6281  0.66%   105 2469s
 27659  6136     cutoff   83      24916.9129 25078.0265  0.65%   105 2502s
 27960  6117     cutoff   47      24916.9129 25074.4540  0.63%   106 2536s
H27961  6117                    24916.912968 25074.4540  0.63%   106 2536s
H28023  6122                    24916.913030 25074.4470  0.63%   106 2536s
 28201  6080 25005.5974   84 1259 24916.9130 25070.7610  0.62%   106 2562s
 28365  6011     cutoff   59      24916.9130 25066.2532  0.60%   107 2589s
 28517  5944     cutoff   73      24916.9130 25062.7603  0.59%   107 2616s
H28601  5956                    24916.913054 25062.7249  0.59%   107 2616s
 28670  5872     cutoff   60      24916.9131 25059.5945  0.57%   108 2643s
 28840  5793     cutoff  114      24916.9131 25056.6907  0.56%   108 2666s
H28863  5793                    24916.913076 25056.6874  0.56%   108 2666s
 28998  5728     cutoff   91      24916.9131 25053.1905  0.55%   108 2685s
 29136  5655     cutoff   42      24916.9131 25050.6222  0.54%   109 2710s
 29317  5581     cutoff   91      24916.9131 25047.4386  0.52%   109 2729s
H29318  5581                    24916.913099 25047.4386  0.52%   109 2729s
 29457  5506 24984.2205   52 1694 24916.9131 25044.8618  0.51%   109 2745s
 29578  5428     cutoff   60      24916.9131 25042.4001  0.50%   109 2762s
 29685  5345     cutoff   45      24916.9131 25039.9219  0.49%   110 2786s
 29851  5297     cutoff   79      24916.9131 25036.8817  0.48%   110 2814s
H29853  5297                    24916.913120 25036.8817  0.48%   110 2814s
 30035  5226     cutoff   62      24916.9131 25034.3899  0.47%   110 2829s
 30180  5161     cutoff   97      24916.9131 25031.9549  0.46%   110 2848s
 30319  5093     cutoff   72      24916.9131 25029.6979  0.45%   111 2866s
 30464  5021     cutoff   58      24916.9131 25027.2995  0.44%   111 2881s
 30592  4940     cutoff   91      24916.9131 25024.9777  0.43%   111 2899s
H30621  4940                    24916.913140 25024.9710  0.43%   111 2899s
 30713  4878     cutoff   88      24916.9131 25022.3309  0.42%   111 2912s
 30827  4800 24955.9024   38 1542 24916.9131 25020.0619  0.41%   111 2926s
 30943  4728     cutoff  105      24916.9131 25017.6371  0.40%   112 2941s
 31076  4651     cutoff   59      24916.9131 25015.6120  0.40%   112 2952s
 31180  4571     cutoff   41      24916.9131 25012.9824  0.39%   112 2962s
 31283  4489     cutoff  100      24916.9131 25010.9942  0.38%   112 2982s
H31348  4489                    24916.913161 25010.9752  0.38%   112 2982s
 31486  4449     cutoff   73      24916.9132 25008.6726  0.37%   112 2992s
 31589  4367     cutoff   91      24916.9132 25006.3508  0.36%   112 3005s
 31713  4288     cutoff   87      24916.9132 25003.8456  0.35%   112 3017s
 31818  4213     cutoff   76      24916.9132 25001.6054  0.34%   112 3030s
H31836  4213                    24916.913183 25001.6054  0.34%   112 3030s
 31934  4138     cutoff   70      24916.9132 24999.8789  0.33%   112 3045s
 32068  4059     cutoff   78      24916.9132 24997.9964  0.33%   112 3054s
 32175  3977     cutoff   45      24916.9132 24996.2890  0.32%   112 3064s
 32266  3893     cutoff   66      24916.9132 24994.7374  0.31%   112 3082s
 32408  3822 infeasible   57      24916.9132 24992.9060  0.30%   113 3092s
 32520  3744 24926.0564   56 1380 24916.9132 24991.1053  0.30%   113 3108s
 32669  3671 infeasible   76      24916.9132 24989.4725  0.29%   113 3120s
H32684  3671                    24916.913202 24989.4568  0.29%   113 3120s
 32787  3600 24942.5836   97 1144 24916.9132 24987.4650  0.28%   113 3127s
 32895  3519     cutoff   80      24916.9132 24985.6905  0.28%   113 3134s
 33002  3440     cutoff   68      24916.9132 24984.1180  0.27%   113 3141s
 33095  3358 infeasible   79      24916.9132 24982.5181  0.26%   113 3149s
 33196  3276     cutoff   78      24916.9132 24980.9629  0.26%   113 3160s
 33329  3196     cutoff   81      24916.9132 24979.2476  0.25%   113 3169s
 33453  3117     cutoff   51      24916.9132 24977.5894  0.24%   113 3177s
 33554  3033     cutoff   52      24916.9132 24976.0152  0.24%   113 3186s
H33569  3033                    24916.913219 24976.0152  0.24%   113 3186s
 33645  2949     cutoff   75      24916.9132 24974.3189  0.23%   113 3195s
 33752  2872     cutoff   69      24916.9132 24972.3328  0.22%   113 3203s
 33859  2792     cutoff   49      24916.9132 24970.8912  0.22%   113 3212s
 33991  2722     cutoff   99      24916.9132 24969.4242  0.21%   113 3223s
 34103  2640     cutoff   70      24916.9132 24968.0683  0.21%   113 3230s
 34191  2556     cutoff   65      24916.9132 24966.5970  0.20%   113 3239s
 34345  2493     cutoff   60      24916.9132 24964.9410  0.19%   113 3247s
 34439  2411     cutoff   83      24916.9132 24962.9531  0.18%   113 3256s
H34479  2411                    24916.913236 24962.8904  0.18%   113 3256s
 34536  2327     cutoff   87      24916.9132 24961.2914  0.18%   113 3264s
 34638  2254     cutoff   66      24916.9132 24959.9172  0.17%   113 3270s
 34788  2194 infeasible   84      24916.9132 24958.4467  0.17%   113 3275s
 34997  2032     cutoff   92      24916.9132 24955.0919  0.15%   113 3286s
 35098  1951 infeasible  105      24916.9132 24953.5131  0.15%   113 3291s
 35190  1867     cutoff   80      24916.9132 24951.9947  0.14%   113 3296s
 35277  1783     cutoff   55      24916.9132 24950.2306  0.13%   113 3303s
H35327  1783                    24916.913252 24950.2244  0.13%   113 3303s
 35386  1706 infeasible  112      24916.9133 24948.6715  0.13%   113 3307s
 35475  1622     cutoff   83      24916.9133 24947.1945  0.12%   113 3312s
 35560  1538     cutoff   89      24916.9133 24945.6823  0.12%   113 3316s
 35648  1454     cutoff   82      24916.9133 24944.3332  0.11%   113 3320s
 35824  1286     cutoff   54      24916.9133 24941.5987  0.10%   113 3329s
 35922  1202     cutoff   60      24916.9133 24940.0074  0.09%   113 3333s
 36010  1118     cutoff   70      24916.9133 24938.6603  0.09%   113 3337s
 36097  1034 infeasible   88      24916.9133 24937.3034  0.08%   112 3340s
 36275   866     cutoff   89      24916.9133 24934.7496  0.07%   112 3346s
 36359   782     cutoff   73      24916.9133 24933.3427  0.07%   112 3350s
 36531   614 infeasible  106      24916.9133 24930.8402  0.06%   112 3358s
 36619   530     cutoff  120      24916.9133 24929.3385  0.05%   112 3362s
 36706   446     cutoff  119      24916.9133 24927.5348  0.04%   112 3365s
 36874   278     cutoff   69      24916.9133 24924.2800  0.03%   111 3371s
 37042   110     cutoff   70      24916.9133 24920.7645  0.02%   111 3375s

Cutting planes:
  Gomory: 71
  Cover: 43
  Implied bound: 2
  MIR: 130
  StrongCG: 1
  Flow cover: 94
  GUB cover: 50
  Inf proof: 7
  Zero half: 58

Explored 37126 nodes (4153017 simplex iterations) in 3375.53 seconds
Thread count was 8 (of 8 available processors)

Solution count 10: 24916.9 24916.9 24916.9 ... 24916.9

Optimal solution found (tolerance 1.00e-04)
Best objective 2.491691333374e+04, best bound 2.491935803232e+04, gap 0.0098%

Wrote result file 'six_inspectors.sol'

