
Gurobi 8.1.1 (mac64, Python) logging started Tue Jul 30 16:26:12 2019

Academic license - for non-commercial use only

Gurobi 8.1.1 (mac64, Python) logging started Tue Jul 30 16:32:48 2019

Academic license - for non-commercial use only

Gurobi 8.1.1 (mac64, Python) logging started Tue Jul 30 16:34:58 2019

Academic license - for non-commercial use only

Gurobi 8.1.1 (mac64, Python) logging started Tue Jul 30 16:36:03 2019

Academic license - for non-commercial use only

Gurobi 8.1.1 (mac64, Python) logging started Wed Jul 31 14:45:18 2019

Academic license - for non-commercial use only

Gurobi 8.1.1 (mac64, Python) logging started Wed Jul 31 14:47:15 2019

Academic license - for non-commercial use only

Gurobi 8.1.1 (mac64, Python) logging started Wed Jul 31 14:49:18 2019

Academic license - for non-commercial use only
Optimize a model with 25100 rows, 35805 columns and 184514 nonzeros
Variable types: 10619 continuous, 25186 integer (25186 binary)
Coefficient statistics:
  Matrix range     [2e-02, 2e+09]
  Objective range  [1e+00, 7e+02]
  Bounds range     [1e+00, 1e+00]
  RHS range        [1e+00, 3e+04]
Warning: Model contains large matrix coefficients
         Consider reformulating model or setting NumericFocus parameter
         to avoid numerical issues.
Presolve removed 12086 rows and 15593 columns
Presolve time: 1.66s
Presolved: 13014 rows, 20212 columns, 84817 nonzeros
Variable types: 4200 continuous, 16012 integer (15694 binary)
Found heuristic solution: objective 1344.5117584
Found heuristic solution: objective 4465.2249981

Root simplex log...

Iteration    Objective       Primal Inf.    Dual Inf.      Time
   27446    1.8847440e+05   2.700850e+06   0.000000e+00      5s
   34052    1.2230261e+05   3.673302e+05   0.000000e+00     10s
   39452    7.5105966e+04   3.265175e+04   0.000000e+00     15s
   44899    3.5188801e+04   9.140739e+02   0.000000e+00     20s
   46176    1.2863492e+04   0.000000e+00   0.000000e+00     21s

Root relaxation: objective 1.286349e+04, 46176 iterations, 19.12 seconds

    Nodes    |    Current Node    |     Objective Bounds      |     Work
 Expl Unexpl |  Obj  Depth IntInf | Incumbent    BestBd   Gap | It/Node Time

     0     0 12863.4918    0  598 4465.22500 12863.4918   188%     -   21s
H    0     0                    9192.5668320 12863.4918  39.9%     -   21s
     0     0 12826.5854    0  524 9192.56683 12826.5854  39.5%     -   21s
H    0     0                    9192.5669178 12826.5854  39.5%     -   21s
     0     0 12772.4822    0  556 9192.56692 12772.4822  38.9%     -   22s
     0     0 12772.4056    0  556 9192.56692 12772.4056  38.9%     -   22s
     0     0 12708.8845    0  640 9192.56692 12708.8845  38.3%     -   23s
     0     0 12708.8496    0  640 9192.56692 12708.8496  38.3%     -   23s
     0     0 12671.2226    0  600 9192.56692 12671.2226  37.8%     -   23s
H    0     0                    10188.858181 12671.2226  24.4%     -   23s
     0     0 12671.2148    0  627 10188.8582 12671.2148  24.4%     -   23s
     0     0 12667.0431    0  643 10188.8582 12667.0431  24.3%     -   23s
     0     0 12667.0162    0  643 10188.8582 12667.0162  24.3%     -   23s
     0     0 12666.9840    0  643 10188.8582 12666.9840  24.3%     -   23s
     0     0 12666.9518    0  643 10188.8582 12666.9518  24.3%     -   23s
     0     0 12666.9361    0  684 10188.8582 12666.9361  24.3%     -   24s
     0     0 12663.7620    0  659 10188.8582 12663.7620  24.3%     -   24s
H    0     0                    10377.450323 12663.7620  22.0%     -   24s
H    0     0                    10414.744133 12663.7620  21.6%     -   24s
     0     0 12663.7366    0  650 10414.7441 12663.7366  21.6%     -   24s
     0     0 12663.7360    0  650 10414.7441 12663.7360  21.6%     -   24s
     0     0 12656.8556    0  755 10414.7441 12656.8556  21.5%     -   24s
     0     0 12656.3095    0  718 10414.7441 12656.3095  21.5%     -   24s
     0     0 12656.3095    0  720 10414.7441 12656.3095  21.5%     -   24s
     0     0 12656.3095    0  720 10414.7441 12656.3095  21.5%     -   47s
H    0     0                    11257.100953 12656.3095  12.4%     -   47s
H    0     0                    11257.100954 12656.3095  12.4%     -   48s
     0     2 12656.3095    0  720 11257.1010 12656.3095  12.4%     -   48s
     1     4 12648.2626    1  665 11257.1010 12648.2626  12.4%  67.0   64s
     3     6 12643.9319    2  782 11257.1010 12643.9319  12.3%  78.0   71s
     5     8 12635.5564    3  820 11257.1010 12635.5564  12.2%  62.4   75s
     9    10 12627.3075    5  702 11257.1010 12633.5186  12.2%  49.4   80s
    15    16 12617.4866    8  710 11257.1010 12633.5186  12.2%  37.2   87s
    22    24 12606.9475   11  695 11257.1010 12633.5186  12.2%  39.8   91s
    26    25 12595.9032   13  652 11257.1010 12633.5186  12.2%  44.3   95s
H   27    25                    11270.197432 12633.5186  12.1%  42.6   95s
    31    30 12584.3286   15  643 11270.1974 12633.5186  12.1%  48.3  102s
    41    41 12566.2170   21  665 11270.1974 12633.5186  12.1%  42.3  108s
    46    44 12497.0248   22  545 11270.1974 12633.5186  12.1%  45.7  111s
H   55    54                    11533.305202 12633.5186  9.54%  40.6  116s
    58    56 12544.9662   26  582 11533.3052 12633.5186  9.54%  41.4  123s
    63    61 12543.0234   29  514 11533.3052 12633.5186  9.54%  41.1  128s
    71    67     cutoff   33      11533.3052 12633.5186  9.54%  43.9  144s
    77    71 12503.4807   37  737 11533.3052 12633.5186  9.54%  45.7  149s
    89    83 12475.9387   43  783 11533.3052 12633.5186  9.54%  48.8  153s
    96    86 12446.9048   47  657 11533.3052 12633.5186  9.54%  51.8  156s
H  106    88                    11533.305240 12633.5186  9.54%  49.5  159s
H  116    97                    11820.259018 12633.5186  6.88%  52.6  164s
   126   102 12020.7747   58  450 11820.2590 12633.5186  6.88%  57.6  167s
   142   116 12353.3202   68  674 11820.2590 12633.5186  6.88%  54.4  171s
H  145   116                    11820.259048 12633.5186  6.88%  53.4  171s
   164   136 12309.4883   77  549 11820.2590 12633.5186  6.88%  51.5  176s
H  188   156                    11820.259078 12633.5186  6.88%  48.5  179s
   220   168     cutoff  106      11820.2591 12633.5186  6.88%  47.4  182s
H  236   168                    11820.259107 12633.5186  6.88%  45.1  182s
   262   186 11980.8514  125  479 11820.2591 12614.6923  6.72%  45.5  185s
H  293   198                    11820.259135 12614.6923  6.72%  44.0  187s
H  384   236                    11820.259162 12612.9201  6.71%  39.4  189s
   392   247 12397.8664   10  609 11820.2592 12584.3286  6.46%  40.1  191s
H  411   247                    11820.259189 12584.3286  6.46%  39.1  191s
H  509   307                    11820.259216 12584.3286  6.46%  35.0  193s
   532   325 11909.9070   78  271 11820.2592 12553.3463  6.20%  35.0  196s
H  536   325                    11820.259239 12553.3463  6.20%  34.8  196s
H  637   375                    11820.259262 12553.3463  6.20%  34.6  199s
   695   425 12138.1550   79  434 11820.2593 12541.4330  6.10%  33.9  201s
H  713   425                    11820.259283 12541.4330  6.10%  33.4  201s
   751   472 12322.9737   19  720 11820.2593 12541.4330  6.10%  33.1  227s
   753   473 12142.2764   31  482 11820.2593 12541.4330  6.10%  33.0  230s
   772   486 12084.0172    9  717 11820.2593 12312.2911  4.16%  32.2  235s
   780   491 12108.7752   39  720 11820.2593 12297.5004  4.04%  31.9  252s
   783   494 12291.7613   14  753 11820.2593 12291.7613  3.99%  29.2  283s
   785   495 12277.1631   15  786 11820.2593 12277.1631  3.87%  29.4  286s
   793   493 11868.7856   17  605 11820.2593 12253.2473  3.66%  30.0  290s
   804   491 12071.1930   18  624 11820.2593 12216.6342  3.35%  30.8  297s
   811   490 11851.0432   22  532 11820.2593 12215.9378  3.35%  30.9  300s
   837   487 12052.8794   24  572 11820.2593 12193.3605  3.16%  31.3  305s
   878   489 11937.8099   39  592 11820.2593 12192.5792  3.15%  32.4  310s
   912   473 infeasible   28      11820.2593 12132.0522  2.64%  33.5  316s
  1027   422 11822.6597   62  456 11820.2593 11923.2905  0.87%  32.6  320s
  1084   399     cutoff   62      11820.2593 11868.8399  0.41%  31.8  325s

Cutting planes:
  Gomory: 29
  Cover: 4
  Implied bound: 1
  MIR: 19
  Flow cover: 20
  GUB cover: 13
  Zero half: 1

Explored 1129 nodes (107197 simplex iterations) in 326.45 seconds
Thread count was 4 (of 4 available processors)

Solution count 10: 11820.3 11820.3 11820.3 ... 11820.3
No other solutions better than 11820.3

Optimal solution found (tolerance 1.00e-04)
Best objective 1.182025929610e+04, best bound 1.182025929610e+04, gap 0.0000%
Warning: variable name "x[XSZH@Mon19:00:00,XSB@Mon19:53:00,0]" has a colon
Warning: constraint name "mass_bal_XSZH@Mon19:00:00_0" has a colon
Warning: to let Gurobi read it back, use rlp format

Gurobi 8.1.1 (mac64, Python) logging started Fri Aug  2 11:07:30 2019

Academic license - for non-commercial use only
Optimize a model with 25100 rows, 35805 columns and 184514 nonzeros
Variable types: 10619 continuous, 25186 integer (25186 binary)
Coefficient statistics:
  Matrix range     [2e-02, 2e+09]
  Objective range  [1e+00, 7e+02]
  Bounds range     [1e+00, 1e+00]
  RHS range        [1e+00, 3e+04]
Warning: Model contains large matrix coefficients
         Consider reformulating model or setting NumericFocus parameter
         to avoid numerical issues.
Presolve removed 12104 rows and 15614 columns
Presolve time: 1.86s
Presolved: 12996 rows, 20191 columns, 84775 nonzeros
Variable types: 4197 continuous, 15994 integer (15677 binary)
Found heuristic solution: objective 1344.5117584
Found heuristic solution: objective 3614.0281270

Root simplex log...

Iteration    Objective       Primal Inf.    Dual Inf.      Time
   26826    1.9204769e+05   6.994146e+04   0.000000e+00      5s
   32549    1.4458420e+05   6.140447e+04   0.000000e+00     10s
   38334    9.2184286e+04   1.510681e+05   0.000000e+00     15s
   44194    4.3264121e+04   9.880577e+03   0.000000e+00     20s
   48074    1.2863492e+04   0.000000e+00   0.000000e+00     23s

Root relaxation: objective 1.286349e+04, 48074 iterations, 20.76 seconds

    Nodes    |    Current Node    |     Objective Bounds      |     Work
 Expl Unexpl |  Obj  Depth IntInf | Incumbent    BestBd   Gap | It/Node Time

     0     0 12863.4918    0  598 3614.02813 12863.4918   256%     -   22s
H    0     0                    9192.5668320 12863.4918  39.9%     -   23s
     0     0 12825.0894    0  459 9192.56683 12825.0894  39.5%     -   23s
     0     0 12770.3865    0  535 9192.56683 12770.3865  38.9%     -   24s
     0     0 12770.3094    0  535 9192.56683 12770.3094  38.9%     -   24s
     0     0 12712.3703    0  618 9192.56683 12712.3703  38.3%     -   24s
H    0     0                    9647.9099318 12712.3703  31.8%     -   24s
     0     0 12711.2025    0  618 9647.90993 12711.2025  31.8%     -   24s
     0     0 12711.1976    0  618 9647.90993 12711.1976  31.8%     -   24s
     0     0 12687.4989    0  574 9647.90993 12687.4989  31.5%     -   24s
     0     0 12684.3237    0  632 9647.90993 12684.3237  31.5%     -   24s
     0     0 12681.2169    0  580 9647.90993 12681.2169  31.4%     -   25s
     0     0 12681.2169    0  582 9647.90993 12681.2169  31.4%     -   25s
     0     0 12674.4856    0  643 9647.90993 12674.4856  31.4%     -   25s
     0     0 12673.6885    0  575 9647.90993 12673.6885  31.4%     -   25s
     0     0 12673.6885    0  577 9647.90993 12673.6885  31.4%     -   25s
     0     0 12673.6885    0  577 9647.90993 12673.6885  31.4%     -   47s
H    0     0                    10176.214317 12673.6885  24.5%     -   48s
H    0     0                    11052.737280 12673.6885  14.7%     -   48s
     0     2 12673.6885    0  577 11052.7373 12673.6885  14.7%     -   49s
     1     4 12664.8559    1  791 11052.7373 12664.8559  14.6%  51.0   66s
     3     6 12654.7551    2  515 11052.7373 12654.7551  14.5%  65.3   72s
     5     8 12641.9562    3  546 11052.7373 12641.9562  14.4%  53.6   75s
H    9     8                    11257.100916 12640.4814  12.3%  59.0   78s
    11    11 12496.5845    5  477 11257.1009 12597.3264  11.9%  65.4   81s
    26    24 12455.2925   12  392 11257.1009 12597.3264  11.9%  57.0   88s
H   28    25                    11383.823850 12597.3264  10.7%  53.2   88s
    37    37 12239.4911   16  208 11383.8238 12597.3264  10.7%  54.0   94s
    42    40 12433.0975   20  539 11383.8238 12597.3264  10.7%  51.0   96s
    50    48 12226.7807   21  433 11383.8238 12597.3264  10.7%  47.8  100s
H   55    53                    11427.960489 12597.3264  10.2%  48.6  104s
    59    56 12410.1392   25  690 11427.9605 12597.3264  10.2%  47.6  107s
    69    66 12369.3151   31  569 11427.9605 12597.3264  10.2%  43.4  114s
    73    70 12365.1614   34  578 11427.9605 12597.3264  10.2%  43.1  117s
    78    73 12353.5267   37  606 11427.9605 12597.3264  10.2%  48.2  120s
    90    84     cutoff   41      11427.9605 12597.3264  10.2%  49.7  126s
   112   101 12088.4995   47  545 11427.9605 12597.3264  10.2%  54.4  132s
   120   111 12214.7364   50  666 11427.9605 12597.3264  10.2%  53.1  135s
   150   138 12029.2025   63  451 11427.9605 12597.3264  10.2%  53.3  142s
   164   151 11984.0116   65  424 11427.9605 12597.3264  10.2%  52.9  145s
*  199   170              81    11477.036673 12597.3264  9.76%  49.6  148s
   208   179     cutoff   86      11477.0367 12597.3264  9.76%  48.9  151s
H  209   178                    11521.173311 12597.3264  9.34%  48.7  151s
   238   192 11716.0035  105  414 11521.1733 12574.2807  9.14%  45.3  155s
   273   203 12542.8550    5  562 11521.1733 12574.0320  9.14%  47.9  162s
   303   227 12371.7387    6  565 11521.1733 12574.0320  9.14%  46.4  166s
   335   245 12322.2719    7  566 11521.1733 12574.0320  9.14%  43.1  170s
H  364   257                    11541.756432 12574.0320  8.94%  43.3  170s
   388   282 12184.3333   28  667 11541.7564 12574.0320  8.94%  47.7  178s
H  397   275                    11615.231905 12574.0320  8.25%  47.7  178s
   418   300 12042.9741   43  702 11615.2319 12574.0320  8.25%  49.5  181s
H  449   299                    11645.300000 12574.0320  7.98%  50.4  181s
   535   359 12027.3625   15  523 11645.3000 12534.1824  7.63%  50.6  187s
   613   401 12320.1283    8  673 11645.3000 12529.9075  7.60%  48.4  191s
   758   487 12506.5959   10  577 11645.3000 12506.5959  7.40%  44.1  224s
   760   488 11827.4862   12  484 11645.3000 12506.5959  7.40%  44.0  227s
   771   496 11848.3606   23  679 11645.3000 12366.5051  6.19%  43.4  230s
   784   504 11801.2155   22 1031 11645.3000 12302.9322  5.65%  42.7  235s
   796   515 12280.1823   17  961 11645.3000 12280.1823  5.45%  29.6  240s
   876   541 12221.8072   31  925 11645.3000 12272.3651  5.38%  33.6  245s
  1043   546 11989.6715   58  344 11645.3000 12272.3651  5.38%  36.8  250s
  1190   539 12138.5048   32  561 11645.3000 12263.2608  5.31%  39.2  255s
  1412   552     cutoff   57      11645.3000 12168.4010  4.49%  39.6  260s
  1566   549 11726.0532   29  518 11645.3000 12159.0529  4.41%  39.2  265s
  1820   563     cutoff   73      11645.3000 12154.1490  4.37%  38.4  270s
  2026   554 11750.5304   50  253 11645.3000 12103.6454  3.94%  38.3  275s
  2212   557 11769.2115   55  469 11645.3000 12059.0638  3.55%  38.8  280s
  2440   585 11937.1641   33  412 11645.3000 12035.2123  3.35%  38.7  285s
  2756   691 11765.3936   49  417 11645.3000 11995.7023  3.01%  38.2  290s
  3145   826     cutoff   31      11645.3000 11954.1222  2.65%  37.0  296s
  3350   895 11776.3082   47  527 11645.3000 11928.1003  2.43%  36.6  301s
  3520   969 11721.5092   67  274 11645.3000 11921.7906  2.37%  36.0  305s
  3875  1087     cutoff   32      11645.3000 11908.2518  2.26%  35.0  310s
H 3941  1087                    11645.300108 11908.2518  2.26%  34.9  310s
  4269  1263 11770.8708   19  590 11645.3001 11879.2458  2.01%  33.7  315s
  4798  1443 11760.7257   36  398 11645.3001 11848.8538  1.75%  32.1  321s
  5388  1631 11685.6212   66  407 11645.3001 11826.8874  1.56%  30.6  325s
  5717  1628     cutoff   27      11645.3001 11821.3633  1.51%  30.1  330s
  6240  1729 11715.5349   67  427 11645.3001 11812.2152  1.43%  29.2  335s
  6873  1795     cutoff   38      11645.3001 11797.0327  1.30%  28.6  340s
  7309  1742 11684.9467   55  354 11645.3001 11784.7703  1.20%  28.7  346s
  7525  1715     cutoff   30      11645.3001 11776.2502  1.12%  28.8  350s
  7826  1726     cutoff   32      11645.3001 11771.0100  1.08%  28.8  357s
  8107  1730     cutoff   55      11645.3001 11765.9488  1.04%  28.8  360s
  8382  1663 11693.7873   55  430 11645.3001 11756.3789  0.95%  29.0  365s
  8730  1540     cutoff   59      11645.3001 11746.6846  0.87%  29.2  370s
  9001  1489     cutoff   57      11645.3001 11739.9401  0.81%  29.3  375s
  9259  1356     cutoff   60      11645.3001 11731.0885  0.74%  29.5  381s
  9475  1247     cutoff   53      11645.3001 11724.4980  0.68%  29.6  385s
  9743  1106     cutoff   58      11645.3001 11716.4827  0.61%  29.9  390s
 10162   844     cutoff   29      11645.3001 11704.3340  0.51%  30.3  395s
 10594   527     cutoff   47      11645.3001 11690.3665  0.39%  30.2  400s

Cutting planes:
  Gomory: 25
  Cover: 13
  Implied bound: 3
  MIR: 26
  Flow cover: 26
  GUB cover: 13
  Inf proof: 8
  Zero half: 13

Explored 11228 nodes (413677 simplex iterations) in 404.15 seconds
Thread count was 4 (of 4 available processors)

Solution count 10: 11645.3 11645.3 11615.2 ... 11052.7

Optimal solution found (tolerance 1.00e-04)
Best objective 1.164530010840e+04, best bound 1.164530010840e+04, gap 0.0000%
Warning: variable name "x[XSZH@Mon19:00:00,XSB@Mon19:53:00,0]" has a colon
Warning: constraint name "mass_bal_XSZH@Mon19:00:00_0" has a colon
Warning: to let Gurobi read it back, use rlp format

Gurobi 8.1.1 (mac64, Python) logging started Fri Aug  2 11:29:36 2019

Academic license - for non-commercial use only
Optimize a model with 25100 rows, 35805 columns and 184514 nonzeros
Variable types: 10619 continuous, 25186 integer (25186 binary)
Coefficient statistics:
  Matrix range     [2e-02, 2e+09]
  Objective range  [1e+00, 7e+02]
  Bounds range     [1e+00, 1e+00]
  RHS range        [1e+00, 3e+04]
Warning: Model contains large matrix coefficients
         Consider reformulating model or setting NumericFocus parameter
         to avoid numerical issues.
Presolve removed 12106 rows and 15618 columns
Presolve time: 2.21s
Presolved: 12994 rows, 20187 columns, 84767 nonzeros
Variable types: 4197 continuous, 15990 integer (15673 binary)
Found heuristic solution: objective 1777.1289012
Found heuristic solution: objective 4797.2336121

Root simplex log...

Iteration    Objective       Primal Inf.    Dual Inf.      Time
   25075    2.0267624e+05   5.270334e+05   0.000000e+00      5s
   31829    1.3979772e+05   1.064247e+05   0.000000e+00     10s
   33950    1.2381950e+05   7.073853e+05   0.000000e+00     15s
   36410    1.0095199e+05   4.777662e+04   0.000000e+00     20s
   38810    7.7049096e+04   1.132783e+05   0.000000e+00     25s
   39630    6.6899644e+04   2.874950e+05   0.000000e+00     30s
   40180    6.0557237e+04   3.309835e+04   0.000000e+00     35s
   42600    4.1408184e+04   7.492907e+03   0.000000e+00     40s
   45818    1.2863492e+04   0.000000e+00   0.000000e+00     44s

Root relaxation: objective 1.286349e+04, 45818 iterations, 41.75 seconds

    Nodes    |    Current Node    |     Objective Bounds      |     Work
 Expl Unexpl |  Obj  Depth IntInf | Incumbent    BestBd   Gap | It/Node Time

     0     0 12863.4918    0  598 4797.23361 12863.4918   168%     -   44s
H    0     0                    9449.3041984 12863.4918  36.1%     -   44s
     0     0 12826.6135    0  570 9449.30420 12826.6135  35.7%     -   46s
H    0     0                    9807.6065021 12826.6135  30.8%     -   47s
     0     0 12769.0933    0  713 9807.60650 12769.0933  30.2%     -   49s
H    0     0                    9807.6065360 12769.0933  30.2%     -   49s
     0     0 12769.0778    0  713 9807.60654 12769.0778  30.2%     -   49s
     0     0 12709.8849    0  594 9807.60654 12709.8849  29.6%     -   50s
     0     0 12709.8594    0  594 9807.60654 12709.8594  29.6%     -   51s
     0     0 12672.1597    0  544 9807.60654 12672.1597  29.2%     -   53s
H    0     0                    10382.891096 12672.1597  22.0%     -   54s
     0     0 12672.0981    0  544 10382.8911 12672.0981  22.0%     -   54s
     0     0 12669.9523    0  699 10382.8911 12669.9523  22.0%     -   54s
     0     0 12665.2170    0  542 10382.8911 12665.2170  22.0%     -   55s
     0     0 12664.9643    0  684 10382.8911 12664.9643  22.0%     -   56s
     0     0 12664.9402    0  684 10382.8911 12664.9402  22.0%     -   56s
     0     0 12661.3954    0  745 10382.8911 12661.3954  21.9%     -   57s
     0     0 12661.3627    0  745 10382.8911 12661.3627  21.9%     -   57s
     0     0 12658.2505    0  675 10382.8911 12658.2505  21.9%     -   58s
     0     0 12658.0513    0  771 10382.8911 12658.0513  21.9%     -   58s
     0     0 12657.1742    0  703 10382.8911 12657.1742  21.9%     -   59s
     0     0 12657.1706    0  705 10382.8911 12657.1706  21.9%     -   60s
     0     0 12657.1706    0  703 10382.8911 12657.1706  21.9%     -   97s
H    0     0                    11257.100947 12657.1706  12.4%     -   98s
H    0     0                    11257.101687 12657.1706  12.4%     -   98s
     0     2 12657.1706    0  703 11257.1017 12657.1706  12.4%     -   99s
     1     4 12556.9271    1  769 11257.1017 12569.1710  11.7%   106  108s
     3     6 12532.6753    2  853 11257.1017 12532.6753  11.3%  80.3  126s
     7     8 12521.2902    4  920 11257.1017 12529.0974  11.3%  54.7  137s
     9    10 12518.9810    5 1053 11257.1017 12529.0974  11.3%  50.6  141s
    13    14 12512.6671    7  954 11257.1017 12529.0974  11.3%  44.1  145s
    16    17 12505.5120    8  879 11257.1017 12529.0974  11.3%  41.2  150s
    21    22 12501.0261    9  816 11257.1017 12529.0974  11.3%  45.9  158s
    23    23 12495.4094   10  794 11257.1017 12529.0974  11.3%  42.9  161s
H   28    28                    11270.197432 12529.0974  11.2%  45.8  164s
    30    31 12489.8920   11  763 11270.1974 12529.0974  11.2%  45.0  169s
    34    35 12485.8892   12  840 11270.1974 12529.0974  11.2%  43.8  176s
    38    39 12476.5201   13  789 11270.1974 12529.0974  11.2%  43.9  181s
    43    42 12473.3698   15  839 11270.1974 12529.0974  11.2%  53.8  185s
    50    49 12157.3968   17  619 11270.1974 12529.0974  11.2%  59.8  191s
    56    56 12440.0936   19  745 11270.1974 12529.0974  11.2%  56.0  195s
    62    60 12429.1528   21  743 11270.1974 12529.0974  11.2%  56.6  200s
    78    78 12412.6122   27  752 11270.1974 12529.0974  11.2%  50.7  209s
    90    86 11489.7616   29  724 11270.1974 12529.0974  11.2%  55.3  214s
   102   100 11778.8412   32  758 11270.1974 12529.0974  11.2%  53.8  223s
   115   104 12363.4806   34  860 11270.1974 12529.0974  11.2%  51.9  234s
H  116   104                    11270.197466 12529.0974  11.2%  51.5  234s
H  120   103                    11577.441862 12529.0974  8.22%  51.5  234s
   129   114 11939.1462   36  729 11577.4419 12529.0974  8.22%  52.6  239s
   140   116 12100.0128   44  851 11577.4419 12529.0974  8.22%  52.4  241s
   194   147 11609.1874   10  342 11577.4419 12505.1798  8.01%  50.6  245s
   268   201 12442.3192   10  652 11577.4419 12493.9342  7.92%  47.0  256s
H  292   210                    11577.441875 12493.9342  7.92%  51.8  259s
   310   224 12290.4890   33  739 11577.4419 12493.9342  7.92%  51.9  262s
   341   243 11988.8187   45  425 11577.4419 12493.9342  7.92%  49.5  265s
   386   248 12176.7079   47  613 11577.4419 12493.9342  7.92%  51.1  273s
   419   267 11991.6367   59  545 11577.4419 12493.9342  7.92%  49.7  277s
   462   286 11895.7418   69  515 11577.4419 12493.9342  7.92%  50.2  282s
H  500   283                    11623.545006 12493.9342  7.49%  49.6  282s
H  504   297                    11624.858160 12493.9342  7.48%  49.5  286s
H  571   322                    11624.858286 12439.9066  7.01%  48.2  288s
   583   341 11772.6579   20  705 11624.8583 12436.3702  6.98%  49.2  291s
H  623   350                    11624.858521 12436.3702  6.98%  48.6  291s
   689   388 12046.2353   13  527 11624.8585 12422.5462  6.86%  47.3  296s
