
Gurobi 8.1.1 (mac64, Python) logging started Tue Jul 30 16:26:12 2019

Academic license - for non-commercial use only

Gurobi 8.1.1 (mac64, Python) logging started Tue Jul 30 16:32:48 2019

Academic license - for non-commercial use only

Gurobi 8.1.1 (mac64, Python) logging started Tue Jul 30 16:34:58 2019

Academic license - for non-commercial use only

Gurobi 8.1.1 (mac64, Python) logging started Tue Jul 30 16:36:03 2019

Academic license - for non-commercial use only

Gurobi 8.1.1 (mac64, Python) logging started Wed Jul 31 14:45:18 2019

Academic license - for non-commercial use only

Gurobi 8.1.1 (mac64, Python) logging started Wed Jul 31 14:47:15 2019

Academic license - for non-commercial use only

Gurobi 8.1.1 (mac64, Python) logging started Wed Jul 31 14:49:18 2019

Academic license - for non-commercial use only
Optimize a model with 25100 rows, 35805 columns and 184514 nonzeros
Variable types: 10619 continuous, 25186 integer (25186 binary)
Coefficient statistics:
  Matrix range     [2e-02, 2e+09]
  Objective range  [1e+00, 7e+02]
  Bounds range     [1e+00, 1e+00]
  RHS range        [1e+00, 3e+04]
Warning: Model contains large matrix coefficients
         Consider reformulating model or setting NumericFocus parameter
         to avoid numerical issues.
Presolve removed 12086 rows and 15593 columns
Presolve time: 1.66s
Presolved: 13014 rows, 20212 columns, 84817 nonzeros
Variable types: 4200 continuous, 16012 integer (15694 binary)
Found heuristic solution: objective 1344.5117584
Found heuristic solution: objective 4465.2249981

Root simplex log...

Iteration    Objective       Primal Inf.    Dual Inf.      Time
   27446    1.8847440e+05   2.700850e+06   0.000000e+00      5s
   34052    1.2230261e+05   3.673302e+05   0.000000e+00     10s
   39452    7.5105966e+04   3.265175e+04   0.000000e+00     15s
   44899    3.5188801e+04   9.140739e+02   0.000000e+00     20s
   46176    1.2863492e+04   0.000000e+00   0.000000e+00     21s

Root relaxation: objective 1.286349e+04, 46176 iterations, 19.12 seconds

    Nodes    |    Current Node    |     Objective Bounds      |     Work
 Expl Unexpl |  Obj  Depth IntInf | Incumbent    BestBd   Gap | It/Node Time

     0     0 12863.4918    0  598 4465.22500 12863.4918   188%     -   21s
H    0     0                    9192.5668320 12863.4918  39.9%     -   21s
     0     0 12826.5854    0  524 9192.56683 12826.5854  39.5%     -   21s
H    0     0                    9192.5669178 12826.5854  39.5%     -   21s
     0     0 12772.4822    0  556 9192.56692 12772.4822  38.9%     -   22s
     0     0 12772.4056    0  556 9192.56692 12772.4056  38.9%     -   22s
     0     0 12708.8845    0  640 9192.56692 12708.8845  38.3%     -   23s
     0     0 12708.8496    0  640 9192.56692 12708.8496  38.3%     -   23s
     0     0 12671.2226    0  600 9192.56692 12671.2226  37.8%     -   23s
H    0     0                    10188.858181 12671.2226  24.4%     -   23s
     0     0 12671.2148    0  627 10188.8582 12671.2148  24.4%     -   23s
     0     0 12667.0431    0  643 10188.8582 12667.0431  24.3%     -   23s
     0     0 12667.0162    0  643 10188.8582 12667.0162  24.3%     -   23s
     0     0 12666.9840    0  643 10188.8582 12666.9840  24.3%     -   23s
     0     0 12666.9518    0  643 10188.8582 12666.9518  24.3%     -   23s
     0     0 12666.9361    0  684 10188.8582 12666.9361  24.3%     -   24s
     0     0 12663.7620    0  659 10188.8582 12663.7620  24.3%     -   24s
H    0     0                    10377.450323 12663.7620  22.0%     -   24s
H    0     0                    10414.744133 12663.7620  21.6%     -   24s
     0     0 12663.7366    0  650 10414.7441 12663.7366  21.6%     -   24s
     0     0 12663.7360    0  650 10414.7441 12663.7360  21.6%     -   24s
     0     0 12656.8556    0  755 10414.7441 12656.8556  21.5%     -   24s
     0     0 12656.3095    0  718 10414.7441 12656.3095  21.5%     -   24s
     0     0 12656.3095    0  720 10414.7441 12656.3095  21.5%     -   24s
     0     0 12656.3095    0  720 10414.7441 12656.3095  21.5%     -   47s
H    0     0                    11257.100953 12656.3095  12.4%     -   47s
H    0     0                    11257.100954 12656.3095  12.4%     -   48s
     0     2 12656.3095    0  720 11257.1010 12656.3095  12.4%     -   48s
     1     4 12648.2626    1  665 11257.1010 12648.2626  12.4%  67.0   64s
     3     6 12643.9319    2  782 11257.1010 12643.9319  12.3%  78.0   71s
     5     8 12635.5564    3  820 11257.1010 12635.5564  12.2%  62.4   75s
     9    10 12627.3075    5  702 11257.1010 12633.5186  12.2%  49.4   80s
    15    16 12617.4866    8  710 11257.1010 12633.5186  12.2%  37.2   87s
    22    24 12606.9475   11  695 11257.1010 12633.5186  12.2%  39.8   91s
    26    25 12595.9032   13  652 11257.1010 12633.5186  12.2%  44.3   95s
H   27    25                    11270.197432 12633.5186  12.1%  42.6   95s
    31    30 12584.3286   15  643 11270.1974 12633.5186  12.1%  48.3  102s
    41    41 12566.2170   21  665 11270.1974 12633.5186  12.1%  42.3  108s
    46    44 12497.0248   22  545 11270.1974 12633.5186  12.1%  45.7  111s
H   55    54                    11533.305202 12633.5186  9.54%  40.6  116s
    58    56 12544.9662   26  582 11533.3052 12633.5186  9.54%  41.4  123s
    63    61 12543.0234   29  514 11533.3052 12633.5186  9.54%  41.1  128s
    71    67     cutoff   33      11533.3052 12633.5186  9.54%  43.9  144s
    77    71 12503.4807   37  737 11533.3052 12633.5186  9.54%  45.7  149s
    89    83 12475.9387   43  783 11533.3052 12633.5186  9.54%  48.8  153s
    96    86 12446.9048   47  657 11533.3052 12633.5186  9.54%  51.8  156s
H  106    88                    11533.305240 12633.5186  9.54%  49.5  159s
H  116    97                    11820.259018 12633.5186  6.88%  52.6  164s
   126   102 12020.7747   58  450 11820.2590 12633.5186  6.88%  57.6  167s
   142   116 12353.3202   68  674 11820.2590 12633.5186  6.88%  54.4  171s
H  145   116                    11820.259048 12633.5186  6.88%  53.4  171s
   164   136 12309.4883   77  549 11820.2590 12633.5186  6.88%  51.5  176s
H  188   156                    11820.259078 12633.5186  6.88%  48.5  179s
   220   168     cutoff  106      11820.2591 12633.5186  6.88%  47.4  182s
H  236   168                    11820.259107 12633.5186  6.88%  45.1  182s
   262   186 11980.8514  125  479 11820.2591 12614.6923  6.72%  45.5  185s
H  293   198                    11820.259135 12614.6923  6.72%  44.0  187s
H  384   236                    11820.259162 12612.9201  6.71%  39.4  189s
   392   247 12397.8664   10  609 11820.2592 12584.3286  6.46%  40.1  191s
H  411   247                    11820.259189 12584.3286  6.46%  39.1  191s
H  509   307                    11820.259216 12584.3286  6.46%  35.0  193s
   532   325 11909.9070   78  271 11820.2592 12553.3463  6.20%  35.0  196s
H  536   325                    11820.259239 12553.3463  6.20%  34.8  196s
H  637   375                    11820.259262 12553.3463  6.20%  34.6  199s
   695   425 12138.1550   79  434 11820.2593 12541.4330  6.10%  33.9  201s
H  713   425                    11820.259283 12541.4330  6.10%  33.4  201s
   751   472 12322.9737   19  720 11820.2593 12541.4330  6.10%  33.1  227s
   753   473 12142.2764   31  482 11820.2593 12541.4330  6.10%  33.0  230s
   772   486 12084.0172    9  717 11820.2593 12312.2911  4.16%  32.2  235s
   780   491 12108.7752   39  720 11820.2593 12297.5004  4.04%  31.9  252s
   783   494 12291.7613   14  753 11820.2593 12291.7613  3.99%  29.2  283s
   785   495 12277.1631   15  786 11820.2593 12277.1631  3.87%  29.4  286s
   793   493 11868.7856   17  605 11820.2593 12253.2473  3.66%  30.0  290s
   804   491 12071.1930   18  624 11820.2593 12216.6342  3.35%  30.8  297s
   811   490 11851.0432   22  532 11820.2593 12215.9378  3.35%  30.9  300s
   837   487 12052.8794   24  572 11820.2593 12193.3605  3.16%  31.3  305s
   878   489 11937.8099   39  592 11820.2593 12192.5792  3.15%  32.4  310s
   912   473 infeasible   28      11820.2593 12132.0522  2.64%  33.5  316s
  1027   422 11822.6597   62  456 11820.2593 11923.2905  0.87%  32.6  320s
  1084   399     cutoff   62      11820.2593 11868.8399  0.41%  31.8  325s

Cutting planes:
  Gomory: 29
  Cover: 4
  Implied bound: 1
  MIR: 19
  Flow cover: 20
  GUB cover: 13
  Zero half: 1

Explored 1129 nodes (107197 simplex iterations) in 326.45 seconds
Thread count was 4 (of 4 available processors)

Solution count 10: 11820.3 11820.3 11820.3 ... 11820.3
No other solutions better than 11820.3

Optimal solution found (tolerance 1.00e-04)
Best objective 1.182025929610e+04, best bound 1.182025929610e+04, gap 0.0000%
Warning: variable name "x[XSZH@Mon19:00:00,XSB@Mon19:53:00,0]" has a colon
Warning: constraint name "mass_bal_XSZH@Mon19:00:00_0" has a colon
Warning: to let Gurobi read it back, use rlp format

Gurobi 8.1.1 (mac64, Python) logging started Fri Aug  2 11:46:14 2019

Academic license - for non-commercial use only

Gurobi 8.1.1 (mac64, Python) logging started Fri Aug  2 11:47:23 2019

Academic license - for non-commercial use only
Optimize a model with 24963 rows, 35587 columns and 184505 nonzeros
Variable types: 10580 continuous, 25007 integer (25007 binary)
Coefficient statistics:
  Matrix range     [2e-02, 2e+09]
  Objective range  [1e+00, 7e+02]
  Bounds range     [1e+00, 1e+00]
  RHS range        [1e+00, 3e+04]
Warning: Model contains large matrix coefficients
         Consider reformulating model or setting NumericFocus parameter
         to avoid numerical issues.
Found heuristic solution: objective -0.0000000
Presolve removed 12067 rows and 15347 columns
Presolve time: 0.48s
Presolved: 12896 rows, 20240 columns, 83372 nonzeros
Variable types: 3998 continuous, 16242 integer (15939 binary)

Root simplex log...

Iteration    Objective       Primal Inf.    Dual Inf.      Time
   32502    1.2195295e+05   8.628886e+06   0.000000e+00      5s
   43039    2.6227701e+04   7.274471e+03   0.000000e+00     10s
   44930    1.2815933e+04   0.000000e+00   0.000000e+00     11s

Root relaxation: objective 1.281593e+04, 44930 iterations, 10.36 seconds

    Nodes    |    Current Node    |     Objective Bounds      |     Work
 Expl Unexpl |  Obj  Depth IntInf | Incumbent    BestBd   Gap | It/Node Time

     0     0 12815.9326    0  577   -0.00000 12815.9326      -     -   10s
H    0     0                    6556.1605286 12815.9326  95.5%     -   11s
     0     0 12766.6373    0  548 6556.16053 12766.6373  94.7%     -   11s
H    0     0                    6635.2087132 12766.6373  92.4%     -   11s
     0     0 12713.2506    0  706 6635.20871 12713.2506  91.6%     -   11s
     0     0 12708.2000    0  707 6635.20871 12708.2000  91.5%     -   11s
     0     0 12580.3238    0  546 6635.20871 12580.3238  89.6%     -   11s
     0     0 12564.5860    0  548 6635.20871 12564.5860  89.4%     -   12s
     0     0 12394.5471    0  713 6635.20871 12394.5471  86.8%     -   12s
     0     0 12394.5471    0  471 6635.20871 12394.5471  86.8%     -   17s
H    0     0                    7316.5620090 12394.5471  69.4%     -   17s
     0     0 12394.5471    0  688 7316.56201 12394.5471  69.4%     -   17s
     0     0 12394.5471    0  622 7316.56201 12394.5471  69.4%     -   17s
     0     0 12240.7716    0  619 7316.56201 12240.7716  67.3%     -   18s
     0     0 12121.6216    0  499 7316.56201 12121.6216  65.7%     -   18s
     0     0 12118.5907    0  500 7316.56201 12118.5907  65.6%     -   18s
     0     0 11611.5653    0  597 7316.56201 11611.5653  58.7%     -   18s
H    0     0                    8006.0502508 11611.5653  45.0%     -   18s
     0     0 11611.4216    0  622 8006.05025 11611.4216  45.0%     -   18s
     0     0 11498.5002    0  511 8006.05025 11498.5002  43.6%     -   18s
     0     0 11457.0993    0  508 8006.05025 11457.0993  43.1%     -   18s
     0     0 11456.6358    0  509 8006.05025 11456.6358  43.1%     -   18s
     0     0 11456.3637    0  498 8006.05025 11456.3637  43.1%     -   18s
     0     0 11456.1758    0  498 8006.05025 11456.1758  43.1%     -   18s
     0     0 11456.0261    0  478 8006.05025 11456.0261  43.1%     -   18s
     0     0 11290.0398    0  494 8006.05025 11290.0398  41.0%     -   18s
     0     0 11287.0751    0  480 8006.05025 11287.0751  41.0%     -   18s
     0     0 11286.9762    0  480 8006.05025 11286.9762  41.0%     -   18s
     0     0 10984.6594    0  393 8006.05025 10984.6594  37.2%     -   18s
     0     0 10967.8556    0  466 8006.05025 10967.8556  37.0%     -   18s
     0     0 10967.4421    0  468 8006.05025 10967.4421  37.0%     -   18s
     0     0 10967.3622    0  468 8006.05025 10967.3622  37.0%     -   18s
     0     0 10526.7288    0  438 8006.05025 10526.7288  31.5%     -   18s
     0     0 10500.7600    0  494 8006.05025 10500.7600  31.2%     -   18s
     0     0 10484.9800    0  533 8006.05025 10484.9800  31.0%     -   18s
     0     0 10484.8346    0  533 8006.05025 10484.8346  31.0%     -   18s
     0     0 10237.7360    0  541 8006.05025 10237.7360  27.9%     -   18s
     0     0 10235.8672    0  541 8006.05025 10235.8672  27.9%     -   19s
     0     0 10235.3716    0  544 8006.05025 10235.3716  27.8%     -   19s
     0     0 10235.1989    0  544 8006.05025 10235.1989  27.8%     -   19s
     0     0 10086.0386    0  546 8006.05025 10086.0386  26.0%     -   19s
     0     0 10066.3099    0  627 8006.05025 10066.3099  25.7%     -   19s
     0     0 10066.2774    0  627 8006.05025 10066.2774  25.7%     -   19s
     0     0 9615.12598    0  435 8006.05025 9615.12598  20.1%     -   19s
     0     0 9568.82385    0  442 8006.05025 9568.82385  19.5%     -   19s
     0     0 9568.82385    0  441 8006.05025 9568.82385  19.5%     -   19s
     0     0 9434.73379    0  331 8006.05025 9434.73379  17.8%     -   19s
     0     0 9434.58379    0  330 8006.05025 9434.58379  17.8%     -   19s
     0     0 9417.37612    0  341 8006.05025 9417.37612  17.6%     -   19s
     0     0 9405.54855    0  379 8006.05025 9405.54855  17.5%     -   19s
     0     0 9300.21804    0  329 8006.05025 9300.21804  16.2%     -   19s
     0     0 9279.65852    0  279 8006.05025 9279.65852  15.9%     -   19s
     0     0 9229.80952    0  383 8006.05025 9229.80952  15.3%     -   19s
H    0     0                    8222.0502508 9229.80952  12.3%     -   19s
     0     0 9229.73845    0  384 8222.05025 9229.73845  12.3%     -   19s
     0     0 9217.72752    0  333 8222.05025 9217.72752  12.1%     -   19s
     0     0 9126.08190    0  329 8222.05025 9126.08190  11.0%     -   20s
     0     0 9126.05462    0  329 8222.05025 9126.05462  11.0%     -   20s
     0     0 9027.17443    0  450 8222.05025 9027.17443  9.79%     -   20s
     0     0 9025.24386    0  451 8222.05025 9025.24386  9.77%     -   20s
     0     0 9024.97771    0  451 8222.05025 9024.97771  9.77%     -   20s
     0     0 9009.81538    0  484 8222.05025 9009.81538  9.58%     -   20s
     0     0 8994.40171    0  579 8222.05025 8994.40171  9.39%     -   20s
     0     0 8994.31738    0  579 8222.05025 8994.31738  9.39%     -   20s
     0     0 8932.10247    0  300 8222.05025 8932.10247  8.64%     -   20s
H    0     0                    8372.8796023 8932.10247  6.68%     -   20s
     0     0 8931.83199    0  299 8372.87960 8931.83199  6.68%     -   20s
     0     0 8928.96363    0  397 8372.87960 8928.96363  6.64%     -   20s
     0     0 8928.96363    0  397 8372.87960 8928.96363  6.64%     -   23s
     0     2 8928.96363    0  397 8372.87960 8928.96363  6.64%     -   24s
     1     2 8914.73023    1  455 8372.87960 8914.73023  6.47%  34.0   25s
H   19     8                    8383.6540399 8899.10362  6.15%  28.3   29s
    22     7 8844.02052   11  333 8383.65404 8899.10362  6.15%  28.5   30s
H   86    11                    8393.9520478 8838.23499  5.29%  27.2   33s
   104    13     cutoff   41      8393.95205 8838.23499  5.29%  26.2   35s

Cutting planes:
  Gomory: 5
  Cover: 3
  Implied bound: 7
  MIR: 31
  GUB cover: 52
  Zero half: 3

Explored 159 nodes (72544 simplex iterations) in 37.18 seconds
Thread count was 4 (of 4 available processors)

Solution count 9: 8393.95 8383.65 8372.88 ... -0

Optimal solution found (tolerance 1.00e-04)
Best objective 8.393952047797e+03, best bound 8.393952047797e+03, gap 0.0000%
Warning: variable name "x[XSZH@19:00:00,XSB@19:53:00,0]" has a colon
Warning: constraint name "mass_bal_XSZH@19:00:00_0" has a colon
Warning: to let Gurobi read it back, use rlp format

Gurobi 8.1.1 (mac64, Python) logging started Fri Aug  2 11:54:07 2019

Academic license - for non-commercial use only
Optimize a model with 24963 rows, 35587 columns and 184505 nonzeros
Variable types: 10580 continuous, 25007 integer (25007 binary)
Coefficient statistics:
  Matrix range     [2e-02, 2e+09]
  Objective range  [1e+00, 7e+02]
  Bounds range     [1e+00, 1e+00]
  RHS range        [1e+00, 3e+04]
Warning: Model contains large matrix coefficients
         Consider reformulating model or setting NumericFocus parameter
         to avoid numerical issues.
Found heuristic solution: objective -0.0000000
Presolve removed 12067 rows and 15347 columns
Presolve time: 0.43s
Presolved: 12896 rows, 20240 columns, 83372 nonzeros
Variable types: 3998 continuous, 16242 integer (15939 binary)

Root simplex log...

Iteration    Objective       Primal Inf.    Dual Inf.      Time
   32612    1.2111390e+05   1.092021e+06   0.000000e+00      5s
   43039    2.6227701e+04   7.274471e+03   0.000000e+00     10s
   44930    1.2815933e+04   0.000000e+00   0.000000e+00     11s

Root relaxation: objective 1.281593e+04, 44930 iterations, 10.40 seconds

    Nodes    |    Current Node    |     Objective Bounds      |     Work
 Expl Unexpl |  Obj  Depth IntInf | Incumbent    BestBd   Gap | It/Node Time

     0     0 12815.9326    0  577   -0.00000 12815.9326      -     -   10s
H    0     0                    6556.1605286 12815.9326  95.5%     -   11s
     0     0 12766.6373    0  548 6556.16053 12766.6373  94.7%     -   11s
H    0     0                    6635.2087132 12766.6373  92.4%     -   11s
     0     0 12713.2506    0  706 6635.20871 12713.2506  91.6%     -   11s
     0     0 12708.2000    0  707 6635.20871 12708.2000  91.5%     -   11s
     0     0 12580.3238    0  546 6635.20871 12580.3238  89.6%     -   11s
     0     0 12564.5860    0  548 6635.20871 12564.5860  89.4%     -   12s
     0     0 12394.5471    0  713 6635.20871 12394.5471  86.8%     -   12s
     0     0 12394.5471    0  471 6635.20871 12394.5471  86.8%     -   17s
H    0     0                    7316.5620090 12394.5471  69.4%     -   17s
     0     0 12394.5471    0  688 7316.56201 12394.5471  69.4%     -   17s
     0     0 12394.5471    0  622 7316.56201 12394.5471  69.4%     -   17s
     0     0 12240.7716    0  619 7316.56201 12240.7716  67.3%     -   17s
     0     0 12121.6216    0  499 7316.56201 12121.6216  65.7%     -   17s
     0     0 12118.5907    0  500 7316.56201 12118.5907  65.6%     -   17s
     0     0 11611.5653    0  597 7316.56201 11611.5653  58.7%     -   18s
H    0     0                    8006.0502508 11611.5653  45.0%     -   18s
     0     0 11611.4216    0  622 8006.05025 11611.4216  45.0%     -   18s
     0     0 11498.5002    0  511 8006.05025 11498.5002  43.6%     -   18s
     0     0 11457.0993    0  508 8006.05025 11457.0993  43.1%     -   18s
     0     0 11456.6358    0  509 8006.05025 11456.6358  43.1%     -   18s
     0     0 11456.3637    0  498 8006.05025 11456.3637  43.1%     -   18s
     0     0 11456.1758    0  498 8006.05025 11456.1758  43.1%     -   18s
     0     0 11456.0261    0  478 8006.05025 11456.0261  43.1%     -   18s
     0     0 11290.0398    0  494 8006.05025 11290.0398  41.0%     -   18s
     0     0 11287.0751    0  480 8006.05025 11287.0751  41.0%     -   18s
     0     0 11286.9762    0  480 8006.05025 11286.9762  41.0%     -   18s
     0     0 10984.6594    0  393 8006.05025 10984.6594  37.2%     -   18s
     0     0 10967.8556    0  466 8006.05025 10967.8556  37.0%     -   18s
     0     0 10967.4421    0  468 8006.05025 10967.4421  37.0%     -   18s
     0     0 10967.3622    0  468 8006.05025 10967.3622  37.0%     -   18s
     0     0 10526.7288    0  438 8006.05025 10526.7288  31.5%     -   18s
     0     0 10500.7600    0  494 8006.05025 10500.7600  31.2%     -   18s
     0     0 10484.9800    0  533 8006.05025 10484.9800  31.0%     -   18s
     0     0 10484.8346    0  533 8006.05025 10484.8346  31.0%     -   18s
     0     0 10237.7360    0  541 8006.05025 10237.7360  27.9%     -   18s
     0     0 10235.8672    0  541 8006.05025 10235.8672  27.9%     -   18s
     0     0 10235.3716    0  544 8006.05025 10235.3716  27.8%     -   18s
     0     0 10235.1989    0  544 8006.05025 10235.1989  27.8%     -   19s
     0     0 10086.0386    0  546 8006.05025 10086.0386  26.0%     -   19s
     0     0 10066.3099    0  627 8006.05025 10066.3099  25.7%     -   19s
     0     0 10066.2774    0  627 8006.05025 10066.2774  25.7%     -   19s
     0     0 9615.12598    0  435 8006.05025 9615.12598  20.1%     -   19s
     0     0 9568.82385    0  442 8006.05025 9568.82385  19.5%     -   19s
     0     0 9568.82385    0  441 8006.05025 9568.82385  19.5%     -   19s
     0     0 9434.73379    0  331 8006.05025 9434.73379  17.8%     -   19s
     0     0 9434.58379    0  330 8006.05025 9434.58379  17.8%     -   19s
     0     0 9417.37612    0  341 8006.05025 9417.37612  17.6%     -   19s
     0     0 9405.54855    0  379 8006.05025 9405.54855  17.5%     -   19s
     0     0 9300.21804    0  329 8006.05025 9300.21804  16.2%     -   19s
     0     0 9279.65852    0  279 8006.05025 9279.65852  15.9%     -   19s
     0     0 9229.80952    0  383 8006.05025 9229.80952  15.3%     -   19s
H    0     0                    8222.0502508 9229.80952  12.3%     -   19s
     0     0 9229.73845    0  384 8222.05025 9229.73845  12.3%     -   20s
     0     0 9217.72752    0  333 8222.05025 9217.72752  12.1%     -   20s
     0     0 9126.08190    0  329 8222.05025 9126.08190  11.0%     -   20s
     0     0 9126.05462    0  329 8222.05025 9126.05462  11.0%     -   20s
     0     0 9027.17443    0  450 8222.05025 9027.17443  9.79%     -   20s
     0     0 9025.24386    0  451 8222.05025 9025.24386  9.77%     -   20s
     0     0 9024.97771    0  451 8222.05025 9024.97771  9.77%     -   20s
     0     0 9009.81538    0  484 8222.05025 9009.81538  9.58%     -   20s
     0     0 8994.40171    0  579 8222.05025 8994.40171  9.39%     -   20s
     0     0 8994.31738    0  579 8222.05025 8994.31738  9.39%     -   20s
     0     0 8932.10247    0  300 8222.05025 8932.10247  8.64%     -   20s
H    0     0                    8372.8796023 8932.10247  6.68%     -   20s
     0     0 8931.83199    0  299 8372.87960 8931.83199  6.68%     -   20s
     0     0 8928.96363    0  397 8372.87960 8928.96363  6.64%     -   20s
     0     0 8928.96363    0  397 8372.87960 8928.96363  6.64%     -   23s
     0     2 8928.96363    0  397 8372.87960 8928.96363  6.64%     -   24s
     1     2 8914.73023    1  455 8372.87960 8914.73023  6.47%  34.0   25s
H   19     8                    8383.6540399 8899.10362  6.15%  28.3   29s
    22     7 8844.02052   11  333 8383.65404 8899.10362  6.15%  28.5   30s
H   86    11                    8393.9520478 8838.23499  5.29%  27.2   33s
   104    13     cutoff   41      8393.95205 8838.23499  5.29%  26.2   35s

Cutting planes:
  Gomory: 5
  Cover: 3
  Implied bound: 7
  MIR: 31
  GUB cover: 52
  Zero half: 3

Explored 159 nodes (72544 simplex iterations) in 37.34 seconds
Thread count was 4 (of 4 available processors)

Solution count 9: 8393.95 8383.65 8372.88 ... -0

Optimal solution found (tolerance 1.00e-04)
Best objective 8.393952047797e+03, best bound 8.393952047797e+03, gap 0.0000%
Warning: variable name "x[XSZH@19:00:00,XSB@19:53:00,0]" has a colon
Warning: constraint name "mass_bal_XSZH@19:00:00_0" has a colon
Warning: to let Gurobi read it back, use rlp format

Gurobi 8.1.1 (mac64, Python) logging started Fri Aug  2 12:11:59 2019

Academic license - for non-commercial use only
Optimize a model with 24963 rows, 35587 columns and 184505 nonzeros
Variable types: 10580 continuous, 25007 integer (25007 binary)
Coefficient statistics:
  Matrix range     [2e-02, 2e+09]
  Objective range  [1e+00, 7e+02]
  Bounds range     [1e+00, 1e+00]
  RHS range        [1e+00, 3e+04]
Warning: Model contains large matrix coefficients
         Consider reformulating model or setting NumericFocus parameter
         to avoid numerical issues.
Found heuristic solution: objective -0.0000000
Presolve removed 12067 rows and 15347 columns
Presolve time: 0.43s
Presolved: 12896 rows, 20240 columns, 83372 nonzeros
Variable types: 3998 continuous, 16242 integer (15939 binary)

Root simplex log...

Iteration    Objective       Primal Inf.    Dual Inf.      Time
   32612    1.2111390e+05   1.092021e+06   0.000000e+00      5s
   43129    2.5993077e+04   3.879424e+03   0.000000e+00     10s
   44930    1.2815933e+04   0.000000e+00   0.000000e+00     11s

Root relaxation: objective 1.281593e+04, 44930 iterations, 10.38 seconds

    Nodes    |    Current Node    |     Objective Bounds      |     Work
 Expl Unexpl |  Obj  Depth IntInf | Incumbent    BestBd   Gap | It/Node Time

     0     0 12815.9326    0  577   -0.00000 12815.9326      -     -   10s
H    0     0                    6556.1605286 12815.9326  95.5%     -   10s
     0     0 12766.6373    0  548 6556.16053 12766.6373  94.7%     -   11s
H    0     0                    6635.2087132 12766.6373  92.4%     -   11s
     0     0 12713.2506    0  706 6635.20871 12713.2506  91.6%     -   11s
     0     0 12708.2000    0  707 6635.20871 12708.2000  91.5%     -   11s
     0     0 12580.3238    0  546 6635.20871 12580.3238  89.6%     -   11s
     0     0 12564.5860    0  548 6635.20871 12564.5860  89.4%     -   12s
     0     0 12394.5471    0  713 6635.20871 12394.5471  86.8%     -   12s
     0     0 12394.5471    0  471 6635.20871 12394.5471  86.8%     -   17s
H    0     0                    7316.5620090 12394.5471  69.4%     -   17s
     0     0 12394.5471    0  688 7316.56201 12394.5471  69.4%     -   17s
     0     0 12394.5471    0  622 7316.56201 12394.5471  69.4%     -   17s
     0     0 12240.7716    0  619 7316.56201 12240.7716  67.3%     -   17s
     0     0 12121.6216    0  499 7316.56201 12121.6216  65.7%     -   17s
     0     0 12118.5907    0  500 7316.56201 12118.5907  65.6%     -   17s
     0     0 11611.5653    0  597 7316.56201 11611.5653  58.7%     -   18s
H    0     0                    8006.0502508 11611.5653  45.0%     -   18s
     0     0 11611.4216    0  622 8006.05025 11611.4216  45.0%     -   18s
     0     0 11498.5002    0  511 8006.05025 11498.5002  43.6%     -   18s
     0     0 11457.0993    0  508 8006.05025 11457.0993  43.1%     -   18s
     0     0 11456.6358    0  509 8006.05025 11456.6358  43.1%     -   18s
     0     0 11456.3637    0  498 8006.05025 11456.3637  43.1%     -   18s
     0     0 11456.1758    0  498 8006.05025 11456.1758  43.1%     -   18s
     0     0 11456.0261    0  478 8006.05025 11456.0261  43.1%     -   18s
     0     0 11290.0398    0  494 8006.05025 11290.0398  41.0%     -   18s
     0     0 11287.0751    0  480 8006.05025 11287.0751  41.0%     -   18s
     0     0 11286.9762    0  480 8006.05025 11286.9762  41.0%     -   18s
     0     0 10984.6594    0  393 8006.05025 10984.6594  37.2%     -   18s
     0     0 10967.8556    0  466 8006.05025 10967.8556  37.0%     -   18s
     0     0 10967.4421    0  468 8006.05025 10967.4421  37.0%     -   18s
     0     0 10967.3622    0  468 8006.05025 10967.3622  37.0%     -   18s
     0     0 10526.7288    0  438 8006.05025 10526.7288  31.5%     -   18s
     0     0 10500.7600    0  494 8006.05025 10500.7600  31.2%     -   18s
     0     0 10484.9800    0  533 8006.05025 10484.9800  31.0%     -   18s
     0     0 10484.8346    0  533 8006.05025 10484.8346  31.0%     -   18s
     0     0 10237.7360    0  541 8006.05025 10237.7360  27.9%     -   18s
     0     0 10235.8672    0  541 8006.05025 10235.8672  27.9%     -   18s
     0     0 10235.3716    0  544 8006.05025 10235.3716  27.8%     -   18s
     0     0 10235.1989    0  544 8006.05025 10235.1989  27.8%     -   18s
     0     0 10086.0386    0  546 8006.05025 10086.0386  26.0%     -   19s
     0     0 10066.3099    0  627 8006.05025 10066.3099  25.7%     -   19s
     0     0 10066.2774    0  627 8006.05025 10066.2774  25.7%     -   19s
     0     0 9615.12598    0  435 8006.05025 9615.12598  20.1%     -   19s
     0     0 9568.82385    0  442 8006.05025 9568.82385  19.5%     -   19s
     0     0 9568.82385    0  441 8006.05025 9568.82385  19.5%     -   19s
     0     0 9434.73379    0  331 8006.05025 9434.73379  17.8%     -   19s
     0     0 9434.58379    0  330 8006.05025 9434.58379  17.8%     -   19s
     0     0 9417.37612    0  341 8006.05025 9417.37612  17.6%     -   19s
     0     0 9405.54855    0  379 8006.05025 9405.54855  17.5%     -   19s
     0     0 9300.21804    0  329 8006.05025 9300.21804  16.2%     -   19s
     0     0 9279.65852    0  279 8006.05025 9279.65852  15.9%     -   19s
     0     0 9229.80952    0  383 8006.05025 9229.80952  15.3%     -   19s
H    0     0                    8222.0502508 9229.80952  12.3%     -   19s
     0     0 9229.73845    0  384 8222.05025 9229.73845  12.3%     -   19s
     0     0 9217.72752    0  333 8222.05025 9217.72752  12.1%     -   19s
     0     0 9126.08190    0  329 8222.05025 9126.08190  11.0%     -   19s
     0     0 9126.05462    0  329 8222.05025 9126.05462  11.0%     -   19s
     0     0 9027.17443    0  450 8222.05025 9027.17443  9.79%     -   20s
     0     0 9025.24386    0  451 8222.05025 9025.24386  9.77%     -   20s
     0     0 9024.97771    0  451 8222.05025 9024.97771  9.77%     -   20s
     0     0 9009.81538    0  484 8222.05025 9009.81538  9.58%     -   20s
     0     0 8994.40171    0  579 8222.05025 8994.40171  9.39%     -   20s
     0     0 8994.31738    0  579 8222.05025 8994.31738  9.39%     -   20s
     0     0 8932.10247    0  300 8222.05025 8932.10247  8.64%     -   20s
H    0     0                    8372.8796023 8932.10247  6.68%     -   20s
     0     0 8931.83199    0  299 8372.87960 8931.83199  6.68%     -   20s
     0     0 8928.96363    0  397 8372.87960 8928.96363  6.64%     -   20s
     0     0 8928.96363    0  397 8372.87960 8928.96363  6.64%     -   23s
     0     2 8928.96363    0  397 8372.87960 8928.96363  6.64%     -   23s
     1     2 8914.73023    1  455 8372.87960 8914.73023  6.47%  34.0   25s
H   19     8                    8383.6540399 8899.10362  6.15%  28.3   29s
    25     9 8838.71339   12  353 8383.65404 8899.10362  6.15%  32.2   30s
H   86    11                    8393.9520478 8838.23499  5.29%  27.2   33s
   104    13     cutoff   41      8393.95205 8838.23499  5.29%  26.2   35s

Cutting planes:
  Gomory: 5
  Cover: 3
  Implied bound: 7
  MIR: 31
  GUB cover: 52
  Zero half: 3

Explored 159 nodes (72544 simplex iterations) in 36.98 seconds
Thread count was 4 (of 4 available processors)

Solution count 9: 8393.95 8383.65 8372.88 ... -0

Optimal solution found (tolerance 1.00e-04)
Best objective 8.393952047797e+03, best bound 8.393952047797e+03, gap 0.0000%
Warning: variable name "x[XSZH@19:00:00,XSB@19:53:00,0]" has a colon
Warning: constraint name "mass_bal_XSZH@19:00:00_0" has a colon
Warning: to let Gurobi read it back, use rlp format

Gurobi 8.1.1 (mac64, Python) logging started Fri Aug  2 13:14:51 2019

Academic license - for non-commercial use only
Optimize a model with 24963 rows, 35587 columns and 184505 nonzeros
Variable types: 10580 continuous, 25007 integer (25007 binary)
Coefficient statistics:
  Matrix range     [2e-02, 2e+09]
  Objective range  [1e+00, 7e+02]
  Bounds range     [1e+00, 1e+00]
  RHS range        [1e+00, 3e+04]
Warning: Model contains large matrix coefficients
         Consider reformulating model or setting NumericFocus parameter
         to avoid numerical issues.
Found heuristic solution: objective -0.0000000
Presolve removed 12067 rows and 15347 columns
Presolve time: 0.53s
Presolved: 12896 rows, 20240 columns, 83372 nonzeros
Variable types: 3998 continuous, 16242 integer (15939 binary)

Root simplex log...

Iteration    Objective       Primal Inf.    Dual Inf.      Time
   32342    1.2318138e+05   6.010919e+06   0.000000e+00      5s
   42829    2.7735509e+04   6.409873e+03   0.000000e+00     10s
   44930    1.2815933e+04   0.000000e+00   0.000000e+00     11s

Root relaxation: objective 1.281593e+04, 44930 iterations, 10.45 seconds

    Nodes    |    Current Node    |     Objective Bounds      |     Work
 Expl Unexpl |  Obj  Depth IntInf | Incumbent    BestBd   Gap | It/Node Time

     0     0 12815.9326    0  577   -0.00000 12815.9326      -     -   11s
H    0     0                    6556.1605286 12815.9326  95.5%     -   11s
     0     0 12766.6373    0  548 6556.16053 12766.6373  94.7%     -   11s
H    0     0                    6635.2087132 12766.6373  92.4%     -   11s
     0     0 12713.2506    0  706 6635.20871 12713.2506  91.6%     -   11s
     0     0 12708.2000    0  707 6635.20871 12708.2000  91.5%     -   11s
     0     0 12580.3238    0  546 6635.20871 12580.3238  89.6%     -   12s
     0     0 12564.5860    0  548 6635.20871 12564.5860  89.4%     -   12s
     0     0 12394.5471    0  713 6635.20871 12394.5471  86.8%     -   12s
     0     0 12394.5471    0  471 6635.20871 12394.5471  86.8%     -   17s
H    0     0                    7316.5620090 12394.5471  69.4%     -   17s
     0     0 12394.5471    0  688 7316.56201 12394.5471  69.4%     -   17s
     0     0 12394.5471    0  622 7316.56201 12394.5471  69.4%     -   18s
     0     0 12240.7716    0  619 7316.56201 12240.7716  67.3%     -   18s
     0     0 12121.6216    0  499 7316.56201 12121.6216  65.7%     -   18s
     0     0 12118.5907    0  500 7316.56201 12118.5907  65.6%     -   18s
     0     0 11611.5653    0  597 7316.56201 11611.5653  58.7%     -   18s
H    0     0                    8006.0502508 11611.5653  45.0%     -   18s
     0     0 11611.4216    0  622 8006.05025 11611.4216  45.0%     -   18s
     0     0 11498.5002    0  511 8006.05025 11498.5002  43.6%     -   18s
     0     0 11457.0993    0  508 8006.05025 11457.0993  43.1%     -   18s
     0     0 11456.6358    0  509 8006.05025 11456.6358  43.1%     -   18s
     0     0 11456.3637    0  498 8006.05025 11456.3637  43.1%     -   18s
     0     0 11456.1758    0  498 8006.05025 11456.1758  43.1%     -   18s
     0     0 11456.0261    0  478 8006.05025 11456.0261  43.1%     -   18s
     0     0 11290.0398    0  494 8006.05025 11290.0398  41.0%     -   18s
     0     0 11287.0751    0  480 8006.05025 11287.0751  41.0%     -   18s
     0     0 11286.9762    0  480 8006.05025 11286.9762  41.0%     -   18s
     0     0 10984.6594    0  393 8006.05025 10984.6594  37.2%     -   18s
     0     0 10967.8556    0  466 8006.05025 10967.8556  37.0%     -   18s
     0     0 10967.4421    0  468 8006.05025 10967.4421  37.0%     -   18s
     0     0 10967.3622    0  468 8006.05025 10967.3622  37.0%     -   18s
     0     0 10526.7288    0  438 8006.05025 10526.7288  31.5%     -   18s
     0     0 10500.7600    0  494 8006.05025 10500.7600  31.2%     -   18s
     0     0 10484.9800    0  533 8006.05025 10484.9800  31.0%     -   18s
     0     0 10484.8346    0  533 8006.05025 10484.8346  31.0%     -   18s
     0     0 10237.7360    0  541 8006.05025 10237.7360  27.9%     -   19s
     0     0 10235.8672    0  541 8006.05025 10235.8672  27.9%     -   19s
     0     0 10235.3716    0  544 8006.05025 10235.3716  27.8%     -   19s
     0     0 10235.1989    0  544 8006.05025 10235.1989  27.8%     -   19s
     0     0 10086.0386    0  546 8006.05025 10086.0386  26.0%     -   19s
     0     0 10066.3099    0  627 8006.05025 10066.3099  25.7%     -   19s
     0     0 10066.2774    0  627 8006.05025 10066.2774  25.7%     -   19s
     0     0 9615.12598    0  435 8006.05025 9615.12598  20.1%     -   19s
     0     0 9568.82385    0  442 8006.05025 9568.82385  19.5%     -   19s
     0     0 9568.82385    0  441 8006.05025 9568.82385  19.5%     -   19s
     0     0 9434.73379    0  331 8006.05025 9434.73379  17.8%     -   19s
     0     0 9434.58379    0  330 8006.05025 9434.58379  17.8%     -   19s
     0     0 9417.37612    0  341 8006.05025 9417.37612  17.6%     -   19s
     0     0 9405.54855    0  379 8006.05025 9405.54855  17.5%     -   19s
     0     0 9300.21804    0  329 8006.05025 9300.21804  16.2%     -   19s
     0     0 9279.65852    0  279 8006.05025 9279.65852  15.9%     -   19s
     0     0 9229.80952    0  383 8006.05025 9229.80952  15.3%     -   19s
H    0     0                    8222.0502508 9229.80952  12.3%     -   19s
     0     0 9229.73845    0  384 8222.05025 9229.73845  12.3%     -   19s
     0     0 9217.72752    0  333 8222.05025 9217.72752  12.1%     -   20s
     0     0 9126.08190    0  329 8222.05025 9126.08190  11.0%     -   20s
     0     0 9126.05462    0  329 8222.05025 9126.05462  11.0%     -   20s
     0     0 9027.17443    0  450 8222.05025 9027.17443  9.79%     -   20s
     0     0 9025.24386    0  451 8222.05025 9025.24386  9.77%     -   20s
     0     0 9024.97771    0  451 8222.05025 9024.97771  9.77%     -   20s
     0     0 9009.81538    0  484 8222.05025 9009.81538  9.58%     -   20s
     0     0 8994.40171    0  579 8222.05025 8994.40171  9.39%     -   20s
     0     0 8994.31738    0  579 8222.05025 8994.31738  9.39%     -   20s
     0     0 8932.10247    0  300 8222.05025 8932.10247  8.64%     -   20s
H    0     0                    8372.8796023 8932.10247  6.68%     -   20s
     0     0 8931.83199    0  299 8372.87960 8931.83199  6.68%     -   20s
     0     0 8928.96363    0  397 8372.87960 8928.96363  6.64%     -   20s
     0     0 8928.96363    0  397 8372.87960 8928.96363  6.64%     -   23s
     0     2 8928.96363    0  397 8372.87960 8928.96363  6.64%     -   24s
     1     2 8914.73023    1  455 8372.87960 8914.73023  6.47%  34.0   25s
H   19     8                    8383.6540399 8899.10362  6.15%  28.3   29s
    22     7 8844.02052   11  333 8383.65404 8899.10362  6.15%  28.5   30s
H   86    11                    8393.9520478 8838.23499  5.29%  27.2   33s
   104    13     cutoff   41      8393.95205 8838.23499  5.29%  26.2   35s

Cutting planes:
  Gomory: 5
  Cover: 3
  Implied bound: 7
  MIR: 31
  GUB cover: 52
  Zero half: 3

Explored 159 nodes (72544 simplex iterations) in 37.23 seconds
Thread count was 4 (of 4 available processors)

Solution count 9: 8393.95 8383.65 8372.88 ... -0

Optimal solution found (tolerance 1.00e-04)
Best objective 8.393952047797e+03, best bound 8.393952047797e+03, gap 0.0000%
Warning: variable name "x[XSZH@19:00:00,XSB@19:53:00,0]" has a colon
Warning: constraint name "mass_bal_XSZH@19:00:00_0" has a colon
Warning: to let Gurobi read it back, use rlp format

Gurobi 8.1.1 (mac64, Python) logging started Mon Aug  5 11:47:46 2019

Academic license - for non-commercial use only

Gurobi 8.1.1 (mac64, Python) logging started Mon Aug  5 11:59:29 2019

Academic license - for non-commercial use only

Gurobi 8.1.1 (mac64, Python) logging started Mon Aug  5 12:01:30 2019

Academic license - for non-commercial use only

Gurobi 8.1.1 (mac64, Python) logging started Mon Aug  5 12:08:22 2019

Academic license - for non-commercial use only

Gurobi 8.1.1 (mac64, Python) logging started Mon Aug  5 12:20:08 2019

Academic license - for non-commercial use only
Optimize a model with 15447 rows, 18939 columns and 68418 nonzeros
Variable types: 10619 continuous, 8320 integer (8320 binary)
Coefficient statistics:
  Matrix range     [2e-02, 2e+09]
  Objective range  [1e+00, 7e+02]
  Bounds range     [1e+00, 1e+00]
  RHS range        [1e+00, 3e+04]
Warning: Model contains large matrix coefficients
         Consider reformulating model or setting NumericFocus parameter
         to avoid numerical issues.
Found heuristic solution: objective -0.0000000
Presolve removed 12984 rows and 14939 columns
Presolve time: 1.05s
Presolved: 2463 rows, 4000 columns, 11838 nonzeros
Variable types: 731 continuous, 3269 integer (3214 binary)

Root relaxation: objective 5.295109e+03, 4849 iterations, 0.14 seconds

    Nodes    |    Current Node    |     Objective Bounds      |     Work
 Expl Unexpl |  Obj  Depth IntInf | Incumbent    BestBd   Gap | It/Node Time

     0     0 5295.10863    0  180   -0.00000 5295.10863      -     -    1s
H    0     0                    4658.6175917 5295.10863  13.7%     -    1s
     0     0 5282.44522    0  188 4658.61759 5282.44522  13.4%     -    1s
     0     0 5220.68901    0  283 4658.61759 5220.68901  12.1%     -    1s
     0     0 5147.73302    0  247 4658.61759 5147.73302  10.5%     -    1s
     0     0 5132.13178    0  385 4658.61759 5132.13178  10.2%     -    1s
H    0     0                    4740.1572834 5132.13178  8.27%     -    1s
     0     0 5131.68419    0  323 4740.15728 5131.68419  8.26%     -    1s
     0     0 5121.88937    0  325 4740.15728 5121.88937  8.05%     -    1s
     0     0 5120.97379    0  263 4740.15728 5120.97379  8.03%     -    1s
     0     0 5120.96617    0  372 4740.15728 5120.96617  8.03%     -    1s
     0     0 5110.89568    0  270 4740.15728 5110.89568  7.82%     -    1s
     0     0 5110.53053    0  363 4740.15728 5110.53053  7.81%     -    1s
     0     0 5107.82838    0  367 4740.15728 5107.82838  7.76%     -    1s
     0     0 5107.47719    0  418 4740.15728 5107.47719  7.75%     -    1s
     0     0 5107.42610    0  418 4740.15728 5107.42610  7.75%     -    1s
     0     0 5107.37501    0  418 4740.15728 5107.37501  7.75%     -    1s
     0     0 5107.20295    0  287 4740.15728 5107.20295  7.74%     -    1s
     0     0 5107.11978    0  403 4740.15728 5107.11978  7.74%     -    1s
     0     0 5107.09632    0  403 4740.15728 5107.09632  7.74%     -    1s
     0     0 5107.08374    0  403 4740.15728 5107.08374  7.74%     -    1s
     0     0 5107.07682    0  403 4740.15728 5107.07682  7.74%     -    1s
     0     0 5107.06107    0  403 4740.15728 5107.06107  7.74%     -    1s
     0     0 5107.06107    0  403 4740.15728 5107.06107  7.74%     -    2s
     0     0 5107.06107    0  166 4740.15728 5107.06107  7.74%     -    2s
     0     0 5107.06107    0  176 4740.15728 5107.06107  7.74%     -    2s
H    0     0                    4740.1574122 5107.06107  7.74%     -    2s
     0     0 5107.06107    0  176 4740.15741 5107.06107  7.74%     -    2s
     0     0 5107.06107    0  229 4740.15741 5107.06107  7.74%     -    2s
     0     0 5107.06107    0  210 4740.15741 5107.06107  7.74%     -    2s
     0     0 5107.06107    0  201 4740.15741 5107.06107  7.74%     -    2s
     0     0 5107.06107    0  239 4740.15741 5107.06107  7.74%     -    2s
     0     0 5107.06107    0  367 4740.15741 5107.06107  7.74%     -    2s
     0     0 5107.06107    0  367 4740.15741 5107.06107  7.74%     -    2s
     0     0 5107.06107    0  367 4740.15741 5107.06107  7.74%     -    2s
     0     0 5107.06107    0  367 4740.15741 5107.06107  7.74%     -    2s
     0     0 5107.06107    0  379 4740.15741 5107.06107  7.74%     -    2s
     0     0 5107.04617    0  379 4740.15741 5107.04617  7.74%     -    2s
     0     0 5099.65218    0  166 4740.15741 5099.65218  7.58%     -    2s
     0     0 5024.60371    0  268 4740.15741 5024.60371  6.00%     -    2s
     0     0 5005.81194    0  304 4740.15741 5005.81194  5.60%     -    3s
H    0     0                    4966.9292715 5005.81194  0.78%     -    3s
     0     0 5005.29968    0  141 4966.92927 5005.29968  0.77%     -    3s
     0     0 5005.20796    0  141 4966.92927 5005.20796  0.77%     -    3s
H    0     1                    4987.5123920 5005.20796  0.35%     -    3s

Cutting planes:
  Gomory: 3
  Cover: 1
  MIR: 6
  GUB cover: 9

Explored 1 nodes (9155 simplex iterations) in 3.08 seconds
Thread count was 4 (of 4 available processors)

Solution count 6: 4987.51 4966.93 4740.16 ... -0

Optimal solution found (tolerance 1.00e-04)
Best objective 4.987512391958e+03, best bound 4.987512391958e+03, gap 0.0000%
Warning: variable name "x[XSZH@Mon19:00:00,XSB@Mon19:53:00,0]" has a colon
Warning: constraint name "mass_bal_XSZH@Mon19:00:00_0" has a colon
Warning: to let Gurobi read it back, use rlp format

Gurobi 8.1.1 (mac64, Python) logging started Mon Aug  5 12:29:51 2019

Academic license - for non-commercial use only
Optimize a model with 15447 rows, 18939 columns and 68418 nonzeros
Variable types: 10619 continuous, 8320 integer (8320 binary)
Coefficient statistics:
  Matrix range     [2e-02, 2e+09]
  Objective range  [1e+00, 7e+02]
  Bounds range     [1e+00, 1e+00]
  RHS range        [1e+00, 3e+04]
Warning: Model contains large matrix coefficients
         Consider reformulating model or setting NumericFocus parameter
         to avoid numerical issues.
Found heuristic solution: objective -0.0000000
Presolve removed 12981 rows and 14936 columns
Presolve time: 1.05s
Presolved: 2466 rows, 4003 columns, 11861 nonzeros
Variable types: 730 continuous, 3273 integer (3217 binary)

Root relaxation: objective 5.295109e+03, 5117 iterations, 0.16 seconds

    Nodes    |    Current Node    |     Objective Bounds      |     Work
 Expl Unexpl |  Obj  Depth IntInf | Incumbent    BestBd   Gap | It/Node Time

     0     0 5295.10863    0  180   -0.00000 5295.10863      -     -    1s
H    0     0                    4658.6175917 5295.10863  13.7%     -    1s
     0     0 5282.44522    0  189 4658.61759 5282.44522  13.4%     -    1s
     0     0 5220.68901    0  285 4658.61759 5220.68901  12.1%     -    1s
     0     0 5147.73302    0  248 4658.61759 5147.73302  10.5%     -    1s
     0     0 5132.29418    0  388 4658.61759 5132.29418  10.2%     -    1s
H    0     0                    4740.1572834 5132.29418  8.27%     -    1s
     0     0 5131.94931    0  388 4740.15728 5131.94931  8.27%     -    1s
     0     0 5123.80799    0  389 4740.15728 5123.80799  8.09%     -    1s
     0     0 5120.22383    0  363 4740.15728 5120.22383  8.02%     -    1s
     0     0 5120.14410    0  363 4740.15728 5120.14410  8.02%     -    1s
     0     0 5107.60917    0  154 4740.15728 5107.60917  7.75%     -    1s
     0     0 5107.33809    0  297 4740.15728 5107.33809  7.75%     -    1s
     0     0 5107.33069    0  297 4740.15728 5107.33069  7.75%     -    1s
     0     0 5106.71914    0  237 4740.15728 5106.71914  7.73%     -    1s
     0     0 5106.21617    0  237 4740.15728 5106.21617  7.72%     -    1s
     0     0 5106.19983    0  208 4740.15728 5106.19983  7.72%     -    1s
     0     0 5106.19983    0  208 4740.15728 5106.19983  7.72%     -    2s
     0     0 5106.19983    0  166 4740.15728 5106.19983  7.72%     -    2s
     0     0 5106.19983    0  174 4740.15728 5106.19983  7.72%     -    2s
     0     0 5106.19983    0  168 4740.15728 5106.19983  7.72%     -    2s
     0     0 5106.19983    0  208 4740.15728 5106.19983  7.72%     -    2s
     0     0 5106.19983    0  209 4740.15728 5106.19983  7.72%     -    2s
     0     0 5106.19983    0  182 4740.15728 5106.19983  7.72%     -    2s
     0     0 5098.57838    0  145 4740.15728 5098.57838  7.56%     -    2s
     0     0 5036.81784    0  171 4740.15728 5036.81784  6.26%     -    2s
     0     0 5036.50816    0  174 4740.15728 5036.50816  6.25%     -    2s
     0     0 5031.41924    0  214 4740.15728 5031.41924  6.14%     -    2s
     0     0 5031.28881    0  214 4740.15728 5031.28881  6.14%     -    2s
     0     0 5028.37681    0  316 4740.15728 5028.37681  6.08%     -    2s
     0     0 5024.06164    0  244 4740.15728 5024.06164  5.99%     -    2s
     0     0 5023.86368    0  244 4740.15728 5023.86368  5.99%     -    2s
     0     0 5006.03309    0  329 4740.15728 5006.03309  5.61%     -    2s
     0     0 5005.98668    0  329 4740.15728 5005.98668  5.61%     -    2s
     0     0 5005.22484    0  287 4740.15728 5005.22484  5.59%     -    2s
H    0     0                    4966.9292715 5005.22484  0.77%     -    2s
     0     0 4993.28307    0  263 4966.92927 4993.28307  0.53%     -    2s
     0     0 4992.47832    0    4 4966.92927 4992.47832  0.51%     -    2s
*    0     0               0    4987.5123920 4987.51239  0.00%     -    2s

Cutting planes:
  Implied bound: 3

Explored 1 nodes (9468 simplex iterations) in 2.89 seconds
Thread count was 4 (of 4 available processors)

Solution count 5: 4987.51 4966.93 4740.16 ... -0

Optimal solution found (tolerance 1.00e-04)
Best objective 4.987512391958e+03, best bound 4.987512391958e+03, gap 0.0000%
Warning: variable name "x[XSZH@Mon19:00:00,XSB@Mon19:53:00,0]" has a colon
Warning: constraint name "mass_bal_XSZH@Mon19:00:00_0" has a colon
Warning: to let Gurobi read it back, use rlp format

Gurobi 8.1.1 (mac64, Python) logging started Mon Aug  5 12:31:42 2019

Academic license - for non-commercial use only
Optimize a model with 15447 rows, 18939 columns and 68418 nonzeros
Variable types: 10619 continuous, 8320 integer (8320 binary)
Coefficient statistics:
  Matrix range     [2e-02, 2e+09]
  Objective range  [1e+00, 7e+02]
  Bounds range     [1e+00, 1e+00]
  RHS range        [1e+00, 3e+04]
Warning: Model contains large matrix coefficients
         Consider reformulating model or setting NumericFocus parameter
         to avoid numerical issues.
Found heuristic solution: objective -0.0000000
Presolve removed 12975 rows and 14925 columns
Presolve time: 1.08s
Presolved: 2472 rows, 4014 columns, 11884 nonzeros
Variable types: 730 continuous, 3284 integer (3227 binary)

Root relaxation: objective 5.295109e+03, 5669 iterations, 0.24 seconds

    Nodes    |    Current Node    |     Objective Bounds      |     Work
 Expl Unexpl |  Obj  Depth IntInf | Incumbent    BestBd   Gap | It/Node Time

     0     0 5295.10863    0  180   -0.00000 5295.10863      -     -    1s
H    0     0                    4658.6175917 5295.10863  13.7%     -    1s
     0     0 5291.08914    0  184 4658.61759 5291.08914  13.6%     -    1s
     0     0 5282.54138    0  155 4658.61759 5282.54138  13.4%     -    1s
     0     0 5282.44522    0  189 4658.61759 5282.44522  13.4%     -    1s
     0     0 5220.64709    0  257 4658.61759 5220.64709  12.1%     -    1s
H    0     0                    4740.1572834 5220.64709  10.1%     -    1s
     0     0 5155.07124    0  335 4740.15728 5155.07124  8.75%     -    1s
     0     0 5132.89282    0  386 4740.15728 5132.89282  8.29%     -    1s
     0     0 5132.54183    0  489 4740.15728 5132.54183  8.28%     -    1s
     0     0 5127.42164    0  489 4740.15728 5127.42164  8.17%     -    1s
     0     0 5123.66877    0  426 4740.15728 5123.66877  8.09%     -    1s
     0     0 5111.35718    0  197 4740.15728 5111.35718  7.83%     -    1s
     0     0 5111.28108    0  233 4740.15728 5111.28108  7.83%     -    1s
     0     0 5110.66222    0  355 4740.15728 5110.66222  7.82%     -    1s
     0     0 5103.17626    0  204 4740.15728 5103.17626  7.66%     -    1s
     0     0 5102.75562    0  238 4740.15728 5102.75562  7.65%     -    1s
     0     0 5025.44656    0  285 4740.15728 5025.44656  6.02%     -    1s
     0     0 5022.15927    0  492 4740.15728 5022.15927  5.95%     -    1s
     0     0 5021.52130    0  493 4740.15728 5021.52130  5.94%     -    1s
     0     0 5008.11828    0  291 4740.15728 5008.11828  5.65%     -    1s
     0     0 5008.11828    0  135 4740.15728 5008.11828  5.65%     -    2s
     0     0 5008.11828    0  198 4740.15728 5008.11828  5.65%     -    2s
     0     0 5008.11828    0  230 4740.15728 5008.11828  5.65%     -    2s
     0     0 5008.11828    0  204 4740.15728 5008.11828  5.65%     -    2s
     0     0 5008.11828    0  150 4740.15728 5008.11828  5.65%     -    2s
     0     0 5008.11828    0  144 4740.15728 5008.11828  5.65%     -    2s
     0     0 5008.11828    0  201 4740.15728 5008.11828  5.65%     -    2s
     0     0 5006.38612    0  288 4740.15728 5006.38612  5.62%     -    2s
     0     0 5006.30599    0  288 4740.15728 5006.30599  5.61%     -    2s
     0     0 5002.84943    0  315 4740.15728 5002.84943  5.54%     -    2s
H    0     0                    4987.5123920 5002.84943  0.31%     -    2s
     0     0 5001.92134    0  120 4987.51239 5001.92134  0.29%     -    2s

Cutting planes:
  Gomory: 3
  Implied bound: 2
  MIR: 2
  GUB cover: 8

Explored 1 nodes (9512 simplex iterations) in 2.29 seconds
Thread count was 4 (of 4 available processors)

Solution count 4: 4987.51 4740.16 4658.62 -0 

Optimal solution found (tolerance 1.00e-04)
Best objective 4.987512391958e+03, best bound 4.987512391958e+03, gap 0.0000%
Warning: variable name "x[XSZH@Mon19:00:00,XSB@Mon19:53:00,0]" has a colon
Warning: constraint name "mass_bal_XSZH@Mon19:00:00_0" has a colon
Warning: to let Gurobi read it back, use rlp format

Gurobi 8.1.1 (mac64, Python) logging started Mon Aug  5 12:33:13 2019

Academic license - for non-commercial use only
Optimize a model with 15447 rows, 18939 columns and 68418 nonzeros
Variable types: 10619 continuous, 8320 integer (8320 binary)
Coefficient statistics:
  Matrix range     [2e-02, 2e+09]
  Objective range  [1e+00, 7e+02]
  Bounds range     [1e+00, 1e+00]
  RHS range        [1e+00, 3e+04]
Warning: Model contains large matrix coefficients
         Consider reformulating model or setting NumericFocus parameter
         to avoid numerical issues.
Found heuristic solution: objective -0.0000000
Presolve removed 12981 rows and 14931 columns
Presolve time: 1.12s
Presolved: 2466 rows, 4008 columns, 11872 nonzeros
Variable types: 730 continuous, 3278 integer (3222 binary)

Root relaxation: objective 5.295109e+03, 5453 iterations, 0.21 seconds

    Nodes    |    Current Node    |     Objective Bounds      |     Work
 Expl Unexpl |  Obj  Depth IntInf | Incumbent    BestBd   Gap | It/Node Time

     0     0 5295.10863    0  180   -0.00000 5295.10863      -     -    1s
H    0     0                    4658.6175917 5295.10863  13.7%     -    1s
     0     0 5282.44522    0  189 4658.61759 5282.44522  13.4%     -    1s
     0     0 5220.64709    0  258 4658.61759 5220.64709  12.1%     -    1s
     0     0 5162.45707    0  334 4658.61759 5162.45707  10.8%     -    1s
     0     0 5158.67684    0  334 4658.61759 5158.67684  10.7%     -    1s
     0     0 5155.07124    0  335 4658.61759 5155.07124  10.7%     -    1s
     0     0 5132.89282    0  386 4658.61759 5132.89282  10.2%     -    1s
H    0     0                    4740.1572834 5132.89282  8.29%     -    1s
     0     0 5132.52821    0  493 4740.15728 5132.52821  8.28%     -    1s
     0     0 5127.38839    0  386 4740.15728 5127.38839  8.17%     -    1s
     0     0 5127.12467    0  489 4740.15728 5127.12467  8.16%     -    1s
     0     0 5123.68741    0  420 4740.15728 5123.68741  8.09%     -    1s
     0     0 5123.61459    0  420 4740.15728 5123.61459  8.09%     -    1s
     0     0 5111.35718    0  199 4740.15728 5111.35718  7.83%     -    1s
     0     0 5111.28108    0  235 4740.15728 5111.28108  7.83%     -    1s
     0     0 5110.66222    0  357 4740.15728 5110.66222  7.82%     -    1s
     0     0 5110.64351    0  357 4740.15728 5110.64351  7.82%     -    1s
     0     0 5110.64351    0  357 4740.15728 5110.64351  7.82%     -    2s
     0     0 5110.64351    0  165 4740.15728 5110.64351  7.82%     -    3s
H    0     0                    4850.0241502 5110.64351  5.37%     -    3s
     0     0 5110.64351    0  223 4850.02415 5110.64351  5.37%     -    3s
     0     0 5110.64351    0  124 4850.02415 5110.64351  5.37%     -    3s
     0     0 5110.64351    0  217 4850.02415 5110.64351  5.37%     -    3s
     0     0 5110.64351    0  217 4850.02415 5110.64351  5.37%     -    3s
     0     0 5110.64351    0  170 4850.02415 5110.64351  5.37%     -    3s
     0     0 5103.21034    0  289 4850.02415 5103.21034  5.22%     -    3s
     0     0 5102.50306    0  289 4850.02415 5102.50306  5.21%     -    3s
     0     0 5102.48601    0  289 4850.02415 5102.48601  5.21%     -    3s
     0     0 5097.03407    0  141 4850.02415 5097.03407  5.09%     -    3s
     0     0 5094.94725    0  197 4850.02415 5094.94725  5.05%     -    3s
     0     0 5094.94725    0  197 4850.02415 5094.94725  5.05%     -    3s
     0     0 5094.94725    0  197 4850.02415 5094.94725  5.05%     -    3s
     0     0 5094.94725    0  140 4850.02415 5094.94725  5.05%     -    3s
     0     0 5094.94725    0  166 4850.02415 5094.94725  5.05%     -    3s
     0     0 5094.94725    0   85 4850.02415 5094.94725  5.05%     -    3s
     0     0 5094.94725    0  115 4850.02415 5094.94725  5.05%     -    3s
     0     0 5092.26054    0  145 4850.02415 5092.26054  4.99%     -    3s
     0     0 5062.60411    0  111 4850.02415 5062.60411  4.38%     -    3s
H    0     0                    4987.5123920 5062.60411  1.51%     -    3s
     0     0 5038.69916    0  159 4987.51239 5038.69916  1.03%     -    3s
     0     0 5005.07839    0  195 4987.51239 5005.07839  0.35%     -    3s

Cutting planes:
  Cover: 1
  Implied bound: 2
  Clique: 2
  MIR: 1
  GUB cover: 6

Explored 1 nodes (13025 simplex iterations) in 4.01 seconds
Thread count was 4 (of 4 available processors)

Solution count 5: 4987.51 4850.02 4740.16 ... -0

Optimal solution found (tolerance 1.00e-04)
Best objective 4.987512391958e+03, best bound 4.987512391958e+03, gap 0.0000%
Warning: variable name "x[XSZH@Mon19:00:00,XSB@Mon19:53:00,0]" has a colon
Warning: constraint name "mass_bal_XSZH@Mon19:00:00_0" has a colon
Warning: to let Gurobi read it back, use rlp format

Gurobi 8.1.1 (mac64, Python) logging started Mon Aug  5 14:34:09 2019

Academic license - for non-commercial use only
Optimize a model with 15447 rows, 18939 columns and 68418 nonzeros
Variable types: 10619 continuous, 8320 integer (8320 binary)
Coefficient statistics:
  Matrix range     [2e-02, 2e+09]
  Objective range  [1e+00, 7e+02]
  Bounds range     [1e+00, 1e+00]
  RHS range        [1e+00, 3e+04]
Warning: Model contains large matrix coefficients
         Consider reformulating model or setting NumericFocus parameter
         to avoid numerical issues.
Found heuristic solution: objective -0.0000000
Presolve removed 12982 rows and 14932 columns
Presolve time: 1.02s
Presolved: 2465 rows, 4007 columns, 11866 nonzeros
Variable types: 730 continuous, 3277 integer (3221 binary)

Root relaxation: objective 5.295109e+03, 5803 iterations, 0.22 seconds

    Nodes    |    Current Node    |     Objective Bounds      |     Work
 Expl Unexpl |  Obj  Depth IntInf | Incumbent    BestBd   Gap | It/Node Time

     0     0 5295.10863    0  180   -0.00000 5295.10863      -     -    1s
H    0     0                    4658.6175917 5295.10863  13.7%     -    1s
     0     0 5282.44522    0  189 4658.61759 5282.44522  13.4%     -    1s
     0     0 5220.64709    0  258 4658.61759 5220.64709  12.1%     -    1s
     0     0 5154.52925    0  274 4658.61759 5154.52925  10.6%     -    1s
     0     0 5132.45885    0  447 4658.61759 5132.45885  10.2%     -    1s
H    0     0                    4740.1572834 5132.45885  8.28%     -    1s
     0     0 5132.11686    0  447 4740.15728 5132.11686  8.27%     -    1s
     0     0 5124.95494    0  437 4740.15728 5124.95494  8.12%     -    1s
     0     0 5121.87147    0  399 4740.15728 5121.87147  8.05%     -    1s
     0     0 5110.64424    0  374 4740.15728 5110.64424  7.82%     -    1s
     0     0 5110.35217    0  374 4740.15728 5110.35217  7.81%     -    1s
     0     0 5110.13915    0  371 4740.15728 5110.13915  7.81%     -    1s
     0     0 5110.08734    0  371 4740.15728 5110.08734  7.80%     -    1s
     0     0 5110.08734    0  371 4740.15728 5110.08734  7.80%     -    2s
     0     0 5110.08734    0  164 4740.15728 5110.08734  7.80%     -    2s
     0     0 5110.08734    0  175 4740.15728 5110.08734  7.80%     -    2s
     0     0 5110.08734    0  178 4740.15728 5110.08734  7.80%     -    2s
     0     0 5110.08734    0  227 4740.15728 5110.08734  7.80%     -    2s
     0     0 5110.08734    0  211 4740.15728 5110.08734  7.80%     -    2s
     0     0 5110.08734    0  202 4740.15728 5110.08734  7.80%     -    2s
     0     0 5105.91447    0  240 4740.15728 5105.91447  7.72%     -    2s
     0     0 5105.46114    0  318 4740.15728 5105.46114  7.71%     -    2s
     0     0 5100.72600    0  166 4740.15728 5100.72600  7.61%     -    2s
     0     0 5099.65218    0  166 4740.15728 5099.65218  7.58%     -    2s
     0     0 5024.60371    0  270 4740.15728 5024.60371  6.00%     -    2s
     0     0 5006.33948    0  350 4740.15728 5006.33948  5.62%     -    2s
     0     0 5005.26366    0  350 4740.15728 5005.26366  5.59%     -    2s
H    0     0                    4966.9292715 5005.26366  0.77%     -    2s
     0     0 5005.20796    0  142 4966.92927 5005.20796  0.77%     -    2s
H    0     1                    4987.5123920 5005.20796  0.35%     -    2s

Cutting planes:
  Gomory: 2
  Cover: 1
  MIR: 2
  GUB cover: 9

Explored 1 nodes (10360 simplex iterations) in 2.99 seconds
Thread count was 4 (of 4 available processors)

Solution count 5: 4987.51 4966.93 4740.16 ... -0

Optimal solution found (tolerance 1.00e-04)
Best objective 4.987512391958e+03, best bound 4.987512391958e+03, gap 0.0000%
Warning: variable name "x[XSZH@Mon19:00:00,XSB@Mon19:53:00,0]" has a colon
Warning: constraint name "mass_bal_XSZH@Mon19:00:00_0" has a colon
Warning: to let Gurobi read it back, use rlp format

Gurobi 8.1.1 (mac64, Python) logging started Mon Aug  5 16:17:29 2019

Academic license - for non-commercial use only

Gurobi 8.1.1 (mac64, Python) logging started Mon Aug  5 16:33:06 2019

Academic license - for non-commercial use only

Gurobi 8.1.1 (mac64, Python) logging started Mon Aug  5 16:36:29 2019

Academic license - for non-commercial use only

Gurobi 8.1.1 (mac64, Python) logging started Mon Aug  5 17:08:39 2019

Academic license - for non-commercial use only

Gurobi 8.1.1 (mac64, Python) logging started Mon Aug  5 17:11:48 2019

Academic license - for non-commercial use only

Gurobi 8.1.1 (mac64, Python) logging started Mon Aug  5 17:12:17 2019

Academic license - for non-commercial use only

Gurobi 8.1.1 (mac64, Python) logging started Mon Aug  5 17:13:42 2019

Academic license - for non-commercial use only
Optimize a model with 256797 rows, 437219 columns and 2967488 nonzeros
Variable types: 10619 continuous, 426600 integer (426600 binary)
Coefficient statistics:
  Matrix range     [2e-02, 2e+09]
  Objective range  [1e+00, 7e+02]
  Bounds range     [1e+00, 1e+00]
  RHS range        [1e+00, 3e+04]
Warning: Model contains large matrix coefficients
         Consider reformulating model or setting NumericFocus parameter
         to avoid numerical issues.
Found heuristic solution: objective -0.0000000
Presolve removed 84046 rows and 129055 columns (presolve time = 6s) ...
Presolve removed 102882 rows and 160000 columns (presolve time = 10s) ...
Presolve removed 116169 rows and 182763 columns (presolve time = 15s) ...
Presolve removed 121529 rows and 191663 columns (presolve time = 21s) ...
Presolve removed 122651 rows and 193430 columns (presolve time = 25s) ...
Presolve removed 123293 rows and 194545 columns
Presolve time: 29.60s
Presolved: 133504 rows, 242674 columns, 1338885 nonzeros
Variable types: 6250 continuous, 236424 integer (235955 binary)

Deterministic concurrent LP optimizer: primal and dual simplex
Showing first log only...


Root simplex log...

Iteration    Objective       Primal Inf.    Dual Inf.      Time
       0   -0.0000000e+00   0.000000e+00   3.661872e+05     36s
  100298    5.8795078e+02   0.000000e+00   1.613875e+08     41s
  101488    6.2397409e+02   0.000000e+00   9.511207e+07     46s
  101708    6.3149957e+02   0.000000e+00   1.127255e+08     51s
  101948    6.3747523e+02   0.000000e+00   1.126468e+08     56s
  102258    6.4878821e+02   0.000000e+00   2.446848e+08     64s
  102358    6.5088866e+02   0.000000e+00   1.007674e+08     66s
  102518    6.5530194e+02   0.000000e+00   5.256420e+08     71s
  102698    6.6024623e+02   0.000000e+00   4.044520e+08     77s
  102868    6.6506555e+02   0.000000e+00   1.193048e+08     82s
  103018    6.6836384e+02   0.000000e+00   3.438196e+08     87s
  103178    6.7242136e+02   0.000000e+00   9.931691e+08     92s
  103338    6.7602569e+02   0.000000e+00   3.018075e+08     97s
  103478    6.7937347e+02   0.000000e+00   1.603154e+09    102s
  103638    6.8275514e+02   0.000000e+00   3.206090e+08    109s
  103788    6.8643969e+02   0.000000e+00   2.921131e+08    118s
  103928    6.8999582e+02   0.000000e+00   2.517776e+08    125s
  104068    6.9381691e+02   0.000000e+00   7.819980e+08    135s
  104218    6.9720484e+02   0.000000e+00   3.391580e+08    140s
  104368    6.9992667e+02   0.000000e+00   2.818287e+08    146s
  104508    7.0341926e+02   0.000000e+00   1.699443e+08    154s
  104648    7.0653115e+02   0.000000e+00   2.429605e+08    160s
  104788    7.0858829e+02   0.000000e+00   2.216066e+08    166s
  104928    7.1174402e+02   0.000000e+00   1.317757e+08    171s
  105068    7.1515562e+02   0.000000e+00   1.788611e+08    177s
  105208    7.1789707e+02   0.000000e+00   1.173876e+09    183s
  105348    7.2085322e+02   0.000000e+00   4.422242e+08    191s
  105488    7.2405585e+02   0.000000e+00   2.040518e+08    200s
  105628    7.2697104e+02   0.000000e+00   1.874652e+08    205s
  105758    7.2992447e+02   0.000000e+00   3.559060e+08    211s
  105908    7.3260608e+02   0.000000e+00   1.852277e+08    217s
  106048    7.3632381e+02   0.000000e+00   3.857143e+08    223s


Root relaxation: interrupted, 106073 iterations, 193.78 seconds

    Nodes    |    Current Node    |     Objective Bounds      |     Work
 Expl Unexpl |  Obj  Depth IntInf | Incumbent    BestBd   Gap | It/Node Time

     0     0          -    0        -0.00000 371238.714      -     -  224s

Explored 0 nodes (106073 simplex iterations) in 224.61 seconds
Thread count was 4 (of 4 available processors)

Solution count 1: -0 

Solve interrupted
Best objective -0.000000000000e+00, best bound 3.712387142832e+05, gap -
Warning: variable name "x[XSZH@Mon19:00:00,XSB@Mon19:53:00,0]" has a colon
Warning: constraint name "mass_bal_XSZH@Mon19:00:00_0" has a colon
Warning: to let Gurobi read it back, use rlp format

Gurobi 8.1.1 (mac64, Python) logging started Wed Aug  7 15:13:59 2019

Academic license - for non-commercial use only

Gurobi 8.1.1 (mac64, Python) logging started Wed Aug  7 15:15:01 2019

Academic license - for non-commercial use only

Gurobi 8.1.1 (mac64, Python) logging started Wed Aug  7 15:19:12 2019

Academic license - for non-commercial use only
Changed value of parameter MIPGap to 0.05
   Prev: 0.0001  Min: 0.0  Max: 1e+100  Default: 0.0001

Gurobi 8.1.1 (mac64, Python) logging started Wed Aug  7 15:20:28 2019

Academic license - for non-commercial use only
Changed value of parameter MIPGap to 0.05
   Prev: 0.0001  Min: 0.0  Max: 1e+100  Default: 0.0001
Optimize a model with 25102 rows, 35802 columns and 185117 nonzeros
Variable types: 10619 continuous, 25183 integer (25183 binary)
Coefficient statistics:
  Matrix range     [2e-02, 2e+09]
  Objective range  [1e+00, 7e+02]
  Bounds range     [1e+00, 1e+00]
  RHS range        [1e+00, 3e+04]
Warning: Model contains large matrix coefficients
         Consider reformulating model or setting NumericFocus parameter
         to avoid numerical issues.
Found heuristic solution: objective -0.0000000
Presolve removed 25102 rows and 35802 columns
Presolve time: 0.45s
Presolve: All rows and columns removed

Explored 0 nodes (0 simplex iterations) in 0.48 seconds
Thread count was 1 (of 4 available processors)

Solution count 2: 4.44089e-16 -0 

Optimal solution found (tolerance 5.00e-02)
Best objective 4.440892098501e-16, best bound 4.440892098501e-16, gap 0.0000%
Optimize a model with 25102 rows, 35802 columns and 185117 nonzeros
Variable types: 10619 continuous, 25183 integer (25183 binary)
Coefficient statistics:
  Matrix range     [2e-02, 2e+09]
  Objective range  [1e+00, 7e+02]
  Bounds range     [1e+00, 1e+00]
  RHS range        [1e+00, 3e+04]
Warning: Model contains large matrix coefficients
         Consider reformulating model or setting NumericFocus parameter
         to avoid numerical issues.

Loaded MIP start with objective -0

Presolve removed 11905 rows and 15262 columns
Presolve time: 2.71s
Presolved: 13197 rows, 20540 columns, 86470 nonzeros
Variable types: 4185 continuous, 16355 integer (16006 binary)

Root simplex log...

Iteration    Objective       Primal Inf.    Dual Inf.      Time
   23738    2.0847958e+05   1.455965e+05   0.000000e+00      5s
   32224    1.1873779e+05   1.871392e+05   0.000000e+00     10s
   39052    4.7795645e+04   2.101896e+04   0.000000e+00     15s
   44078    7.3691599e+03   0.000000e+00   0.000000e+00     19s

Root relaxation: objective 7.369160e+03, 44078 iterations, 16.01 seconds

    Nodes    |    Current Node    |     Objective Bounds      |     Work
 Expl Unexpl |  Obj  Depth IntInf | Incumbent    BestBd   Gap | It/Node Time

     0     0 7369.15992    0  398   -0.00000 7369.15992      -     -   19s
     0     0 7369.15992    0  398   -0.00000 7369.15992      -     -   44s

Cutting planes:
  Implied bound: 1
  MIR: 1
  Flow cover: 2
  GUB cover: 3

Explored 1 nodes (44095 simplex iterations) in 44.52 seconds
Thread count was 4 (of 4 available processors)

Solution count 1: -0 

Solve interrupted
Best objective -0.000000000000e+00, best bound 7.369159924668e+03, gap -
Optimize a model with 25102 rows, 35802 columns and 185117 nonzeros
Variable types: 10619 continuous, 25183 integer (25183 binary)
Coefficient statistics:
  Matrix range     [2e-02, 2e+09]
  Objective range  [1e+00, 7e+02]
  Bounds range     [1e+00, 1e+00]
  RHS range        [1e+00, 3e+04]
Warning: Model contains large matrix coefficients
         Consider reformulating model or setting NumericFocus parameter
         to avoid numerical issues.

Loaded MIP start with objective -0

Presolve removed 11151 rows and 13929 columns
Presolve time: 0.84s

Explored 0 nodes (0 simplex iterations) in 0.88 seconds
Thread count was 1 (of 4 available processors)

Solution count 1: -0 

Solve interrupted
Best objective -0.000000000000e+00, best bound -, gap -
Optimize a model with 25102 rows, 35802 columns and 185117 nonzeros
Variable types: 10619 continuous, 25183 integer (25183 binary)
Coefficient statistics:
  Matrix range     [2e-02, 2e+09]
  Objective range  [1e+00, 7e+02]
  Bounds range     [1e+00, 1e+00]
  RHS range        [1e+00, 3e+04]
Warning: Model contains large matrix coefficients
         Consider reformulating model or setting NumericFocus parameter
         to avoid numerical issues.

Loaded MIP start with objective -0

Presolve removed 4885 rows and 6106 columns
Presolve time: 0.14s

Explored 0 nodes (0 simplex iterations) in 0.18 seconds
Thread count was 1 (of 4 available processors)

Solution count 1: -0 

Solve interrupted
Best objective -0.000000000000e+00, best bound -, gap -

Gurobi 8.1.1 (mac64, Python) logging started Wed Aug  7 15:27:58 2019

Academic license - for non-commercial use only
